[0.011s] Invoking command in '/home/ininjame/ros2_projs/ros2_ws/build/tutorial_interfaces': CMAKE_PREFIX_PATH=${CMAKE_PREFIX_PATH}:/home/ininjame/ros2_projs/ros2_ws/install/py_pubsub:/opt/ros/humble /usr/bin/cmake /home/ininjame/ros2_projs/ros2_ws/src/tutorial_interfaces -DCMAKE_INSTALL_PREFIX=/home/ininjame/ros2_projs/ros2_ws/install/tutorial_interfaces
[0.349s] -- The C compiler identification is GNU 11.4.0
[1.092s] -- The CXX compiler identification is GNU 11.4.0
[1.777s] -- Detecting C compiler ABI info
[1.942s] -- Detecting C compiler ABI info - done
[1.947s] -- Check for working C compiler: /usr/bin/cc - skipped
[1.953s] -- Detecting C compile features
[1.953s] -- Detecting C compile features - done
[1.958s] -- Detecting CXX compiler ABI info
[2.109s] -- Detecting CXX compiler ABI info - done
[2.114s] -- Check for working CXX compiler: /usr/bin/c++ - skipped
[2.114s] -- Detecting CXX compile features
[2.114s] -- Detecting CXX compile features - done
[2.131s] -- Found ament_cmake: 1.3.10 (/opt/ros/humble/share/ament_cmake/cmake)
[2.247s] -- Found Python3: /usr/bin/python3 (found version "3.10.12") found components: Interpreter 
[2.323s] -- Found geometry_msgs: 4.2.4 (/opt/ros/humble/share/geometry_msgs/cmake)
[2.562s] -- Found rosidl_generator_c: 3.1.5 (/opt/ros/humble/share/rosidl_generator_c/cmake)
[2.567s] -- Found rosidl_adapter: 3.1.5 (/opt/ros/humble/share/rosidl_adapter/cmake)
[2.575s] -- Found rosidl_generator_cpp: 3.1.5 (/opt/ros/humble/share/rosidl_generator_cpp/cmake)
[2.592s] -- Using all available rosidl_typesupport_c: rosidl_typesupport_fastrtps_c;rosidl_typesupport_introspection_c
[2.608s] -- Using all available rosidl_typesupport_cpp: rosidl_typesupport_fastrtps_cpp;rosidl_typesupport_introspection_cpp
[2.656s] -- Found rosidl_default_generators: 1.2.0 (/opt/ros/humble/share/rosidl_default_generators/cmake)
[2.868s] -- Found ament_cmake_ros: 0.10.0 (/opt/ros/humble/share/ament_cmake_ros/cmake)
[3.162s] -- Using all available rosidl_typesupport_c: rosidl_typesupport_fastrtps_c;rosidl_typesupport_introspection_c
[3.262s] -- Using all available rosidl_typesupport_cpp: rosidl_typesupport_fastrtps_cpp;rosidl_typesupport_introspection_cpp
[3.538s] -- Found PythonInterp: /usr/bin/python3 (found suitable version "3.10.12", minimum required is "3.6") 
[3.540s] -- Found python_cmake_module: 0.10.0 (/opt/ros/humble/share/python_cmake_module/cmake)
[3.947s] -- Found PythonLibs: /usr/lib/x86_64-linux-gnu/libpython3.10.so (found suitable version "3.10.12", minimum required is "3.5") 
[3.947s] -- Using PYTHON_EXECUTABLE: /usr/bin/python3
[3.947s] -- Using PYTHON_INCLUDE_DIRS: /usr/include/python3.10
[3.948s] -- Using PYTHON_LIBRARIES: /usr/lib/x86_64-linux-gnu/libpython3.10.so
[3.967s] -- Found PythonExtra: .so  
[4.258s] -- Found ament_lint_auto: 0.12.11 (/opt/ros/humble/share/ament_lint_auto/cmake)
[4.283s] -- Added test 'lint_cmake' to check CMake code style
[4.285s] -- Added test 'xmllint' to check XML markup files
[4.287s] -- Configuring done
[4.326s] -- Generating done
[4.328s] -- Build files have been written to: /home/ininjame/ros2_projs/ros2_ws/build/tutorial_interfaces
[4.336s] Invoked command in '/home/ininjame/ros2_projs/ros2_ws/build/tutorial_interfaces' returned '0': CMAKE_PREFIX_PATH=${CMAKE_PREFIX_PATH}:/home/ininjame/ros2_projs/ros2_ws/install/py_pubsub:/opt/ros/humble /usr/bin/cmake /home/ininjame/ros2_projs/ros2_ws/src/tutorial_interfaces -DCMAKE_INSTALL_PREFIX=/home/ininjame/ros2_projs/ros2_ws/install/tutorial_interfaces
[4.338s] Invoking command in '/home/ininjame/ros2_projs/ros2_ws/build/tutorial_interfaces': CMAKE_PREFIX_PATH=${CMAKE_PREFIX_PATH}:/home/ininjame/ros2_projs/ros2_ws/install/py_pubsub:/opt/ros/humble /usr/bin/cmake --build /home/ininjame/ros2_projs/ros2_ws/build/tutorial_interfaces -- -j16 -l16
[4.359s] [  2%] [34m[1mGenerating C code for ROS interfaces[0m
[4.364s] [  4%] [34m[1mGenerating C++ code for ROS interfaces[0m
[4.368s] [  4%] Built target ament_cmake_python_copy_tutorial_interfaces
[4.503s] running egg_info
[4.503s] creating tutorial_interfaces.egg-info
[4.503s] writing tutorial_interfaces.egg-info/PKG-INFO
[4.503s] writing dependency_links to tutorial_interfaces.egg-info/dependency_links.txt
[4.503s] writing top-level names to tutorial_interfaces.egg-info/top_level.txt
[4.503s] writing manifest file 'tutorial_interfaces.egg-info/SOURCES.txt'
[4.506s] reading manifest file 'tutorial_interfaces.egg-info/SOURCES.txt'
[4.506s] writing manifest file 'tutorial_interfaces.egg-info/SOURCES.txt'
[4.523s] [  4%] Built target ament_cmake_python_build_tutorial_interfaces_egg
[4.573s] [  4%] Built target tutorial_interfaces__cpp
[4.579s] [ 10%] [34m[1mGenerating C++ introspection for ROS interfaces[0m
[4.579s] [ 10%] [34m[1mGenerating C++ type support dispatch for ROS interfaces[0m
[4.579s] [ 10%] [34m[1mGenerating C++ type support for eProsima Fast-RTPS[0m
[4.586s] [ 14%] [32mBuilding C object CMakeFiles/tutorial_interfaces__rosidl_generator_c.dir/rosidl_generator_c/tutorial_interfaces/msg/detail/num__functions.c.o[0m
[4.586s] [ 14%] [32mBuilding C object CMakeFiles/tutorial_interfaces__rosidl_generator_c.dir/rosidl_generator_c/tutorial_interfaces/msg/detail/sphere__functions.c.o[0m
[4.588s] [ 17%] [32mBuilding C object CMakeFiles/tutorial_interfaces__rosidl_generator_c.dir/rosidl_generator_c/tutorial_interfaces/srv/detail/add_three_ints__functions.c.o[0m
[4.649s] [ 19%] [32m[1mLinking C shared library libtutorial_interfaces__rosidl_generator_c.so[0m
[4.754s] [ 25%] [32mBuilding CXX object CMakeFiles/tutorial_interfaces__rosidl_typesupport_cpp.dir/rosidl_typesupport_cpp/tutorial_interfaces/srv/add_three_ints__type_support.cpp.o[0m
[4.754s] [ 25%] [32mBuilding CXX object CMakeFiles/tutorial_interfaces__rosidl_typesupport_cpp.dir/rosidl_typesupport_cpp/tutorial_interfaces/msg/sphere__type_support.cpp.o[0m
[4.754s] [ 25%] [32mBuilding CXX object CMakeFiles/tutorial_interfaces__rosidl_typesupport_cpp.dir/rosidl_typesupport_cpp/tutorial_interfaces/msg/num__type_support.cpp.o[0m
[4.772s] [ 27%] [32mBuilding CXX object CMakeFiles/tutorial_interfaces__rosidl_typesupport_introspection_cpp.dir/rosidl_typesupport_introspection_cpp/tutorial_interfaces/msg/detail/sphere__type_support.cpp.o[0m
[4.772s] [ 29%] [32mBuilding CXX object CMakeFiles/tutorial_interfaces__rosidl_typesupport_introspection_cpp.dir/rosidl_typesupport_introspection_cpp/tutorial_interfaces/srv/detail/add_three_ints__type_support.cpp.o[0m
[4.775s] [ 31%] [32mBuilding CXX object CMakeFiles/tutorial_interfaces__rosidl_typesupport_introspection_cpp.dir/rosidl_typesupport_introspection_cpp/tutorial_interfaces/msg/detail/num__type_support.cpp.o[0m
[4.787s] [ 31%] Built target tutorial_interfaces__rosidl_generator_c
[4.794s] [ 34%] [32mBuilding CXX object CMakeFiles/tutorial_interfaces__rosidl_typesupport_fastrtps_cpp.dir/rosidl_typesupport_fastrtps_cpp/tutorial_interfaces/msg/detail/dds_fastrtps/sphere__type_support.cpp.o[0m
[4.795s] [ 36%] [32mBuilding CXX object CMakeFiles/tutorial_interfaces__rosidl_typesupport_fastrtps_cpp.dir/rosidl_typesupport_fastrtps_cpp/tutorial_interfaces/srv/detail/dds_fastrtps/add_three_ints__type_support.cpp.o[0m
[4.795s] [ 38%] [32mBuilding CXX object CMakeFiles/tutorial_interfaces__rosidl_typesupport_fastrtps_cpp.dir/rosidl_typesupport_fastrtps_cpp/tutorial_interfaces/msg/detail/dds_fastrtps/num__type_support.cpp.o[0m
[4.798s] [ 40%] [34m[1mGenerating C type support for eProsima Fast-RTPS[0m
[4.800s] [ 42%] [34m[1mGenerating C type support dispatch for ROS interfaces[0m
[4.802s] [ 44%] [34m[1mGenerating C introspection for ROS interfaces[0m
[5.106s] [ 48%] [32mBuilding CXX object CMakeFiles/tutorial_interfaces__rosidl_typesupport_c.dir/rosidl_typesupport_c/tutorial_interfaces/msg/num__type_support.cpp.o[0m
[5.106s] [ 48%] [32mBuilding CXX object CMakeFiles/tutorial_interfaces__rosidl_typesupport_c.dir/rosidl_typesupport_c/tutorial_interfaces/msg/sphere__type_support.cpp.o[0m
[5.111s] [ 51%] [32mBuilding CXX object CMakeFiles/tutorial_interfaces__rosidl_typesupport_c.dir/rosidl_typesupport_c/tutorial_interfaces/srv/add_three_ints__type_support.cpp.o[0m
[5.116s] [ 53%] [32m[1mLinking CXX shared library libtutorial_interfaces__rosidl_typesupport_cpp.so[0m
[5.136s] [ 55%] [32mBuilding C object CMakeFiles/tutorial_interfaces__rosidl_typesupport_introspection_c.dir/rosidl_typesupport_introspection_c/tutorial_interfaces/msg/detail/num__type_support.c.o[0m
[5.137s] [ 57%] [32mBuilding C object CMakeFiles/tutorial_interfaces__rosidl_typesupport_introspection_c.dir/rosidl_typesupport_introspection_c/tutorial_interfaces/msg/detail/sphere__type_support.c.o[0m
[5.140s] [ 59%] [32mBuilding C object CMakeFiles/tutorial_interfaces__rosidl_typesupport_introspection_c.dir/rosidl_typesupport_introspection_c/tutorial_interfaces/srv/detail/add_three_ints__type_support.c.o[0m
[5.146s] [ 61%] [32m[1mLinking CXX shared library libtutorial_interfaces__rosidl_typesupport_c.so[0m
[5.169s] [ 63%] [32mBuilding CXX object CMakeFiles/tutorial_interfaces__rosidl_typesupport_fastrtps_c.dir/rosidl_typesupport_fastrtps_c/tutorial_interfaces/msg/detail/sphere__type_support_c.cpp.o[0m
[5.172s] [ 65%] [32mBuilding CXX object CMakeFiles/tutorial_interfaces__rosidl_typesupport_fastrtps_c.dir/rosidl_typesupport_fastrtps_c/tutorial_interfaces/srv/detail/add_three_ints__type_support_c.cpp.o[0m
[5.172s] [ 68%] [32mBuilding CXX object CMakeFiles/tutorial_interfaces__rosidl_typesupport_fastrtps_c.dir/rosidl_typesupport_fastrtps_c/tutorial_interfaces/msg/detail/num__type_support_c.cpp.o[0m
[5.189s] [ 70%] [32m[1mLinking C shared library libtutorial_interfaces__rosidl_typesupport_introspection_c.so[0m
[5.252s] [ 72%] [32m[1mLinking CXX shared library libtutorial_interfaces__rosidl_typesupport_introspection_cpp.so[0m
[5.256s] [ 72%] Built target tutorial_interfaces__rosidl_typesupport_cpp
[5.270s] [ 72%] Built target tutorial_interfaces__rosidl_typesupport_c
[5.271s] [ 74%] [32m[1mLinking CXX shared library libtutorial_interfaces__rosidl_typesupport_fastrtps_cpp.so[0m
[5.311s] [ 74%] Built target tutorial_interfaces__rosidl_typesupport_introspection_c
[5.416s] [ 74%] Built target tutorial_interfaces__rosidl_typesupport_introspection_cpp
[5.424s] [ 76%] [32m[1mLinking CXX shared library libtutorial_interfaces__rosidl_typesupport_fastrtps_c.so[0m
[5.436s] [ 76%] Built target tutorial_interfaces__rosidl_typesupport_fastrtps_cpp
[5.613s] [ 76%] Built target tutorial_interfaces__rosidl_typesupport_fastrtps_c
[5.624s] [ 76%] Built target tutorial_interfaces
[5.638s] [ 78%] [34m[1mGenerating Python code for ROS interfaces[0m
[5.960s] [ 78%] Built target tutorial_interfaces__py
[5.971s] [ 82%] [32mBuilding C object CMakeFiles/tutorial_interfaces__rosidl_generator_py.dir/rosidl_generator_py/tutorial_interfaces/msg/_sphere_s.c.o[0m
[5.971s] [ 82%] [32mBuilding C object CMakeFiles/tutorial_interfaces__rosidl_generator_py.dir/rosidl_generator_py/tutorial_interfaces/msg/_num_s.c.o[0m
[5.971s] [ 85%] [32mBuilding C object CMakeFiles/tutorial_interfaces__rosidl_generator_py.dir/rosidl_generator_py/tutorial_interfaces/srv/_add_three_ints_s.c.o[0m
[6.067s] [ 87%] [32m[1mLinking C shared library rosidl_generator_py/tutorial_interfaces/libtutorial_interfaces__rosidl_generator_py.so[0m
[6.170s] [ 87%] Built target tutorial_interfaces__rosidl_generator_py
[6.180s] [ 93%] [32mBuilding C object CMakeFiles/tutorial_interfaces__rosidl_typesupport_fastrtps_c__pyext.dir/rosidl_generator_py/tutorial_interfaces/_tutorial_interfaces_s.ep.rosidl_typesupport_fastrtps_c.c.o[0m
[6.180s] [ 93%] [32mBuilding C object CMakeFiles/tutorial_interfaces__rosidl_typesupport_introspection_c__pyext.dir/rosidl_generator_py/tutorial_interfaces/_tutorial_interfaces_s.ep.rosidl_typesupport_introspection_c.c.o[0m
[6.180s] [ 93%] [32mBuilding C object CMakeFiles/tutorial_interfaces__rosidl_typesupport_c__pyext.dir/rosidl_generator_py/tutorial_interfaces/_tutorial_interfaces_s.ep.rosidl_typesupport_c.c.o[0m
[6.239s] [ 95%] [32m[1mLinking C shared library rosidl_generator_py/tutorial_interfaces/tutorial_interfaces_s__rosidl_typesupport_fastrtps_c.cpython-310-x86_64-linux-gnu.so[0m
[6.241s] [100%] [32m[1mLinking C shared library rosidl_generator_py/tutorial_interfaces/tutorial_interfaces_s__rosidl_typesupport_introspection_c.cpython-310-x86_64-linux-gnu.so[0m
[6.241s] [100%] [32m[1mLinking C shared library rosidl_generator_py/tutorial_interfaces/tutorial_interfaces_s__rosidl_typesupport_c.cpython-310-x86_64-linux-gnu.so[0m
[6.338s] [100%] Built target tutorial_interfaces__rosidl_typesupport_fastrtps_c__pyext
[6.339s] [100%] Built target tutorial_interfaces__rosidl_typesupport_c__pyext
[6.340s] [100%] Built target tutorial_interfaces__rosidl_typesupport_introspection_c__pyext
[6.348s] Invoked command in '/home/ininjame/ros2_projs/ros2_ws/build/tutorial_interfaces' returned '0': CMAKE_PREFIX_PATH=${CMAKE_PREFIX_PATH}:/home/ininjame/ros2_projs/ros2_ws/install/py_pubsub:/opt/ros/humble /usr/bin/cmake --build /home/ininjame/ros2_projs/ros2_ws/build/tutorial_interfaces -- -j16 -l16
[6.396s] Invoking command in '/home/ininjame/ros2_projs/ros2_ws/build/tutorial_interfaces': CMAKE_PREFIX_PATH=${CMAKE_PREFIX_PATH}:/home/ininjame/ros2_projs/ros2_ws/install/py_pubsub:/opt/ros/humble /usr/bin/cmake --install /home/ininjame/ros2_projs/ros2_ws/build/tutorial_interfaces
[6.400s] -- Install configuration: ""
[6.400s] -- Installing: /home/ininjame/ros2_projs/ros2_ws/install/tutorial_interfaces/share/ament_index/resource_index/rosidl_interfaces/tutorial_interfaces
[6.400s] -- Installing: /home/ininjame/ros2_projs/ros2_ws/install/tutorial_interfaces/include/tutorial_interfaces/tutorial_interfaces
[6.400s] -- Installing: /home/ininjame/ros2_projs/ros2_ws/install/tutorial_interfaces/include/tutorial_interfaces/tutorial_interfaces/msg
[6.401s] -- Installing: /home/ininjame/ros2_projs/ros2_ws/install/tutorial_interfaces/include/tutorial_interfaces/tutorial_interfaces/msg/rosidl_generator_c__visibility_control.h
[6.401s] -- Installing: /home/ininjame/ros2_projs/ros2_ws/install/tutorial_interfaces/include/tutorial_interfaces/tutorial_interfaces/msg/num.h
[6.401s] -- Installing: /home/ininjame/ros2_projs/ros2_ws/install/tutorial_interfaces/include/tutorial_interfaces/tutorial_interfaces/msg/detail
[6.401s] -- Installing: /home/ininjame/ros2_projs/ros2_ws/install/tutorial_interfaces/include/tutorial_interfaces/tutorial_interfaces/msg/detail/sphere__type_support.h
[6.401s] -- Installing: /home/ininjame/ros2_projs/ros2_ws/install/tutorial_interfaces/include/tutorial_interfaces/tutorial_interfaces/msg/detail/num__type_support.h
[6.401s] -- Installing: /home/ininjame/ros2_projs/ros2_ws/install/tutorial_interfaces/include/tutorial_interfaces/tutorial_interfaces/msg/detail/sphere__struct.h
[6.402s] -- Installing: /home/ininjame/ros2_projs/ros2_ws/install/tutorial_interfaces/include/tutorial_interfaces/tutorial_interfaces/msg/detail/num__functions.h
[6.402s] -- Installing: /home/ininjame/ros2_projs/ros2_ws/install/tutorial_interfaces/include/tutorial_interfaces/tutorial_interfaces/msg/detail/sphere__functions.c
[6.402s] -- Installing: /home/ininjame/ros2_projs/ros2_ws/install/tutorial_interfaces/include/tutorial_interfaces/tutorial_interfaces/msg/detail/sphere__functions.h
[6.402s] -- Installing: /home/ininjame/ros2_projs/ros2_ws/install/tutorial_interfaces/include/tutorial_interfaces/tutorial_interfaces/msg/detail/num__functions.c
[6.402s] -- Installing: /home/ininjame/ros2_projs/ros2_ws/install/tutorial_interfaces/include/tutorial_interfaces/tutorial_interfaces/msg/detail/num__struct.h
[6.402s] -- Installing: /home/ininjame/ros2_projs/ros2_ws/install/tutorial_interfaces/include/tutorial_interfaces/tutorial_interfaces/msg/sphere.h
[6.402s] -- Installing: /home/ininjame/ros2_projs/ros2_ws/install/tutorial_interfaces/include/tutorial_interfaces/tutorial_interfaces/srv
[6.402s] -- Installing: /home/ininjame/ros2_projs/ros2_ws/install/tutorial_interfaces/include/tutorial_interfaces/tutorial_interfaces/srv/detail
[6.402s] -- Installing: /home/ininjame/ros2_projs/ros2_ws/install/tutorial_interfaces/include/tutorial_interfaces/tutorial_interfaces/srv/detail/add_three_ints__functions.h
[6.402s] -- Installing: /home/ininjame/ros2_projs/ros2_ws/install/tutorial_interfaces/include/tutorial_interfaces/tutorial_interfaces/srv/detail/add_three_ints__struct.h
[6.402s] -- Installing: /home/ininjame/ros2_projs/ros2_ws/install/tutorial_interfaces/include/tutorial_interfaces/tutorial_interfaces/srv/detail/add_three_ints__functions.c
[6.402s] -- Installing: /home/ininjame/ros2_projs/ros2_ws/install/tutorial_interfaces/include/tutorial_interfaces/tutorial_interfaces/srv/detail/add_three_ints__type_support.h
[6.402s] -- Installing: /home/ininjame/ros2_projs/ros2_ws/install/tutorial_interfaces/include/tutorial_interfaces/tutorial_interfaces/srv/add_three_ints.h
[6.402s] -- Installing: /home/ininjame/ros2_projs/ros2_ws/install/tutorial_interfaces/share/tutorial_interfaces/environment/library_path.sh
[6.402s] -- Installing: /home/ininjame/ros2_projs/ros2_ws/install/tutorial_interfaces/share/tutorial_interfaces/environment/library_path.dsv
[6.403s] -- Installing: /home/ininjame/ros2_projs/ros2_ws/install/tutorial_interfaces/lib/libtutorial_interfaces__rosidl_generator_c.so
[6.403s] -- Set runtime path of "/home/ininjame/ros2_projs/ros2_ws/install/tutorial_interfaces/lib/libtutorial_interfaces__rosidl_generator_c.so" to ""
[6.403s] -- Up-to-date: /home/ininjame/ros2_projs/ros2_ws/install/tutorial_interfaces/include/tutorial_interfaces/tutorial_interfaces
[6.403s] -- Up-to-date: /home/ininjame/ros2_projs/ros2_ws/install/tutorial_interfaces/include/tutorial_interfaces/tutorial_interfaces/msg
[6.403s] -- Up-to-date: /home/ininjame/ros2_projs/ros2_ws/install/tutorial_interfaces/include/tutorial_interfaces/tutorial_interfaces/msg/detail
[6.403s] -- Installing: /home/ininjame/ros2_projs/ros2_ws/install/tutorial_interfaces/include/tutorial_interfaces/tutorial_interfaces/msg/detail/num__rosidl_typesupport_fastrtps_c.h
[6.403s] -- Installing: /home/ininjame/ros2_projs/ros2_ws/install/tutorial_interfaces/include/tutorial_interfaces/tutorial_interfaces/msg/detail/sphere__rosidl_typesupport_fastrtps_c.h
[6.403s] -- Installing: /home/ininjame/ros2_projs/ros2_ws/install/tutorial_interfaces/include/tutorial_interfaces/tutorial_interfaces/msg/rosidl_typesupport_fastrtps_c__visibility_control.h
[6.403s] -- Up-to-date: /home/ininjame/ros2_projs/ros2_ws/install/tutorial_interfaces/include/tutorial_interfaces/tutorial_interfaces/srv
[6.403s] -- Up-to-date: /home/ininjame/ros2_projs/ros2_ws/install/tutorial_interfaces/include/tutorial_interfaces/tutorial_interfaces/srv/detail
[6.403s] -- Installing: /home/ininjame/ros2_projs/ros2_ws/install/tutorial_interfaces/include/tutorial_interfaces/tutorial_interfaces/srv/detail/add_three_ints__rosidl_typesupport_fastrtps_c.h
[6.404s] -- Installing: /home/ininjame/ros2_projs/ros2_ws/install/tutorial_interfaces/lib/libtutorial_interfaces__rosidl_typesupport_fastrtps_c.so
[6.404s] -- Set runtime path of "/home/ininjame/ros2_projs/ros2_ws/install/tutorial_interfaces/lib/libtutorial_interfaces__rosidl_typesupport_fastrtps_c.so" to ""
[6.404s] -- Up-to-date: /home/ininjame/ros2_projs/ros2_ws/install/tutorial_interfaces/include/tutorial_interfaces/tutorial_interfaces
[6.404s] -- Up-to-date: /home/ininjame/ros2_projs/ros2_ws/install/tutorial_interfaces/include/tutorial_interfaces/tutorial_interfaces/msg
[6.404s] -- Installing: /home/ininjame/ros2_projs/ros2_ws/install/tutorial_interfaces/include/tutorial_interfaces/tutorial_interfaces/msg/num.hpp
[6.404s] -- Installing: /home/ininjame/ros2_projs/ros2_ws/install/tutorial_interfaces/include/tutorial_interfaces/tutorial_interfaces/msg/sphere.hpp
[6.404s] -- Up-to-date: /home/ininjame/ros2_projs/ros2_ws/install/tutorial_interfaces/include/tutorial_interfaces/tutorial_interfaces/msg/detail
[6.404s] -- Installing: /home/ininjame/ros2_projs/ros2_ws/install/tutorial_interfaces/include/tutorial_interfaces/tutorial_interfaces/msg/detail/num__traits.hpp
[6.404s] -- Installing: /home/ininjame/ros2_projs/ros2_ws/install/tutorial_interfaces/include/tutorial_interfaces/tutorial_interfaces/msg/detail/sphere__traits.hpp
[6.404s] -- Installing: /home/ininjame/ros2_projs/ros2_ws/install/tutorial_interfaces/include/tutorial_interfaces/tutorial_interfaces/msg/detail/sphere__builder.hpp
[6.404s] -- Installing: /home/ininjame/ros2_projs/ros2_ws/install/tutorial_interfaces/include/tutorial_interfaces/tutorial_interfaces/msg/detail/num__builder.hpp
[6.405s] -- Installing: /home/ininjame/ros2_projs/ros2_ws/install/tutorial_interfaces/include/tutorial_interfaces/tutorial_interfaces/msg/detail/sphere__struct.hpp
[6.405s] -- Installing: /home/ininjame/ros2_projs/ros2_ws/install/tutorial_interfaces/include/tutorial_interfaces/tutorial_interfaces/msg/detail/num__struct.hpp
[6.405s] -- Up-to-date: /home/ininjame/ros2_projs/ros2_ws/install/tutorial_interfaces/include/tutorial_interfaces/tutorial_interfaces/srv
[6.405s] -- Up-to-date: /home/ininjame/ros2_projs/ros2_ws/install/tutorial_interfaces/include/tutorial_interfaces/tutorial_interfaces/srv/detail
[6.405s] -- Installing: /home/ininjame/ros2_projs/ros2_ws/install/tutorial_interfaces/include/tutorial_interfaces/tutorial_interfaces/srv/detail/add_three_ints__builder.hpp
[6.405s] -- Installing: /home/ininjame/ros2_projs/ros2_ws/install/tutorial_interfaces/include/tutorial_interfaces/tutorial_interfaces/srv/detail/add_three_ints__struct.hpp
[6.405s] -- Installing: /home/ininjame/ros2_projs/ros2_ws/install/tutorial_interfaces/include/tutorial_interfaces/tutorial_interfaces/srv/detail/add_three_ints__traits.hpp
[6.405s] -- Installing: /home/ininjame/ros2_projs/ros2_ws/install/tutorial_interfaces/include/tutorial_interfaces/tutorial_interfaces/srv/add_three_ints.hpp
[6.405s] -- Up-to-date: /home/ininjame/ros2_projs/ros2_ws/install/tutorial_interfaces/include/tutorial_interfaces/tutorial_interfaces
[6.405s] -- Up-to-date: /home/ininjame/ros2_projs/ros2_ws/install/tutorial_interfaces/include/tutorial_interfaces/tutorial_interfaces/msg
[6.405s] -- Installing: /home/ininjame/ros2_projs/ros2_ws/install/tutorial_interfaces/include/tutorial_interfaces/tutorial_interfaces/msg/rosidl_typesupport_fastrtps_cpp__visibility_control.h
[6.405s] -- Up-to-date: /home/ininjame/ros2_projs/ros2_ws/install/tutorial_interfaces/include/tutorial_interfaces/tutorial_interfaces/msg/detail
[6.405s] -- Installing: /home/ininjame/ros2_projs/ros2_ws/install/tutorial_interfaces/include/tutorial_interfaces/tutorial_interfaces/msg/detail/num__rosidl_typesupport_fastrtps_cpp.hpp
[6.405s] -- Installing: /home/ininjame/ros2_projs/ros2_ws/install/tutorial_interfaces/include/tutorial_interfaces/tutorial_interfaces/msg/detail/sphere__rosidl_typesupport_fastrtps_cpp.hpp
[6.406s] -- Installing: /home/ininjame/ros2_projs/ros2_ws/install/tutorial_interfaces/include/tutorial_interfaces/tutorial_interfaces/msg/detail/dds_fastrtps
[6.406s] -- Up-to-date: /home/ininjame/ros2_projs/ros2_ws/install/tutorial_interfaces/include/tutorial_interfaces/tutorial_interfaces/srv
[6.406s] -- Up-to-date: /home/ininjame/ros2_projs/ros2_ws/install/tutorial_interfaces/include/tutorial_interfaces/tutorial_interfaces/srv/detail
[6.406s] -- Installing: /home/ininjame/ros2_projs/ros2_ws/install/tutorial_interfaces/include/tutorial_interfaces/tutorial_interfaces/srv/detail/add_three_ints__rosidl_typesupport_fastrtps_cpp.hpp
[6.406s] -- Installing: /home/ininjame/ros2_projs/ros2_ws/install/tutorial_interfaces/include/tutorial_interfaces/tutorial_interfaces/srv/detail/dds_fastrtps
[6.406s] -- Installing: /home/ininjame/ros2_projs/ros2_ws/install/tutorial_interfaces/lib/libtutorial_interfaces__rosidl_typesupport_fastrtps_cpp.so
[6.406s] -- Set runtime path of "/home/ininjame/ros2_projs/ros2_ws/install/tutorial_interfaces/lib/libtutorial_interfaces__rosidl_typesupport_fastrtps_cpp.so" to ""
[6.406s] -- Up-to-date: /home/ininjame/ros2_projs/ros2_ws/install/tutorial_interfaces/include/tutorial_interfaces/tutorial_interfaces
[6.406s] -- Up-to-date: /home/ininjame/ros2_projs/ros2_ws/install/tutorial_interfaces/include/tutorial_interfaces/tutorial_interfaces/msg
[6.406s] -- Installing: /home/ininjame/ros2_projs/ros2_ws/install/tutorial_interfaces/include/tutorial_interfaces/tutorial_interfaces/msg/rosidl_typesupport_introspection_c__visibility_control.h
[6.406s] -- Up-to-date: /home/ininjame/ros2_projs/ros2_ws/install/tutorial_interfaces/include/tutorial_interfaces/tutorial_interfaces/msg/detail
[6.406s] -- Installing: /home/ininjame/ros2_projs/ros2_ws/install/tutorial_interfaces/include/tutorial_interfaces/tutorial_interfaces/msg/detail/sphere__type_support.c
[6.406s] -- Installing: /home/ininjame/ros2_projs/ros2_ws/install/tutorial_interfaces/include/tutorial_interfaces/tutorial_interfaces/msg/detail/num__rosidl_typesupport_introspection_c.h
[6.406s] -- Installing: /home/ininjame/ros2_projs/ros2_ws/install/tutorial_interfaces/include/tutorial_interfaces/tutorial_interfaces/msg/detail/sphere__rosidl_typesupport_introspection_c.h
[6.406s] -- Installing: /home/ininjame/ros2_projs/ros2_ws/install/tutorial_interfaces/include/tutorial_interfaces/tutorial_interfaces/msg/detail/num__type_support.c
[6.406s] -- Up-to-date: /home/ininjame/ros2_projs/ros2_ws/install/tutorial_interfaces/include/tutorial_interfaces/tutorial_interfaces/srv
[6.406s] -- Up-to-date: /home/ininjame/ros2_projs/ros2_ws/install/tutorial_interfaces/include/tutorial_interfaces/tutorial_interfaces/srv/detail
[6.406s] -- Installing: /home/ininjame/ros2_projs/ros2_ws/install/tutorial_interfaces/include/tutorial_interfaces/tutorial_interfaces/srv/detail/add_three_ints__type_support.c
[6.406s] -- Installing: /home/ininjame/ros2_projs/ros2_ws/install/tutorial_interfaces/include/tutorial_interfaces/tutorial_interfaces/srv/detail/add_three_ints__rosidl_typesupport_introspection_c.h
[6.407s] -- Installing: /home/ininjame/ros2_projs/ros2_ws/install/tutorial_interfaces/lib/libtutorial_interfaces__rosidl_typesupport_introspection_c.so
[6.407s] -- Set runtime path of "/home/ininjame/ros2_projs/ros2_ws/install/tutorial_interfaces/lib/libtutorial_interfaces__rosidl_typesupport_introspection_c.so" to ""
[6.407s] -- Installing: /home/ininjame/ros2_projs/ros2_ws/install/tutorial_interfaces/lib/libtutorial_interfaces__rosidl_typesupport_c.so
[6.407s] -- Set runtime path of "/home/ininjame/ros2_projs/ros2_ws/install/tutorial_interfaces/lib/libtutorial_interfaces__rosidl_typesupport_c.so" to ""
[6.408s] -- Up-to-date: /home/ininjame/ros2_projs/ros2_ws/install/tutorial_interfaces/include/tutorial_interfaces/tutorial_interfaces
[6.408s] -- Up-to-date: /home/ininjame/ros2_projs/ros2_ws/install/tutorial_interfaces/include/tutorial_interfaces/tutorial_interfaces/msg
[6.408s] -- Up-to-date: /home/ininjame/ros2_projs/ros2_ws/install/tutorial_interfaces/include/tutorial_interfaces/tutorial_interfaces/msg/detail
[6.408s] -- Installing: /home/ininjame/ros2_projs/ros2_ws/install/tutorial_interfaces/include/tutorial_interfaces/tutorial_interfaces/msg/detail/num__rosidl_typesupport_introspection_cpp.hpp
[6.408s] -- Installing: /home/ininjame/ros2_projs/ros2_ws/install/tutorial_interfaces/include/tutorial_interfaces/tutorial_interfaces/msg/detail/sphere__rosidl_typesupport_introspection_cpp.hpp
[6.408s] -- Installing: /home/ininjame/ros2_projs/ros2_ws/install/tutorial_interfaces/include/tutorial_interfaces/tutorial_interfaces/msg/detail/sphere__type_support.cpp
[6.408s] -- Installing: /home/ininjame/ros2_projs/ros2_ws/install/tutorial_interfaces/include/tutorial_interfaces/tutorial_interfaces/msg/detail/num__type_support.cpp
[6.408s] -- Up-to-date: /home/ininjame/ros2_projs/ros2_ws/install/tutorial_interfaces/include/tutorial_interfaces/tutorial_interfaces/srv
[6.408s] -- Up-to-date: /home/ininjame/ros2_projs/ros2_ws/install/tutorial_interfaces/include/tutorial_interfaces/tutorial_interfaces/srv/detail
[6.408s] -- Installing: /home/ininjame/ros2_projs/ros2_ws/install/tutorial_interfaces/include/tutorial_interfaces/tutorial_interfaces/srv/detail/add_three_ints__rosidl_typesupport_introspection_cpp.hpp
[6.408s] -- Installing: /home/ininjame/ros2_projs/ros2_ws/install/tutorial_interfaces/include/tutorial_interfaces/tutorial_interfaces/srv/detail/add_three_ints__type_support.cpp
[6.408s] -- Installing: /home/ininjame/ros2_projs/ros2_ws/install/tutorial_interfaces/lib/libtutorial_interfaces__rosidl_typesupport_introspection_cpp.so
[6.408s] -- Set runtime path of "/home/ininjame/ros2_projs/ros2_ws/install/tutorial_interfaces/lib/libtutorial_interfaces__rosidl_typesupport_introspection_cpp.so" to ""
[6.409s] -- Installing: /home/ininjame/ros2_projs/ros2_ws/install/tutorial_interfaces/lib/libtutorial_interfaces__rosidl_typesupport_cpp.so
[6.409s] -- Set runtime path of "/home/ininjame/ros2_projs/ros2_ws/install/tutorial_interfaces/lib/libtutorial_interfaces__rosidl_typesupport_cpp.so" to ""
[6.409s] -- Installing: /home/ininjame/ros2_projs/ros2_ws/install/tutorial_interfaces/share/tutorial_interfaces/environment/pythonpath.sh
[6.409s] -- Installing: /home/ininjame/ros2_projs/ros2_ws/install/tutorial_interfaces/share/tutorial_interfaces/environment/pythonpath.dsv
[6.409s] -- Installing: /home/ininjame/ros2_projs/ros2_ws/install/tutorial_interfaces/local/lib/python3.10/dist-packages/tutorial_interfaces-0.0.0-py3.10.egg-info
[6.409s] -- Installing: /home/ininjame/ros2_projs/ros2_ws/install/tutorial_interfaces/local/lib/python3.10/dist-packages/tutorial_interfaces-0.0.0-py3.10.egg-info/top_level.txt
[6.409s] -- Installing: /home/ininjame/ros2_projs/ros2_ws/install/tutorial_interfaces/local/lib/python3.10/dist-packages/tutorial_interfaces-0.0.0-py3.10.egg-info/PKG-INFO
[6.409s] -- Installing: /home/ininjame/ros2_projs/ros2_ws/install/tutorial_interfaces/local/lib/python3.10/dist-packages/tutorial_interfaces-0.0.0-py3.10.egg-info/dependency_links.txt
[6.410s] -- Installing: /home/ininjame/ros2_projs/ros2_ws/install/tutorial_interfaces/local/lib/python3.10/dist-packages/tutorial_interfaces-0.0.0-py3.10.egg-info/SOURCES.txt
[6.410s] -- Installing: /home/ininjame/ros2_projs/ros2_ws/install/tutorial_interfaces/local/lib/python3.10/dist-packages/tutorial_interfaces
[6.410s] -- Installing: /home/ininjame/ros2_projs/ros2_ws/install/tutorial_interfaces/local/lib/python3.10/dist-packages/tutorial_interfaces/tutorial_interfaces_s__rosidl_typesupport_c.cpython-310-x86_64-linux-gnu.so
[6.410s] -- Installing: /home/ininjame/ros2_projs/ros2_ws/install/tutorial_interfaces/local/lib/python3.10/dist-packages/tutorial_interfaces/tutorial_interfaces_s__rosidl_typesupport_fastrtps_c.cpython-310-x86_64-linux-gnu.so
[6.410s] -- Installing: /home/ininjame/ros2_projs/ros2_ws/install/tutorial_interfaces/local/lib/python3.10/dist-packages/tutorial_interfaces/_tutorial_interfaces_s.ep.rosidl_typesupport_fastrtps_c.c
[6.410s] -- Installing: /home/ininjame/ros2_projs/ros2_ws/install/tutorial_interfaces/local/lib/python3.10/dist-packages/tutorial_interfaces/libtutorial_interfaces__rosidl_generator_py.so
[6.410s] -- Installing: /home/ininjame/ros2_projs/ros2_ws/install/tutorial_interfaces/local/lib/python3.10/dist-packages/tutorial_interfaces/msg
[6.410s] -- Installing: /home/ininjame/ros2_projs/ros2_ws/install/tutorial_interfaces/local/lib/python3.10/dist-packages/tutorial_interfaces/msg/_num.py
[6.410s] -- Installing: /home/ininjame/ros2_projs/ros2_ws/install/tutorial_interfaces/local/lib/python3.10/dist-packages/tutorial_interfaces/msg/_sphere.py
[6.410s] -- Installing: /home/ininjame/ros2_projs/ros2_ws/install/tutorial_interfaces/local/lib/python3.10/dist-packages/tutorial_interfaces/msg/_sphere_s.c
[6.410s] -- Installing: /home/ininjame/ros2_projs/ros2_ws/install/tutorial_interfaces/local/lib/python3.10/dist-packages/tutorial_interfaces/msg/_num_s.c
[6.411s] -- Installing: /home/ininjame/ros2_projs/ros2_ws/install/tutorial_interfaces/local/lib/python3.10/dist-packages/tutorial_interfaces/msg/__init__.py
[6.411s] -- Installing: /home/ininjame/ros2_projs/ros2_ws/install/tutorial_interfaces/local/lib/python3.10/dist-packages/tutorial_interfaces/srv
[6.411s] -- Installing: /home/ininjame/ros2_projs/ros2_ws/install/tutorial_interfaces/local/lib/python3.10/dist-packages/tutorial_interfaces/srv/_add_three_ints_s.c
[6.411s] -- Installing: /home/ininjame/ros2_projs/ros2_ws/install/tutorial_interfaces/local/lib/python3.10/dist-packages/tutorial_interfaces/srv/__init__.py
[6.411s] -- Installing: /home/ininjame/ros2_projs/ros2_ws/install/tutorial_interfaces/local/lib/python3.10/dist-packages/tutorial_interfaces/srv/_add_three_ints.py
[6.411s] -- Installing: /home/ininjame/ros2_projs/ros2_ws/install/tutorial_interfaces/local/lib/python3.10/dist-packages/tutorial_interfaces/_tutorial_interfaces_s.ep.rosidl_typesupport_c.c
[6.411s] -- Installing: /home/ininjame/ros2_projs/ros2_ws/install/tutorial_interfaces/local/lib/python3.10/dist-packages/tutorial_interfaces/tutorial_interfaces_s__rosidl_typesupport_introspection_c.cpython-310-x86_64-linux-gnu.so
[6.411s] -- Installing: /home/ininjame/ros2_projs/ros2_ws/install/tutorial_interfaces/local/lib/python3.10/dist-packages/tutorial_interfaces/__init__.py
[6.411s] -- Installing: /home/ininjame/ros2_projs/ros2_ws/install/tutorial_interfaces/local/lib/python3.10/dist-packages/tutorial_interfaces/_tutorial_interfaces_s.ep.rosidl_typesupport_introspection_c.c
[6.445s] Listing '/home/ininjame/ros2_projs/ros2_ws/install/tutorial_interfaces/local/lib/python3.10/dist-packages/tutorial_interfaces'...
[6.445s] Compiling '/home/ininjame/ros2_projs/ros2_ws/install/tutorial_interfaces/local/lib/python3.10/dist-packages/tutorial_interfaces/__init__.py'...
[6.445s] Listing '/home/ininjame/ros2_projs/ros2_ws/install/tutorial_interfaces/local/lib/python3.10/dist-packages/tutorial_interfaces/msg'...
[6.445s] Compiling '/home/ininjame/ros2_projs/ros2_ws/install/tutorial_interfaces/local/lib/python3.10/dist-packages/tutorial_interfaces/msg/__init__.py'...
[6.445s] Compiling '/home/ininjame/ros2_projs/ros2_ws/install/tutorial_interfaces/local/lib/python3.10/dist-packages/tutorial_interfaces/msg/_num.py'...
[6.445s] Compiling '/home/ininjame/ros2_projs/ros2_ws/install/tutorial_interfaces/local/lib/python3.10/dist-packages/tutorial_interfaces/msg/_sphere.py'...
[6.445s] Listing '/home/ininjame/ros2_projs/ros2_ws/install/tutorial_interfaces/local/lib/python3.10/dist-packages/tutorial_interfaces/srv'...
[6.446s] Compiling '/home/ininjame/ros2_projs/ros2_ws/install/tutorial_interfaces/local/lib/python3.10/dist-packages/tutorial_interfaces/srv/__init__.py'...
[6.446s] Compiling '/home/ininjame/ros2_projs/ros2_ws/install/tutorial_interfaces/local/lib/python3.10/dist-packages/tutorial_interfaces/srv/_add_three_ints.py'...
[6.449s] -- Installing: /home/ininjame/ros2_projs/ros2_ws/install/tutorial_interfaces/local/lib/python3.10/dist-packages/tutorial_interfaces/tutorial_interfaces_s__rosidl_typesupport_fastrtps_c.cpython-310-x86_64-linux-gnu.so
[6.449s] -- Set runtime path of "/home/ininjame/ros2_projs/ros2_ws/install/tutorial_interfaces/local/lib/python3.10/dist-packages/tutorial_interfaces/tutorial_interfaces_s__rosidl_typesupport_fastrtps_c.cpython-310-x86_64-linux-gnu.so" to ""
[6.449s] -- Installing: /home/ininjame/ros2_projs/ros2_ws/install/tutorial_interfaces/local/lib/python3.10/dist-packages/tutorial_interfaces/tutorial_interfaces_s__rosidl_typesupport_introspection_c.cpython-310-x86_64-linux-gnu.so
[6.449s] -- Set runtime path of "/home/ininjame/ros2_projs/ros2_ws/install/tutorial_interfaces/local/lib/python3.10/dist-packages/tutorial_interfaces/tutorial_interfaces_s__rosidl_typesupport_introspection_c.cpython-310-x86_64-linux-gnu.so" to ""
[6.449s] -- Installing: /home/ininjame/ros2_projs/ros2_ws/install/tutorial_interfaces/local/lib/python3.10/dist-packages/tutorial_interfaces/tutorial_interfaces_s__rosidl_typesupport_c.cpython-310-x86_64-linux-gnu.so
[6.449s] -- Set runtime path of "/home/ininjame/ros2_projs/ros2_ws/install/tutorial_interfaces/local/lib/python3.10/dist-packages/tutorial_interfaces/tutorial_interfaces_s__rosidl_typesupport_c.cpython-310-x86_64-linux-gnu.so" to ""
[6.449s] -- Installing: /home/ininjame/ros2_projs/ros2_ws/install/tutorial_interfaces/lib/libtutorial_interfaces__rosidl_generator_py.so
[6.450s] -- Set runtime path of "/home/ininjame/ros2_projs/ros2_ws/install/tutorial_interfaces/lib/libtutorial_interfaces__rosidl_generator_py.so" to ""
[6.450s] -- Installing: /home/ininjame/ros2_projs/ros2_ws/install/tutorial_interfaces/share/tutorial_interfaces/msg/Num.idl
[6.450s] -- Installing: /home/ininjame/ros2_projs/ros2_ws/install/tutorial_interfaces/share/tutorial_interfaces/msg/Sphere.idl
[6.450s] -- Installing: /home/ininjame/ros2_projs/ros2_ws/install/tutorial_interfaces/share/tutorial_interfaces/srv/AddThreeInts.idl
[6.450s] -- Installing: /home/ininjame/ros2_projs/ros2_ws/install/tutorial_interfaces/share/tutorial_interfaces/msg/Num.msg
[6.450s] -- Installing: /home/ininjame/ros2_projs/ros2_ws/install/tutorial_interfaces/share/tutorial_interfaces/msg/Sphere.msg
[6.450s] -- Installing: /home/ininjame/ros2_projs/ros2_ws/install/tutorial_interfaces/share/tutorial_interfaces/srv/AddThreeInts.srv
[6.450s] -- Installing: /home/ininjame/ros2_projs/ros2_ws/install/tutorial_interfaces/share/tutorial_interfaces/srv/AddThreeInts_Request.msg
[6.450s] -- Installing: /home/ininjame/ros2_projs/ros2_ws/install/tutorial_interfaces/share/tutorial_interfaces/srv/AddThreeInts_Response.msg
[6.451s] -- Installing: /home/ininjame/ros2_projs/ros2_ws/install/tutorial_interfaces/share/ament_index/resource_index/package_run_dependencies/tutorial_interfaces
[6.451s] -- Installing: /home/ininjame/ros2_projs/ros2_ws/install/tutorial_interfaces/share/ament_index/resource_index/parent_prefix_path/tutorial_interfaces
[6.451s] -- Installing: /home/ininjame/ros2_projs/ros2_ws/install/tutorial_interfaces/share/tutorial_interfaces/environment/ament_prefix_path.sh
[6.451s] -- Installing: /home/ininjame/ros2_projs/ros2_ws/install/tutorial_interfaces/share/tutorial_interfaces/environment/ament_prefix_path.dsv
[6.451s] -- Installing: /home/ininjame/ros2_projs/ros2_ws/install/tutorial_interfaces/share/tutorial_interfaces/environment/path.sh
[6.451s] -- Installing: /home/ininjame/ros2_projs/ros2_ws/install/tutorial_interfaces/share/tutorial_interfaces/environment/path.dsv
[6.451s] -- Installing: /home/ininjame/ros2_projs/ros2_ws/install/tutorial_interfaces/share/tutorial_interfaces/local_setup.bash
[6.451s] -- Installing: /home/ininjame/ros2_projs/ros2_ws/install/tutorial_interfaces/share/tutorial_interfaces/local_setup.sh
[6.451s] -- Installing: /home/ininjame/ros2_projs/ros2_ws/install/tutorial_interfaces/share/tutorial_interfaces/local_setup.zsh
[6.452s] -- Installing: /home/ininjame/ros2_projs/ros2_ws/install/tutorial_interfaces/share/tutorial_interfaces/local_setup.dsv
[6.452s] -- Installing: /home/ininjame/ros2_projs/ros2_ws/install/tutorial_interfaces/share/tutorial_interfaces/package.dsv
[6.452s] -- Installing: /home/ininjame/ros2_projs/ros2_ws/install/tutorial_interfaces/share/ament_index/resource_index/packages/tutorial_interfaces
[6.452s] -- Installing: /home/ininjame/ros2_projs/ros2_ws/install/tutorial_interfaces/share/tutorial_interfaces/cmake/export_tutorial_interfaces__rosidl_generator_cExport.cmake
[6.452s] -- Installing: /home/ininjame/ros2_projs/ros2_ws/install/tutorial_interfaces/share/tutorial_interfaces/cmake/export_tutorial_interfaces__rosidl_generator_cExport-noconfig.cmake
[6.452s] -- Installing: /home/ininjame/ros2_projs/ros2_ws/install/tutorial_interfaces/share/tutorial_interfaces/cmake/export_tutorial_interfaces__rosidl_typesupport_fastrtps_cExport.cmake
[6.452s] -- Installing: /home/ininjame/ros2_projs/ros2_ws/install/tutorial_interfaces/share/tutorial_interfaces/cmake/export_tutorial_interfaces__rosidl_typesupport_fastrtps_cExport-noconfig.cmake
[6.452s] -- Installing: /home/ininjame/ros2_projs/ros2_ws/install/tutorial_interfaces/share/tutorial_interfaces/cmake/export_tutorial_interfaces__rosidl_generator_cppExport.cmake
[6.452s] -- Installing: /home/ininjame/ros2_projs/ros2_ws/install/tutorial_interfaces/share/tutorial_interfaces/cmake/export_tutorial_interfaces__rosidl_typesupport_fastrtps_cppExport.cmake
[6.452s] -- Installing: /home/ininjame/ros2_projs/ros2_ws/install/tutorial_interfaces/share/tutorial_interfaces/cmake/export_tutorial_interfaces__rosidl_typesupport_fastrtps_cppExport-noconfig.cmake
[6.453s] -- Installing: /home/ininjame/ros2_projs/ros2_ws/install/tutorial_interfaces/share/tutorial_interfaces/cmake/tutorial_interfaces__rosidl_typesupport_introspection_cExport.cmake
[6.453s] -- Installing: /home/ininjame/ros2_projs/ros2_ws/install/tutorial_interfaces/share/tutorial_interfaces/cmake/tutorial_interfaces__rosidl_typesupport_introspection_cExport-noconfig.cmake
[6.453s] -- Installing: /home/ininjame/ros2_projs/ros2_ws/install/tutorial_interfaces/share/tutorial_interfaces/cmake/tutorial_interfaces__rosidl_typesupport_cExport.cmake
[6.453s] -- Installing: /home/ininjame/ros2_projs/ros2_ws/install/tutorial_interfaces/share/tutorial_interfaces/cmake/tutorial_interfaces__rosidl_typesupport_cExport-noconfig.cmake
[6.453s] -- Installing: /home/ininjame/ros2_projs/ros2_ws/install/tutorial_interfaces/share/tutorial_interfaces/cmake/tutorial_interfaces__rosidl_typesupport_introspection_cppExport.cmake
[6.453s] -- Installing: /home/ininjame/ros2_projs/ros2_ws/install/tutorial_interfaces/share/tutorial_interfaces/cmake/tutorial_interfaces__rosidl_typesupport_introspection_cppExport-noconfig.cmake
[6.453s] -- Installing: /home/ininjame/ros2_projs/ros2_ws/install/tutorial_interfaces/share/tutorial_interfaces/cmake/tutorial_interfaces__rosidl_typesupport_cppExport.cmake
[6.453s] -- Installing: /home/ininjame/ros2_projs/ros2_ws/install/tutorial_interfaces/share/tutorial_interfaces/cmake/tutorial_interfaces__rosidl_typesupport_cppExport-noconfig.cmake
[6.454s] -- Installing: /home/ininjame/ros2_projs/ros2_ws/install/tutorial_interfaces/share/tutorial_interfaces/cmake/export_tutorial_interfaces__rosidl_generator_pyExport.cmake
[6.454s] -- Installing: /home/ininjame/ros2_projs/ros2_ws/install/tutorial_interfaces/share/tutorial_interfaces/cmake/export_tutorial_interfaces__rosidl_generator_pyExport-noconfig.cmake
[6.454s] -- Installing: /home/ininjame/ros2_projs/ros2_ws/install/tutorial_interfaces/share/tutorial_interfaces/cmake/rosidl_cmake-extras.cmake
[6.454s] -- Installing: /home/ininjame/ros2_projs/ros2_ws/install/tutorial_interfaces/share/tutorial_interfaces/cmake/ament_cmake_export_dependencies-extras.cmake
[6.454s] -- Installing: /home/ininjame/ros2_projs/ros2_ws/install/tutorial_interfaces/share/tutorial_interfaces/cmake/ament_cmake_export_include_directories-extras.cmake
[6.454s] -- Installing: /home/ininjame/ros2_projs/ros2_ws/install/tutorial_interfaces/share/tutorial_interfaces/cmake/ament_cmake_export_libraries-extras.cmake
[6.454s] -- Installing: /home/ininjame/ros2_projs/ros2_ws/install/tutorial_interfaces/share/tutorial_interfaces/cmake/ament_cmake_export_targets-extras.cmake
[6.454s] -- Installing: /home/ininjame/ros2_projs/ros2_ws/install/tutorial_interfaces/share/tutorial_interfaces/cmake/rosidl_cmake_export_typesupport_targets-extras.cmake
[6.454s] -- Installing: /home/ininjame/ros2_projs/ros2_ws/install/tutorial_interfaces/share/tutorial_interfaces/cmake/rosidl_cmake_export_typesupport_libraries-extras.cmake
[6.454s] -- Installing: /home/ininjame/ros2_projs/ros2_ws/install/tutorial_interfaces/share/tutorial_interfaces/cmake/tutorial_interfacesConfig.cmake
[6.454s] -- Installing: /home/ininjame/ros2_projs/ros2_ws/install/tutorial_interfaces/share/tutorial_interfaces/cmake/tutorial_interfacesConfig-version.cmake
[6.454s] -- Installing: /home/ininjame/ros2_projs/ros2_ws/install/tutorial_interfaces/share/tutorial_interfaces/package.xml
[6.456s] Invoked command in '/home/ininjame/ros2_projs/ros2_ws/build/tutorial_interfaces' returned '0': CMAKE_PREFIX_PATH=${CMAKE_PREFIX_PATH}:/home/ininjame/ros2_projs/ros2_ws/install/py_pubsub:/opt/ros/humble /usr/bin/cmake --install /home/ininjame/ros2_projs/ros2_ws/build/tutorial_interfaces
