[0.038s] Invoking command in '/home/ininjame/ros2_projs/ros2_ws/build/polygon_plugins': AMENT_PREFIX_PATH=/home/ininjame/ros2_projs/ros2_ws/install/polygon_base:${AMENT_PREFIX_PATH} CMAKE_PREFIX_PATH=/home/ininjame/ros2_projs/ros2_ws/install/polygon_base:/home/ininjame/ros2_projs/ros2_ws/install/cpp_srvccli:/home/ininjame/ros2_projs/ros2_ws/install/cpp_pubsub:/home/ininjame/ros2_projs/ros2_ws/install/tutorial_interfaces:/home/ininjame/ros2_projs/ros2_ws/install/cpp_parameters:/home/ininjame/ros2_projs/ros2_ws/install/py_pubsub:/opt/ros/humble /usr/bin/cmake /home/ininjame/ros2_projs/ros2_ws/src/polygon_plugins -DCMAKE_INSTALL_PREFIX=/home/ininjame/ros2_projs/ros2_ws/install/polygon_plugins
[0.124s] -- The C compiler identification is GNU 11.4.0
[1.184s] -- The CXX compiler identification is GNU 11.4.0
[1.936s] -- Detecting C compiler ABI info
[2.300s] -- Detecting C compiler ABI info - done
[2.312s] -- Check for working C compiler: /usr/bin/cc - skipped
[2.312s] -- Detecting C compile features
[2.312s] -- Detecting C compile features - done
[2.314s] -- Detecting CXX compiler ABI info
[2.405s] -- Detecting CXX compiler ABI info - done
[2.410s] -- Check for working CXX compiler: /usr/bin/c++ - skipped
[2.410s] -- Detecting CXX compile features
[2.410s] -- Detecting CXX compile features - done
[2.412s] -- Found ament_cmake: 1.3.10 (/opt/ros/humble/share/ament_cmake/cmake)
[2.498s] -- Found Python3: /usr/bin/python3 (found version "3.10.12") found components: Interpreter 
[2.556s] -- Found ament_cmake_ros: 0.10.0 (/opt/ros/humble/share/ament_cmake_ros/cmake)
[2.566s] -- Found polygon_base: 0.0.0 (/home/ininjame/ros2_projs/ros2_ws/install/polygon_base/share/polygon_base/cmake)
[2.567s] -- Found pluginlib: 5.1.0 (/opt/ros/humble/share/pluginlib/cmake)
[6.966s] [31mCMake Error at /opt/ros/humble/share/pluginlib/cmake/pluginlib_export_plugin_description_file.cmake:84 (message):
[6.966s]   Given plugin description file
[6.966s]   '/home/ininjame/ros2_projs/ros2_ws/src/polygon_plugins/plugins.xml' does
[6.966s]   not exist
[6.966s] Call Stack (most recent call first):
[6.966s]   CMakeLists.txt:13 (pluginlib_export_plugin_description_file)
[6.966s] 
[6.966s] [0m
[6.966s] -- Configuring incomplete, errors occurred!
[6.966s] See also "/home/ininjame/ros2_projs/ros2_ws/build/polygon_plugins/CMakeFiles/CMakeOutput.log".
[6.971s] Invoked command in '/home/ininjame/ros2_projs/ros2_ws/build/polygon_plugins' returned '1': AMENT_PREFIX_PATH=/home/ininjame/ros2_projs/ros2_ws/install/polygon_base:${AMENT_PREFIX_PATH} CMAKE_PREFIX_PATH=/home/ininjame/ros2_projs/ros2_ws/install/polygon_base:/home/ininjame/ros2_projs/ros2_ws/install/cpp_srvccli:/home/ininjame/ros2_projs/ros2_ws/install/cpp_pubsub:/home/ininjame/ros2_projs/ros2_ws/install/tutorial_interfaces:/home/ininjame/ros2_projs/ros2_ws/install/cpp_parameters:/home/ininjame/ros2_projs/ros2_ws/install/py_pubsub:/opt/ros/humble /usr/bin/cmake /home/ininjame/ros2_projs/ros2_ws/src/polygon_plugins -DCMAKE_INSTALL_PREFIX=/home/ininjame/ros2_projs/ros2_ws/install/polygon_plugins
