[0.015s] Invoking command in '/home/ininjame/ros2_projs/ros2_ws/build/cpp_parameters': CMAKE_PREFIX_PATH=/opt/ros/humble /usr/bin/cmake /home/ininjame/ros2_projs/ros2_ws/src/cpp_parameters -DCMAKE_INSTALL_PREFIX=/home/ininjame/ros2_projs/ros2_ws/install/cpp_parameters
[0.420s] -- The C compiler identification is GNU 11.4.0
[1.208s] -- The CXX compiler identification is GNU 11.4.0
[1.664s] -- Detecting C compiler ABI info
[1.836s] -- Detecting C compiler ABI info - done
[1.840s] -- Check for working C compiler: /usr/bin/cc - skipped
[1.840s] -- Detecting C compile features
[1.841s] -- Detecting C compile features - done
[1.845s] -- Detecting CXX compiler ABI info
[2.017s] -- Detecting CXX compiler ABI info - done
[2.021s] -- Check for working CXX compiler: /usr/bin/c++ - skipped
[2.022s] -- Detecting CXX compile features
[2.022s] -- Detecting CXX compile features - done
[2.041s] -- Found ament_cmake: 1.3.10 (/opt/ros/humble/share/ament_cmake/cmake)
[2.169s] -- Found Python3: /usr/bin/python3 (found version "3.10.12") found components: Interpreter 
[2.277s] -- Found rclcpp: 16.0.10 (/opt/ros/humble/share/rclcpp/cmake)
[2.578s] -- Found rosidl_generator_c: 3.1.5 (/opt/ros/humble/share/rosidl_generator_c/cmake)
[2.583s] -- Found rosidl_adapter: 3.1.5 (/opt/ros/humble/share/rosidl_adapter/cmake)
[2.594s] -- Found rosidl_generator_cpp: 3.1.5 (/opt/ros/humble/share/rosidl_generator_cpp/cmake)
[2.614s] -- Using all available rosidl_typesupport_c: rosidl_typesupport_fastrtps_c;rosidl_typesupport_introspection_c
[2.634s] -- Using all available rosidl_typesupport_cpp: rosidl_typesupport_fastrtps_cpp;rosidl_typesupport_introspection_cpp
[2.689s] -- Found rmw_implementation_cmake: 6.1.2 (/opt/ros/humble/share/rmw_implementation_cmake/cmake)
[2.693s] -- Found rmw_fastrtps_cpp: 6.2.7 (/opt/ros/humble/share/rmw_fastrtps_cpp/cmake)
[4.794s] -- Found OpenSSL: /usr/lib/x86_64-linux-gnu/libcrypto.so (found version "3.0.2")  
[6.959s] -- Found FastRTPS: /opt/ros/humble/include  
[11.027s] -- Using RMW implementation 'rmw_fastrtps_cpp' as default
[11.045s] -- Looking for pthread.h
[11.197s] -- Looking for pthread.h - found
[11.197s] -- Performing Test CMAKE_HAVE_LIBC_PTHREAD
[11.387s] -- Performing Test CMAKE_HAVE_LIBC_PTHREAD - Success
[11.389s] -- Found Threads: TRUE  
[11.468s] -- Found ament_lint_auto: 0.12.11 (/opt/ros/humble/share/ament_lint_auto/cmake)
[11.533s] -- Added test 'cppcheck' to perform static code analysis on C / C++ code
[11.533s] -- Configured cppcheck include dirs: 
[11.533s] -- Configured cppcheck exclude dirs and/or files: 
[11.533s] -- Added test 'lint_cmake' to check CMake code style
[11.535s] -- Added test 'uncrustify' to check C / C++ code style
[11.535s] -- Configured uncrustify additional arguments: 
[11.535s] -- Added test 'xmllint' to check XML markup files
[11.537s] -- Configuring done
[11.545s] -- Generating done
[11.546s] -- Build files have been written to: /home/ininjame/ros2_projs/ros2_ws/build/cpp_parameters
[11.555s] Invoked command in '/home/ininjame/ros2_projs/ros2_ws/build/cpp_parameters' returned '0': CMAKE_PREFIX_PATH=/opt/ros/humble /usr/bin/cmake /home/ininjame/ros2_projs/ros2_ws/src/cpp_parameters -DCMAKE_INSTALL_PREFIX=/home/ininjame/ros2_projs/ros2_ws/install/cpp_parameters
[11.557s] Invoking command in '/home/ininjame/ros2_projs/ros2_ws/build/cpp_parameters': CMAKE_PREFIX_PATH=/opt/ros/humble /usr/bin/cmake --build /home/ininjame/ros2_projs/ros2_ws/build/cpp_parameters -- -j16 -l16
[11.589s] [ 50%] [32mBuilding CXX object CMakeFiles/minimal_param_node.dir/src/cpp_parameters_node.cpp.o[0m
[14.648s] [100%] [32m[1mLinking CXX executable minimal_param_node[0m
[14.872s] [100%] Built target minimal_param_node
[14.880s] Invoked command in '/home/ininjame/ros2_projs/ros2_ws/build/cpp_parameters' returned '0': CMAKE_PREFIX_PATH=/opt/ros/humble /usr/bin/cmake --build /home/ininjame/ros2_projs/ros2_ws/build/cpp_parameters -- -j16 -l16
[14.901s] Invoking command in '/home/ininjame/ros2_projs/ros2_ws/build/cpp_parameters': CMAKE_PREFIX_PATH=/opt/ros/humble /usr/bin/cmake --install /home/ininjame/ros2_projs/ros2_ws/build/cpp_parameters
[14.906s] -- Install configuration: ""
[14.906s] -- Installing: /home/ininjame/ros2_projs/ros2_ws/install/cpp_parameters/lib/cpp_parameters/minimal_param_node
[14.906s] -- Set runtime path of "/home/ininjame/ros2_projs/ros2_ws/install/cpp_parameters/lib/cpp_parameters/minimal_param_node" to ""
[14.906s] -- Installing: /home/ininjame/ros2_projs/ros2_ws/install/cpp_parameters/share/ament_index/resource_index/package_run_dependencies/cpp_parameters
[14.906s] -- Installing: /home/ininjame/ros2_projs/ros2_ws/install/cpp_parameters/share/ament_index/resource_index/parent_prefix_path/cpp_parameters
[14.907s] -- Installing: /home/ininjame/ros2_projs/ros2_ws/install/cpp_parameters/share/cpp_parameters/environment/ament_prefix_path.sh
[14.907s] -- Installing: /home/ininjame/ros2_projs/ros2_ws/install/cpp_parameters/share/cpp_parameters/environment/ament_prefix_path.dsv
[14.907s] -- Installing: /home/ininjame/ros2_projs/ros2_ws/install/cpp_parameters/share/cpp_parameters/environment/path.sh
[14.907s] -- Installing: /home/ininjame/ros2_projs/ros2_ws/install/cpp_parameters/share/cpp_parameters/environment/path.dsv
[14.907s] -- Installing: /home/ininjame/ros2_projs/ros2_ws/install/cpp_parameters/share/cpp_parameters/local_setup.bash
[14.907s] -- Installing: /home/ininjame/ros2_projs/ros2_ws/install/cpp_parameters/share/cpp_parameters/local_setup.sh
[14.907s] -- Installing: /home/ininjame/ros2_projs/ros2_ws/install/cpp_parameters/share/cpp_parameters/local_setup.zsh
[14.907s] -- Installing: /home/ininjame/ros2_projs/ros2_ws/install/cpp_parameters/share/cpp_parameters/local_setup.dsv
[14.908s] -- Installing: /home/ininjame/ros2_projs/ros2_ws/install/cpp_parameters/share/cpp_parameters/package.dsv
[14.908s] -- Installing: /home/ininjame/ros2_projs/ros2_ws/install/cpp_parameters/share/ament_index/resource_index/packages/cpp_parameters
[14.908s] -- Installing: /home/ininjame/ros2_projs/ros2_ws/install/cpp_parameters/share/cpp_parameters/cmake/cpp_parametersConfig.cmake
[14.908s] -- Installing: /home/ininjame/ros2_projs/ros2_ws/install/cpp_parameters/share/cpp_parameters/cmake/cpp_parametersConfig-version.cmake
[14.908s] -- Installing: /home/ininjame/ros2_projs/ros2_ws/install/cpp_parameters/share/cpp_parameters/package.xml
[14.909s] Invoked command in '/home/ininjame/ros2_projs/ros2_ws/build/cpp_parameters' returned '0': CMAKE_PREFIX_PATH=/opt/ros/humble /usr/bin/cmake --install /home/ininjame/ros2_projs/ros2_ws/build/cpp_parameters
