[0.210s] DEBUG:colcon:Command line arguments: ['/usr/bin/colcon', 'build', '--packages-select', 'turtle_pubsub']
[0.210s] DEBUG:colcon:Parsed command line arguments: Namespace(log_base=None, log_level=None, verb_name='build', build_base='build', install_base='install', merge_install=False, symlink_install=False, test_result_base=None, continue_on_error=False, executor='parallel', parallel_workers=16, event_handlers=None, ignore_user_meta=False, metas=['./colcon.meta'], base_paths=['.'], packages_ignore=None, packages_ignore_regex=None, paths=None, packages_up_to=None, packages_up_to_regex=None, packages_above=None, packages_above_and_dependencies=None, packages_above_depth=None, packages_select_by_dep=None, packages_skip_by_dep=None, packages_skip_up_to=None, packages_select_build_failed=False, packages_skip_build_finished=False, packages_select_test_failures=False, packages_skip_test_passed=False, packages_select=['turtle_pubsub'], packages_skip=None, packages_select_regex=None, packages_skip_regex=None, packages_start=None, packages_end=None, allow_overriding=[], cmake_args=None, cmake_target=None, cmake_target_skip_unavailable=False, cmake_clean_cache=False, cmake_clean_first=False, cmake_force_configure=False, ament_cmake_args=None, catkin_cmake_args=None, catkin_skip_building_tests=False, mixin_files=None, mixin=None, verb_parser=<colcon_mixin.mixin.mixin_argument.MixinArgumentDecorator object at 0x7ffb67ec1300>, verb_extension=<colcon_core.verb.build.BuildVerb object at 0x7ffb67ec0d30>, main=<bound method BuildVerb.main of <colcon_core.verb.build.BuildVerb object at 0x7ffb67ec0d30>>, mixin_verb=('build',))
[0.314s] Level 1:colcon.colcon_core.package_discovery:discover_packages(colcon_meta) check parameters
[0.314s] Level 1:colcon.colcon_core.package_discovery:discover_packages(recursive) check parameters
[0.314s] Level 1:colcon.colcon_core.package_discovery:discover_packages(ignore) check parameters
[0.314s] Level 1:colcon.colcon_core.package_discovery:discover_packages(path) check parameters
[0.314s] Level 1:colcon.colcon_core.package_discovery:discover_packages(colcon_meta) discover
[0.314s] Level 1:colcon.colcon_core.package_discovery:discover_packages(recursive) discover
[0.314s] INFO:colcon.colcon_core.package_discovery:Crawling recursively for packages in '/home/ininjame/ros2_projs/ros2_ws'
[0.314s] Level 1:colcon.colcon_core.package_identification:_identify(.) by extensions ['ignore', 'ignore_ament_install']
[0.314s] Level 1:colcon.colcon_core.package_identification:_identify(.) by extension 'ignore'
[0.314s] Level 1:colcon.colcon_core.package_identification:_identify(.) by extension 'ignore_ament_install'
[0.314s] Level 1:colcon.colcon_core.package_identification:_identify(.) by extensions ['colcon_pkg']
[0.314s] Level 1:colcon.colcon_core.package_identification:_identify(.) by extension 'colcon_pkg'
[0.314s] Level 1:colcon.colcon_core.package_identification:_identify(.) by extensions ['colcon_meta']
[0.315s] Level 1:colcon.colcon_core.package_identification:_identify(.) by extension 'colcon_meta'
[0.315s] Level 1:colcon.colcon_core.package_identification:_identify(.) by extensions ['ros']
[0.315s] Level 1:colcon.colcon_core.package_identification:_identify(.) by extension 'ros'
[0.321s] Level 1:colcon.colcon_core.package_identification:_identify(.) by extensions ['cmake', 'python']
[0.321s] Level 1:colcon.colcon_core.package_identification:_identify(.) by extension 'cmake'
[0.321s] Level 1:colcon.colcon_core.package_identification:_identify(.) by extension 'python'
[0.321s] Level 1:colcon.colcon_core.package_identification:_identify(.) by extensions ['python_setup_py']
[0.321s] Level 1:colcon.colcon_core.package_identification:_identify(.) by extension 'python_setup_py'
[0.321s] Level 1:colcon.colcon_core.package_identification:_identify(build) by extensions ['ignore', 'ignore_ament_install']
[0.321s] Level 1:colcon.colcon_core.package_identification:_identify(build) by extension 'ignore'
[0.321s] Level 1:colcon.colcon_core.package_identification:_identify(build) ignored
[0.321s] Level 1:colcon.colcon_core.package_identification:_identify(install) by extensions ['ignore', 'ignore_ament_install']
[0.321s] Level 1:colcon.colcon_core.package_identification:_identify(install) by extension 'ignore'
[0.321s] Level 1:colcon.colcon_core.package_identification:_identify(install) ignored
[0.321s] Level 1:colcon.colcon_core.package_identification:_identify(launch) by extensions ['ignore', 'ignore_ament_install']
[0.321s] Level 1:colcon.colcon_core.package_identification:_identify(launch) by extension 'ignore'
[0.321s] Level 1:colcon.colcon_core.package_identification:_identify(launch) by extension 'ignore_ament_install'
[0.321s] Level 1:colcon.colcon_core.package_identification:_identify(launch) by extensions ['colcon_pkg']
[0.321s] Level 1:colcon.colcon_core.package_identification:_identify(launch) by extension 'colcon_pkg'
[0.321s] Level 1:colcon.colcon_core.package_identification:_identify(launch) by extensions ['colcon_meta']
[0.321s] Level 1:colcon.colcon_core.package_identification:_identify(launch) by extension 'colcon_meta'
[0.321s] Level 1:colcon.colcon_core.package_identification:_identify(launch) by extensions ['ros']
[0.321s] Level 1:colcon.colcon_core.package_identification:_identify(launch) by extension 'ros'
[0.321s] Level 1:colcon.colcon_core.package_identification:_identify(launch) by extensions ['cmake', 'python']
[0.322s] Level 1:colcon.colcon_core.package_identification:_identify(launch) by extension 'cmake'
[0.322s] Level 1:colcon.colcon_core.package_identification:_identify(launch) by extension 'python'
[0.322s] Level 1:colcon.colcon_core.package_identification:_identify(launch) by extensions ['python_setup_py']
[0.322s] Level 1:colcon.colcon_core.package_identification:_identify(launch) by extension 'python_setup_py'
[0.322s] Level 1:colcon.colcon_core.package_identification:_identify(launch/__pycache__) by extensions ['ignore', 'ignore_ament_install']
[0.322s] Level 1:colcon.colcon_core.package_identification:_identify(launch/__pycache__) by extension 'ignore'
[0.322s] Level 1:colcon.colcon_core.package_identification:_identify(launch/__pycache__) by extension 'ignore_ament_install'
[0.322s] Level 1:colcon.colcon_core.package_identification:_identify(launch/__pycache__) by extensions ['colcon_pkg']
[0.322s] Level 1:colcon.colcon_core.package_identification:_identify(launch/__pycache__) by extension 'colcon_pkg'
[0.322s] Level 1:colcon.colcon_core.package_identification:_identify(launch/__pycache__) by extensions ['colcon_meta']
[0.322s] Level 1:colcon.colcon_core.package_identification:_identify(launch/__pycache__) by extension 'colcon_meta'
[0.322s] Level 1:colcon.colcon_core.package_identification:_identify(launch/__pycache__) by extensions ['ros']
[0.322s] Level 1:colcon.colcon_core.package_identification:_identify(launch/__pycache__) by extension 'ros'
[0.322s] Level 1:colcon.colcon_core.package_identification:_identify(launch/__pycache__) by extensions ['cmake', 'python']
[0.322s] Level 1:colcon.colcon_core.package_identification:_identify(launch/__pycache__) by extension 'cmake'
[0.322s] Level 1:colcon.colcon_core.package_identification:_identify(launch/__pycache__) by extension 'python'
[0.322s] Level 1:colcon.colcon_core.package_identification:_identify(launch/__pycache__) by extensions ['python_setup_py']
[0.322s] Level 1:colcon.colcon_core.package_identification:_identify(launch/__pycache__) by extension 'python_setup_py'
[0.322s] Level 1:colcon.colcon_core.package_identification:_identify(log) by extensions ['ignore', 'ignore_ament_install']
[0.322s] Level 1:colcon.colcon_core.package_identification:_identify(log) by extension 'ignore'
[0.322s] Level 1:colcon.colcon_core.package_identification:_identify(log) ignored
[0.322s] Level 1:colcon.colcon_core.package_identification:_identify(src) by extensions ['ignore', 'ignore_ament_install']
[0.322s] Level 1:colcon.colcon_core.package_identification:_identify(src) by extension 'ignore'
[0.322s] Level 1:colcon.colcon_core.package_identification:_identify(src) by extension 'ignore_ament_install'
[0.322s] Level 1:colcon.colcon_core.package_identification:_identify(src) by extensions ['colcon_pkg']
[0.322s] Level 1:colcon.colcon_core.package_identification:_identify(src) by extension 'colcon_pkg'
[0.322s] Level 1:colcon.colcon_core.package_identification:_identify(src) by extensions ['colcon_meta']
[0.322s] Level 1:colcon.colcon_core.package_identification:_identify(src) by extension 'colcon_meta'
[0.322s] Level 1:colcon.colcon_core.package_identification:_identify(src) by extensions ['ros']
[0.322s] Level 1:colcon.colcon_core.package_identification:_identify(src) by extension 'ros'
[0.322s] Level 1:colcon.colcon_core.package_identification:_identify(src) by extensions ['cmake', 'python']
[0.322s] Level 1:colcon.colcon_core.package_identification:_identify(src) by extension 'cmake'
[0.322s] Level 1:colcon.colcon_core.package_identification:_identify(src) by extension 'python'
[0.322s] Level 1:colcon.colcon_core.package_identification:_identify(src) by extensions ['python_setup_py']
[0.322s] Level 1:colcon.colcon_core.package_identification:_identify(src) by extension 'python_setup_py'
[0.322s] Level 1:colcon.colcon_core.package_identification:_identify(src/cpp_parameters) by extensions ['ignore', 'ignore_ament_install']
[0.322s] Level 1:colcon.colcon_core.package_identification:_identify(src/cpp_parameters) by extension 'ignore'
[0.322s] Level 1:colcon.colcon_core.package_identification:_identify(src/cpp_parameters) by extension 'ignore_ament_install'
[0.322s] Level 1:colcon.colcon_core.package_identification:_identify(src/cpp_parameters) by extensions ['colcon_pkg']
[0.322s] Level 1:colcon.colcon_core.package_identification:_identify(src/cpp_parameters) by extension 'colcon_pkg'
[0.322s] Level 1:colcon.colcon_core.package_identification:_identify(src/cpp_parameters) by extensions ['colcon_meta']
[0.322s] Level 1:colcon.colcon_core.package_identification:_identify(src/cpp_parameters) by extension 'colcon_meta'
[0.323s] Level 1:colcon.colcon_core.package_identification:_identify(src/cpp_parameters) by extensions ['ros']
[0.323s] Level 1:colcon.colcon_core.package_identification:_identify(src/cpp_parameters) by extension 'ros'
[0.324s] DEBUG:colcon.colcon_core.package_identification:Package 'src/cpp_parameters' with type 'ros.ament_cmake' and name 'cpp_parameters'
[0.324s] Level 1:colcon.colcon_core.package_identification:_identify(src/cpp_pubsub) by extensions ['ignore', 'ignore_ament_install']
[0.324s] Level 1:colcon.colcon_core.package_identification:_identify(src/cpp_pubsub) by extension 'ignore'
[0.324s] Level 1:colcon.colcon_core.package_identification:_identify(src/cpp_pubsub) by extension 'ignore_ament_install'
[0.324s] Level 1:colcon.colcon_core.package_identification:_identify(src/cpp_pubsub) by extensions ['colcon_pkg']
[0.324s] Level 1:colcon.colcon_core.package_identification:_identify(src/cpp_pubsub) by extension 'colcon_pkg'
[0.324s] Level 1:colcon.colcon_core.package_identification:_identify(src/cpp_pubsub) by extensions ['colcon_meta']
[0.324s] Level 1:colcon.colcon_core.package_identification:_identify(src/cpp_pubsub) by extension 'colcon_meta'
[0.324s] Level 1:colcon.colcon_core.package_identification:_identify(src/cpp_pubsub) by extensions ['ros']
[0.324s] Level 1:colcon.colcon_core.package_identification:_identify(src/cpp_pubsub) by extension 'ros'
[0.324s] DEBUG:colcon.colcon_core.package_identification:Package 'src/cpp_pubsub' with type 'ros.ament_cmake' and name 'cpp_pubsub'
[0.325s] Level 1:colcon.colcon_core.package_identification:_identify(src/cpp_srvccli) by extensions ['ignore', 'ignore_ament_install']
[0.325s] Level 1:colcon.colcon_core.package_identification:_identify(src/cpp_srvccli) by extension 'ignore'
[0.325s] Level 1:colcon.colcon_core.package_identification:_identify(src/cpp_srvccli) by extension 'ignore_ament_install'
[0.325s] Level 1:colcon.colcon_core.package_identification:_identify(src/cpp_srvccli) by extensions ['colcon_pkg']
[0.325s] Level 1:colcon.colcon_core.package_identification:_identify(src/cpp_srvccli) by extension 'colcon_pkg'
[0.325s] Level 1:colcon.colcon_core.package_identification:_identify(src/cpp_srvccli) by extensions ['colcon_meta']
[0.325s] Level 1:colcon.colcon_core.package_identification:_identify(src/cpp_srvccli) by extension 'colcon_meta'
[0.325s] Level 1:colcon.colcon_core.package_identification:_identify(src/cpp_srvccli) by extensions ['ros']
[0.325s] Level 1:colcon.colcon_core.package_identification:_identify(src/cpp_srvccli) by extension 'ros'
[0.325s] DEBUG:colcon.colcon_core.package_identification:Package 'src/cpp_srvccli' with type 'ros.ament_cmake' and name 'cpp_srvccli'
[0.325s] Level 1:colcon.colcon_core.package_identification:_identify(src/polygon_base) by extensions ['ignore', 'ignore_ament_install']
[0.325s] Level 1:colcon.colcon_core.package_identification:_identify(src/polygon_base) by extension 'ignore'
[0.325s] Level 1:colcon.colcon_core.package_identification:_identify(src/polygon_base) by extension 'ignore_ament_install'
[0.325s] Level 1:colcon.colcon_core.package_identification:_identify(src/polygon_base) by extensions ['colcon_pkg']
[0.325s] Level 1:colcon.colcon_core.package_identification:_identify(src/polygon_base) by extension 'colcon_pkg'
[0.325s] Level 1:colcon.colcon_core.package_identification:_identify(src/polygon_base) by extensions ['colcon_meta']
[0.325s] Level 1:colcon.colcon_core.package_identification:_identify(src/polygon_base) by extension 'colcon_meta'
[0.325s] Level 1:colcon.colcon_core.package_identification:_identify(src/polygon_base) by extensions ['ros']
[0.325s] Level 1:colcon.colcon_core.package_identification:_identify(src/polygon_base) by extension 'ros'
[0.326s] DEBUG:colcon.colcon_core.package_identification:Package 'src/polygon_base' with type 'ros.ament_cmake' and name 'polygon_base'
[0.326s] Level 1:colcon.colcon_core.package_identification:_identify(src/polygon_plugins) by extensions ['ignore', 'ignore_ament_install']
[0.326s] Level 1:colcon.colcon_core.package_identification:_identify(src/polygon_plugins) by extension 'ignore'
[0.326s] Level 1:colcon.colcon_core.package_identification:_identify(src/polygon_plugins) by extension 'ignore_ament_install'
[0.326s] Level 1:colcon.colcon_core.package_identification:_identify(src/polygon_plugins) by extensions ['colcon_pkg']
[0.326s] Level 1:colcon.colcon_core.package_identification:_identify(src/polygon_plugins) by extension 'colcon_pkg'
[0.326s] Level 1:colcon.colcon_core.package_identification:_identify(src/polygon_plugins) by extensions ['colcon_meta']
[0.326s] Level 1:colcon.colcon_core.package_identification:_identify(src/polygon_plugins) by extension 'colcon_meta'
[0.326s] Level 1:colcon.colcon_core.package_identification:_identify(src/polygon_plugins) by extensions ['ros']
[0.326s] Level 1:colcon.colcon_core.package_identification:_identify(src/polygon_plugins) by extension 'ros'
[0.326s] DEBUG:colcon.colcon_core.package_identification:Package 'src/polygon_plugins' with type 'ros.ament_cmake' and name 'polygon_plugins'
[0.326s] Level 1:colcon.colcon_core.package_identification:_identify(src/py_pubsub) by extensions ['ignore', 'ignore_ament_install']
[0.326s] Level 1:colcon.colcon_core.package_identification:_identify(src/py_pubsub) by extension 'ignore'
[0.326s] Level 1:colcon.colcon_core.package_identification:_identify(src/py_pubsub) by extension 'ignore_ament_install'
[0.326s] Level 1:colcon.colcon_core.package_identification:_identify(src/py_pubsub) by extensions ['colcon_pkg']
[0.326s] Level 1:colcon.colcon_core.package_identification:_identify(src/py_pubsub) by extension 'colcon_pkg'
[0.326s] Level 1:colcon.colcon_core.package_identification:_identify(src/py_pubsub) by extensions ['colcon_meta']
[0.326s] Level 1:colcon.colcon_core.package_identification:_identify(src/py_pubsub) by extension 'colcon_meta'
[0.326s] Level 1:colcon.colcon_core.package_identification:_identify(src/py_pubsub) by extensions ['ros']
[0.326s] Level 1:colcon.colcon_core.package_identification:_identify(src/py_pubsub) by extension 'ros'
[0.327s] DEBUG:colcon.colcon_core.package_identification:Package 'src/py_pubsub' with type 'ros.ament_python' and name 'py_pubsub'
[0.327s] Level 1:colcon.colcon_core.package_identification:_identify(src/turtle_pubsub) by extensions ['ignore', 'ignore_ament_install']
[0.327s] Level 1:colcon.colcon_core.package_identification:_identify(src/turtle_pubsub) by extension 'ignore'
[0.327s] Level 1:colcon.colcon_core.package_identification:_identify(src/turtle_pubsub) by extension 'ignore_ament_install'
[0.327s] Level 1:colcon.colcon_core.package_identification:_identify(src/turtle_pubsub) by extensions ['colcon_pkg']
[0.327s] Level 1:colcon.colcon_core.package_identification:_identify(src/turtle_pubsub) by extension 'colcon_pkg'
[0.327s] Level 1:colcon.colcon_core.package_identification:_identify(src/turtle_pubsub) by extensions ['colcon_meta']
[0.327s] Level 1:colcon.colcon_core.package_identification:_identify(src/turtle_pubsub) by extension 'colcon_meta'
[0.327s] Level 1:colcon.colcon_core.package_identification:_identify(src/turtle_pubsub) by extensions ['ros']
[0.327s] Level 1:colcon.colcon_core.package_identification:_identify(src/turtle_pubsub) by extension 'ros'
[0.327s] DEBUG:colcon.colcon_core.package_identification:Package 'src/turtle_pubsub' with type 'ros.ament_cmake' and name 'turtle_pubsub'
[0.327s] Level 1:colcon.colcon_core.package_identification:_identify(src/tutorial_interfaces) by extensions ['ignore', 'ignore_ament_install']
[0.327s] Level 1:colcon.colcon_core.package_identification:_identify(src/tutorial_interfaces) by extension 'ignore'
[0.327s] Level 1:colcon.colcon_core.package_identification:_identify(src/tutorial_interfaces) by extension 'ignore_ament_install'
[0.327s] Level 1:colcon.colcon_core.package_identification:_identify(src/tutorial_interfaces) by extensions ['colcon_pkg']
[0.327s] Level 1:colcon.colcon_core.package_identification:_identify(src/tutorial_interfaces) by extension 'colcon_pkg'
[0.327s] Level 1:colcon.colcon_core.package_identification:_identify(src/tutorial_interfaces) by extensions ['colcon_meta']
[0.327s] Level 1:colcon.colcon_core.package_identification:_identify(src/tutorial_interfaces) by extension 'colcon_meta'
[0.328s] Level 1:colcon.colcon_core.package_identification:_identify(src/tutorial_interfaces) by extensions ['ros']
[0.328s] Level 1:colcon.colcon_core.package_identification:_identify(src/tutorial_interfaces) by extension 'ros'
[0.328s] DEBUG:colcon.colcon_core.package_identification:Package 'src/tutorial_interfaces' with type 'ros.ament_cmake' and name 'tutorial_interfaces'
[0.328s] Level 1:colcon.colcon_core.package_discovery:discover_packages(recursive) using defaults
[0.328s] Level 1:colcon.colcon_core.package_discovery:discover_packages(ignore) discover
[0.328s] Level 1:colcon.colcon_core.package_discovery:discover_packages(ignore) using defaults
[0.328s] Level 1:colcon.colcon_core.package_discovery:discover_packages(path) discover
[0.328s] Level 1:colcon.colcon_core.package_discovery:discover_packages(path) using defaults
[0.346s] INFO:colcon.colcon_core.package_selection:Skipping not selected package 'cpp_parameters' in 'src/cpp_parameters'
[0.346s] INFO:colcon.colcon_core.package_selection:Skipping not selected package 'polygon_base' in 'src/polygon_base'
[0.346s] INFO:colcon.colcon_core.package_selection:Skipping not selected package 'py_pubsub' in 'src/py_pubsub'
[0.346s] INFO:colcon.colcon_core.package_selection:Skipping not selected package 'tutorial_interfaces' in 'src/tutorial_interfaces'
[0.346s] INFO:colcon.colcon_core.package_selection:Skipping not selected package 'cpp_pubsub' in 'src/cpp_pubsub'
[0.346s] INFO:colcon.colcon_core.package_selection:Skipping not selected package 'cpp_srvccli' in 'src/cpp_srvccli'
[0.346s] INFO:colcon.colcon_core.package_selection:Skipping not selected package 'polygon_plugins' in 'src/polygon_plugins'
[0.346s] Level 1:colcon.colcon_core.package_discovery:discover_packages(prefix_path) check parameters
[0.346s] Level 1:colcon.colcon_core.package_discovery:discover_packages(prefix_path) discover
[0.348s] DEBUG:colcon.colcon_installed_package_information.package_discovery:Found 277 installed packages in /opt/ros/humble
[0.348s] Level 1:colcon.colcon_core.package_discovery:discover_packages(prefix_path) using defaults
[0.368s] Level 5:colcon.colcon_core.verb:set package 'turtle_pubsub' build argument 'cmake_args' from command line to 'None'
[0.368s] Level 5:colcon.colcon_core.verb:set package 'turtle_pubsub' build argument 'cmake_target' from command line to 'None'
[0.368s] Level 5:colcon.colcon_core.verb:set package 'turtle_pubsub' build argument 'cmake_target_skip_unavailable' from command line to 'False'
[0.368s] Level 5:colcon.colcon_core.verb:set package 'turtle_pubsub' build argument 'cmake_clean_cache' from command line to 'False'
[0.368s] Level 5:colcon.colcon_core.verb:set package 'turtle_pubsub' build argument 'cmake_clean_first' from command line to 'False'
[0.368s] Level 5:colcon.colcon_core.verb:set package 'turtle_pubsub' build argument 'cmake_force_configure' from command line to 'False'
[0.368s] Level 5:colcon.colcon_core.verb:set package 'turtle_pubsub' build argument 'ament_cmake_args' from command line to 'None'
[0.368s] Level 5:colcon.colcon_core.verb:set package 'turtle_pubsub' build argument 'catkin_cmake_args' from command line to 'None'
[0.368s] Level 5:colcon.colcon_core.verb:set package 'turtle_pubsub' build argument 'catkin_skip_building_tests' from command line to 'False'
[0.368s] DEBUG:colcon.colcon_core.verb:Building package 'turtle_pubsub' with the following arguments: {'ament_cmake_args': None, 'build_base': '/home/ininjame/ros2_projs/ros2_ws/build/turtle_pubsub', 'catkin_cmake_args': None, 'catkin_skip_building_tests': False, 'cmake_args': None, 'cmake_clean_cache': False, 'cmake_clean_first': False, 'cmake_force_configure': False, 'cmake_target': None, 'cmake_target_skip_unavailable': False, 'install_base': '/home/ininjame/ros2_projs/ros2_ws/install/turtle_pubsub', 'merge_install': False, 'path': '/home/ininjame/ros2_projs/ros2_ws/src/turtle_pubsub', 'symlink_install': False, 'test_result_base': None}
[0.368s] INFO:colcon.colcon_core.executor:Executing jobs using 'parallel' executor
[0.368s] DEBUG:colcon.colcon_parallel_executor.executor.parallel:run_until_complete
[0.369s] INFO:colcon.colcon_ros.task.ament_cmake.build:Building ROS package in '/home/ininjame/ros2_projs/ros2_ws/src/turtle_pubsub' with build type 'ament_cmake'
[0.369s] INFO:colcon.colcon_cmake.task.cmake.build:Building CMake package in '/home/ininjame/ros2_projs/ros2_ws/src/turtle_pubsub'
[0.370s] INFO:colcon.colcon_core.plugin_system:Skipping extension 'colcon_core.shell.bat': Not used on non-Windows systems
[0.370s] INFO:colcon.colcon_core.shell:Skip shell extension 'powershell' for command environment: Not usable outside of PowerShell
[0.370s] DEBUG:colcon.colcon_core.shell:Skip shell extension 'dsv' for command environment
[0.377s] DEBUG:colcon.colcon_core.event_handler.log_command:Invoking command in '/home/ininjame/ros2_projs/ros2_ws/build/turtle_pubsub': CMAKE_PREFIX_PATH=/opt/ros/humble /usr/bin/cmake --build /home/ininjame/ros2_projs/ros2_ws/build/turtle_pubsub -- -j16 -l16
[3.815s] DEBUG:colcon.colcon_core.event_handler.log_command:Invoked command in '/home/ininjame/ros2_projs/ros2_ws/build/turtle_pubsub' returned '0': CMAKE_PREFIX_PATH=/opt/ros/humble /usr/bin/cmake --build /home/ininjame/ros2_projs/ros2_ws/build/turtle_pubsub -- -j16 -l16
[3.820s] DEBUG:colcon.colcon_core.event_handler.log_command:Invoking command in '/home/ininjame/ros2_projs/ros2_ws/build/turtle_pubsub': CMAKE_PREFIX_PATH=/opt/ros/humble /usr/bin/cmake --install /home/ininjame/ros2_projs/ros2_ws/build/turtle_pubsub
[3.831s] Level 1:colcon.colcon_core.environment:create_environment_scripts_only(turtle_pubsub)
[3.832s] DEBUG:colcon.colcon_core.event_handler.log_command:Invoked command in '/home/ininjame/ros2_projs/ros2_ws/build/turtle_pubsub' returned '0': CMAKE_PREFIX_PATH=/opt/ros/humble /usr/bin/cmake --install /home/ininjame/ros2_projs/ros2_ws/build/turtle_pubsub
[3.833s] Level 1:colcon.colcon_core.environment:checking '/home/ininjame/ros2_projs/ros2_ws/install/turtle_pubsub' for CMake module files
[3.833s] Level 1:colcon.colcon_core.environment:checking '/home/ininjame/ros2_projs/ros2_ws/install/turtle_pubsub' for CMake config files
[3.834s] Level 1:colcon.colcon_core.shell:create_environment_hook('turtle_pubsub', 'cmake_prefix_path')
[3.834s] INFO:colcon.colcon_core.shell:Creating environment hook '/home/ininjame/ros2_projs/ros2_ws/install/turtle_pubsub/share/turtle_pubsub/hook/cmake_prefix_path.ps1'
[3.835s] INFO:colcon.colcon_core.shell:Creating environment descriptor '/home/ininjame/ros2_projs/ros2_ws/install/turtle_pubsub/share/turtle_pubsub/hook/cmake_prefix_path.dsv'
[3.836s] INFO:colcon.colcon_core.shell:Creating environment hook '/home/ininjame/ros2_projs/ros2_ws/install/turtle_pubsub/share/turtle_pubsub/hook/cmake_prefix_path.sh'
[3.837s] Level 1:colcon.colcon_core.environment:checking '/home/ininjame/ros2_projs/ros2_ws/install/turtle_pubsub/lib'
[3.837s] Level 1:colcon.colcon_core.environment:checking '/home/ininjame/ros2_projs/ros2_ws/install/turtle_pubsub/bin'
[3.837s] Level 1:colcon.colcon_core.environment:checking '/home/ininjame/ros2_projs/ros2_ws/install/turtle_pubsub/lib/pkgconfig/turtle_pubsub.pc'
[3.837s] Level 1:colcon.colcon_core.environment:checking '/home/ininjame/ros2_projs/ros2_ws/install/turtle_pubsub/lib/python3.10/site-packages'
[3.837s] Level 1:colcon.colcon_core.environment:checking '/home/ininjame/ros2_projs/ros2_ws/install/turtle_pubsub/bin'
[3.837s] INFO:colcon.colcon_core.shell:Creating package script '/home/ininjame/ros2_projs/ros2_ws/install/turtle_pubsub/share/turtle_pubsub/package.ps1'
[3.838s] INFO:colcon.colcon_core.shell:Creating package descriptor '/home/ininjame/ros2_projs/ros2_ws/install/turtle_pubsub/share/turtle_pubsub/package.dsv'
[3.838s] INFO:colcon.colcon_core.shell:Creating package script '/home/ininjame/ros2_projs/ros2_ws/install/turtle_pubsub/share/turtle_pubsub/package.sh'
[3.838s] INFO:colcon.colcon_core.shell:Creating package script '/home/ininjame/ros2_projs/ros2_ws/install/turtle_pubsub/share/turtle_pubsub/package.bash'
[3.839s] INFO:colcon.colcon_core.shell:Creating package script '/home/ininjame/ros2_projs/ros2_ws/install/turtle_pubsub/share/turtle_pubsub/package.zsh'
[3.839s] Level 1:colcon.colcon_core.environment:create_file_with_runtime_dependencies(/home/ininjame/ros2_projs/ros2_ws/install/turtle_pubsub/share/colcon-core/packages/turtle_pubsub)
[3.839s] Level 1:colcon.colcon_core.environment:create_environment_scripts_only(turtle_pubsub)
[3.839s] Level 1:colcon.colcon_core.environment:checking '/home/ininjame/ros2_projs/ros2_ws/install/turtle_pubsub' for CMake module files
[3.839s] Level 1:colcon.colcon_core.environment:checking '/home/ininjame/ros2_projs/ros2_ws/install/turtle_pubsub' for CMake config files
[3.840s] Level 1:colcon.colcon_core.shell:create_environment_hook('turtle_pubsub', 'cmake_prefix_path')
[3.840s] INFO:colcon.colcon_core.shell:Creating environment hook '/home/ininjame/ros2_projs/ros2_ws/install/turtle_pubsub/share/turtle_pubsub/hook/cmake_prefix_path.ps1'
[3.840s] INFO:colcon.colcon_core.shell:Creating environment descriptor '/home/ininjame/ros2_projs/ros2_ws/install/turtle_pubsub/share/turtle_pubsub/hook/cmake_prefix_path.dsv'
[3.840s] INFO:colcon.colcon_core.shell:Creating environment hook '/home/ininjame/ros2_projs/ros2_ws/install/turtle_pubsub/share/turtle_pubsub/hook/cmake_prefix_path.sh'
[3.840s] Level 1:colcon.colcon_core.environment:checking '/home/ininjame/ros2_projs/ros2_ws/install/turtle_pubsub/lib'
[3.840s] Level 1:colcon.colcon_core.environment:checking '/home/ininjame/ros2_projs/ros2_ws/install/turtle_pubsub/bin'
[3.840s] Level 1:colcon.colcon_core.environment:checking '/home/ininjame/ros2_projs/ros2_ws/install/turtle_pubsub/lib/pkgconfig/turtle_pubsub.pc'
[3.841s] Level 1:colcon.colcon_core.environment:checking '/home/ininjame/ros2_projs/ros2_ws/install/turtle_pubsub/lib/python3.10/site-packages'
[3.841s] Level 1:colcon.colcon_core.environment:checking '/home/ininjame/ros2_projs/ros2_ws/install/turtle_pubsub/bin'
[3.841s] INFO:colcon.colcon_core.shell:Creating package script '/home/ininjame/ros2_projs/ros2_ws/install/turtle_pubsub/share/turtle_pubsub/package.ps1'
[3.841s] INFO:colcon.colcon_core.shell:Creating package descriptor '/home/ininjame/ros2_projs/ros2_ws/install/turtle_pubsub/share/turtle_pubsub/package.dsv'
[3.841s] INFO:colcon.colcon_core.shell:Creating package script '/home/ininjame/ros2_projs/ros2_ws/install/turtle_pubsub/share/turtle_pubsub/package.sh'
[3.842s] INFO:colcon.colcon_core.shell:Creating package script '/home/ininjame/ros2_projs/ros2_ws/install/turtle_pubsub/share/turtle_pubsub/package.bash'
[3.842s] INFO:colcon.colcon_core.shell:Creating package script '/home/ininjame/ros2_projs/ros2_ws/install/turtle_pubsub/share/turtle_pubsub/package.zsh'
[3.842s] Level 1:colcon.colcon_core.environment:create_file_with_runtime_dependencies(/home/ininjame/ros2_projs/ros2_ws/install/turtle_pubsub/share/colcon-core/packages/turtle_pubsub)
[3.842s] DEBUG:colcon.colcon_parallel_executor.executor.parallel:closing loop
[3.843s] DEBUG:colcon.colcon_parallel_executor.executor.parallel:loop closed
[3.843s] DEBUG:colcon.colcon_parallel_executor.executor.parallel:run_until_complete finished with '0'
[3.843s] DEBUG:colcon.colcon_core.event_reactor:joining thread
[3.847s] INFO:colcon.colcon_core.plugin_system:Skipping extension 'colcon_notification.desktop_notification.terminal_notifier': Not used on non-Darwin systems
[3.848s] INFO:colcon.colcon_core.plugin_system:Skipping extension 'colcon_notification.desktop_notification.win32': Not used on non-Windows systems
[3.848s] INFO:colcon.colcon_notification.desktop_notification:Sending desktop notification using 'notify2'
[3.852s] DEBUG:colcon.colcon_core.event_reactor:joined thread
[3.852s] INFO:colcon.colcon_core.shell:Creating prefix script '/home/ininjame/ros2_projs/ros2_ws/install/local_setup.ps1'
[3.853s] INFO:colcon.colcon_core.shell:Creating prefix util module '/home/ininjame/ros2_projs/ros2_ws/install/_local_setup_util_ps1.py'
[3.854s] INFO:colcon.colcon_core.shell:Creating prefix chain script '/home/ininjame/ros2_projs/ros2_ws/install/setup.ps1'
[3.855s] INFO:colcon.colcon_core.shell:Creating prefix script '/home/ininjame/ros2_projs/ros2_ws/install/local_setup.sh'
[3.855s] INFO:colcon.colcon_core.shell:Creating prefix util module '/home/ininjame/ros2_projs/ros2_ws/install/_local_setup_util_sh.py'
[3.855s] INFO:colcon.colcon_core.shell:Creating prefix chain script '/home/ininjame/ros2_projs/ros2_ws/install/setup.sh'
[3.856s] INFO:colcon.colcon_core.shell:Creating prefix script '/home/ininjame/ros2_projs/ros2_ws/install/local_setup.bash'
[3.856s] INFO:colcon.colcon_core.shell:Creating prefix chain script '/home/ininjame/ros2_projs/ros2_ws/install/setup.bash'
[3.856s] INFO:colcon.colcon_core.shell:Creating prefix script '/home/ininjame/ros2_projs/ros2_ws/install/local_setup.zsh'
[3.857s] INFO:colcon.colcon_core.shell:Creating prefix chain script '/home/ininjame/ros2_projs/ros2_ws/install/setup.zsh'
