-- Found ament_cmake: 1.3.10 (/opt/ros/humble/share/ament_cmake/cmake)
-- Found rclcpp: 16.0.10 (/opt/ros/humble/share/rclcpp/cmake)
-- Found rosidl_generator_c: 3.1.5 (/opt/ros/humble/share/rosidl_generator_c/cmake)
-- Found rosidl_adapter: 3.1.5 (/opt/ros/humble/share/rosidl_adapter/cmake)
-- Found rosidl_generator_cpp: 3.1.5 (/opt/ros/humble/share/rosidl_generator_cpp/cmake)
-- Using all available rosidl_typesupport_c: rosidl_typesupport_fastrtps_c;rosidl_typesupport_introspection_c
-- Using all available rosidl_typesupport_cpp: rosidl_typesupport_fastrtps_cpp;rosidl_typesupport_introspection_cpp
-- Found rmw_implementation_cmake: 6.1.2 (/opt/ros/humble/share/rmw_implementation_cmake/cmake)
-- Found rmw_fastrtps_cpp: 6.2.7 (/opt/ros/humble/share/rmw_fastrtps_cpp/cmake)
-- Using RMW implementation 'rmw_fastrtps_cpp' as default
-- Found tutorial_interfaces: 0.0.0 (/home/ininjame/ros2_projs/ros2_ws/install/tutorial_interfaces/share/tutorial_interfaces/cmake)
-- Found ament_lint_auto: 0.12.11 (/opt/ros/humble/share/ament_lint_auto/cmake)
-- Added test 'cppcheck' to perform static code analysis on C / C++ code
-- Configured cppcheck include dirs: 
-- Configured cppcheck exclude dirs and/or files: 
-- Added test 'lint_cmake' to check CMake code style
-- Added test 'uncrustify' to check C / C++ code style
-- Configured uncrustify additional arguments: 
-- Added test 'xmllint' to check XML markup files
-- Configuring done
-- Generating done
-- Build files have been written to: /home/ininjame/ros2_projs/ros2_ws/build/cpp_srvccli
[35m[1mConsolidate compiler generated dependencies of target client[0m
[35m[1mConsolidate compiler generated dependencies of target server[0m
[ 50%] [32mBuilding CXX object CMakeFiles/server.dir/src/add_two_ints_server.cpp.o[0m
[ 50%] [32mBuilding CXX object CMakeFiles/client.dir/src/add_two_ints_client.cpp.o[0m
[ 75%] [32m[1mLinking CXX executable server[0m
[100%] [32m[1mLinking CXX executable client[0m
[100%] Built target server
[100%] Built target client
-- Install configuration: ""
-- Installing: /home/ininjame/ros2_projs/ros2_ws/install/cpp_srvccli/lib/cpp_srvccli/server
-- Set runtime path of "/home/ininjame/ros2_projs/ros2_ws/install/cpp_srvccli/lib/cpp_srvccli/server" to ""
-- Installing: /home/ininjame/ros2_projs/ros2_ws/install/cpp_srvccli/lib/cpp_srvccli/client
-- Set runtime path of "/home/ininjame/ros2_projs/ros2_ws/install/cpp_srvccli/lib/cpp_srvccli/client" to ""
-- Installing: /home/ininjame/ros2_projs/ros2_ws/install/cpp_srvccli/share/ament_index/resource_index/package_run_dependencies/cpp_srvccli
-- Installing: /home/ininjame/ros2_projs/ros2_ws/install/cpp_srvccli/share/ament_index/resource_index/parent_prefix_path/cpp_srvccli
-- Up-to-date: /home/ininjame/ros2_projs/ros2_ws/install/cpp_srvccli/share/cpp_srvccli/environment/ament_prefix_path.sh
-- Installing: /home/ininjame/ros2_projs/ros2_ws/install/cpp_srvccli/share/cpp_srvccli/environment/ament_prefix_path.dsv
-- Up-to-date: /home/ininjame/ros2_projs/ros2_ws/install/cpp_srvccli/share/cpp_srvccli/environment/path.sh
-- Installing: /home/ininjame/ros2_projs/ros2_ws/install/cpp_srvccli/share/cpp_srvccli/environment/path.dsv
-- Up-to-date: /home/ininjame/ros2_projs/ros2_ws/install/cpp_srvccli/share/cpp_srvccli/local_setup.bash
-- Up-to-date: /home/ininjame/ros2_projs/ros2_ws/install/cpp_srvccli/share/cpp_srvccli/local_setup.sh
-- Up-to-date: /home/ininjame/ros2_projs/ros2_ws/install/cpp_srvccli/share/cpp_srvccli/local_setup.zsh
-- Installing: /home/ininjame/ros2_projs/ros2_ws/install/cpp_srvccli/share/cpp_srvccli/local_setup.dsv
-- Installing: /home/ininjame/ros2_projs/ros2_ws/install/cpp_srvccli/share/cpp_srvccli/package.dsv
-- Up-to-date: /home/ininjame/ros2_projs/ros2_ws/install/cpp_srvccli/share/ament_index/resource_index/packages/cpp_srvccli
-- Up-to-date: /home/ininjame/ros2_projs/ros2_ws/install/cpp_srvccli/share/cpp_srvccli/cmake/cpp_srvccliConfig.cmake
-- Up-to-date: /home/ininjame/ros2_projs/ros2_ws/install/cpp_srvccli/share/cpp_srvccli/cmake/cpp_srvccliConfig-version.cmake
-- Installing: /home/ininjame/ros2_projs/ros2_ws/install/cpp_srvccli/share/cpp_srvccli/package.xml
