[0.077s] Invoking command in '/home/ininjame/ros2_projs/ros2_ws/build/cpp_srvccli': CMAKE_PREFIX_PATH=${CMAKE_PREFIX_PATH}:/home/ininjame/ros2_projs/ros2_ws/install/py_pubsub:/opt/ros/humble /usr/bin/cmake --build /home/ininjame/ros2_projs/ros2_ws/build/cpp_srvccli -- -j16 -l16
[0.158s] -- Found ament_cmake: 1.3.10 (/opt/ros/humble/share/ament_cmake/cmake)
[0.268s] -- Found rclcpp: 16.0.10 (/opt/ros/humble/share/rclcpp/cmake)
[0.701s] -- Found rosidl_generator_c: 3.1.5 (/opt/ros/humble/share/rosidl_generator_c/cmake)
[0.704s] -- Found rosidl_adapter: 3.1.5 (/opt/ros/humble/share/rosidl_adapter/cmake)
[0.713s] -- Found rosidl_generator_cpp: 3.1.5 (/opt/ros/humble/share/rosidl_generator_cpp/cmake)
[0.725s] -- Using all available rosidl_typesupport_c: rosidl_typesupport_fastrtps_c;rosidl_typesupport_introspection_c
[0.737s] -- Using all available rosidl_typesupport_cpp: rosidl_typesupport_fastrtps_cpp;rosidl_typesupport_introspection_cpp
[0.770s] -- Found rmw_implementation_cmake: 6.1.2 (/opt/ros/humble/share/rmw_implementation_cmake/cmake)
[0.772s] -- Found rmw_fastrtps_cpp: 6.2.7 (/opt/ros/humble/share/rmw_fastrtps_cpp/cmake)
[9.232s] -- Using RMW implementation 'rmw_fastrtps_cpp' as default
[9.286s] -- Found tutorial_interfaces: 0.0.0 (/home/ininjame/ros2_projs/ros2_ws/install/tutorial_interfaces/share/tutorial_interfaces/cmake)
[9.311s] -- Found ament_lint_auto: 0.12.11 (/opt/ros/humble/share/ament_lint_auto/cmake)
[9.361s] -- Added test 'cppcheck' to perform static code analysis on C / C++ code
[9.361s] -- Configured cppcheck include dirs: 
[9.361s] -- Configured cppcheck exclude dirs and/or files: 
[9.362s] -- Added test 'lint_cmake' to check CMake code style
[9.362s] -- Added test 'uncrustify' to check C / C++ code style
[9.362s] -- Configured uncrustify additional arguments: 
[9.363s] -- Added test 'xmllint' to check XML markup files
[9.364s] -- Configuring done
[9.377s] -- Generating done
[9.379s] -- Build files have been written to: /home/ininjame/ros2_projs/ros2_ws/build/cpp_srvccli
[9.399s] [35m[1mConsolidate compiler generated dependencies of target client[0m
[9.400s] [35m[1mConsolidate compiler generated dependencies of target server[0m
[9.410s] [ 50%] [32mBuilding CXX object CMakeFiles/server.dir/src/add_two_ints_server.cpp.o[0m
[9.410s] [ 50%] [32mBuilding CXX object CMakeFiles/client.dir/src/add_two_ints_client.cpp.o[0m
[12.022s] [ 75%] [32m[1mLinking CXX executable server[0m
[12.119s] [100%] [32m[1mLinking CXX executable client[0m
[12.222s] [100%] Built target server
[12.259s] [100%] Built target client
[12.266s] Invoked command in '/home/ininjame/ros2_projs/ros2_ws/build/cpp_srvccli' returned '0': CMAKE_PREFIX_PATH=${CMAKE_PREFIX_PATH}:/home/ininjame/ros2_projs/ros2_ws/install/py_pubsub:/opt/ros/humble /usr/bin/cmake --build /home/ininjame/ros2_projs/ros2_ws/build/cpp_srvccli -- -j16 -l16
[12.288s] Invoking command in '/home/ininjame/ros2_projs/ros2_ws/build/cpp_srvccli': CMAKE_PREFIX_PATH=${CMAKE_PREFIX_PATH}:/home/ininjame/ros2_projs/ros2_ws/install/py_pubsub:/opt/ros/humble /usr/bin/cmake --install /home/ininjame/ros2_projs/ros2_ws/build/cpp_srvccli
[12.291s] -- Install configuration: ""
[12.292s] -- Installing: /home/ininjame/ros2_projs/ros2_ws/install/cpp_srvccli/lib/cpp_srvccli/server
[12.293s] -- Set runtime path of "/home/ininjame/ros2_projs/ros2_ws/install/cpp_srvccli/lib/cpp_srvccli/server" to ""
[12.294s] -- Installing: /home/ininjame/ros2_projs/ros2_ws/install/cpp_srvccli/lib/cpp_srvccli/client
[12.294s] -- Set runtime path of "/home/ininjame/ros2_projs/ros2_ws/install/cpp_srvccli/lib/cpp_srvccli/client" to ""
[12.294s] -- Installing: /home/ininjame/ros2_projs/ros2_ws/install/cpp_srvccli/share/ament_index/resource_index/package_run_dependencies/cpp_srvccli
[12.295s] -- Installing: /home/ininjame/ros2_projs/ros2_ws/install/cpp_srvccli/share/ament_index/resource_index/parent_prefix_path/cpp_srvccli
[12.295s] -- Up-to-date: /home/ininjame/ros2_projs/ros2_ws/install/cpp_srvccli/share/cpp_srvccli/environment/ament_prefix_path.sh
[12.296s] -- Installing: /home/ininjame/ros2_projs/ros2_ws/install/cpp_srvccli/share/cpp_srvccli/environment/ament_prefix_path.dsv
[12.296s] -- Up-to-date: /home/ininjame/ros2_projs/ros2_ws/install/cpp_srvccli/share/cpp_srvccli/environment/path.sh
[12.296s] -- Installing: /home/ininjame/ros2_projs/ros2_ws/install/cpp_srvccli/share/cpp_srvccli/environment/path.dsv
[12.296s] -- Up-to-date: /home/ininjame/ros2_projs/ros2_ws/install/cpp_srvccli/share/cpp_srvccli/local_setup.bash
[12.296s] -- Up-to-date: /home/ininjame/ros2_projs/ros2_ws/install/cpp_srvccli/share/cpp_srvccli/local_setup.sh
[12.296s] -- Up-to-date: /home/ininjame/ros2_projs/ros2_ws/install/cpp_srvccli/share/cpp_srvccli/local_setup.zsh
[12.296s] -- Installing: /home/ininjame/ros2_projs/ros2_ws/install/cpp_srvccli/share/cpp_srvccli/local_setup.dsv
[12.297s] -- Installing: /home/ininjame/ros2_projs/ros2_ws/install/cpp_srvccli/share/cpp_srvccli/package.dsv
[12.297s] -- Up-to-date: /home/ininjame/ros2_projs/ros2_ws/install/cpp_srvccli/share/ament_index/resource_index/packages/cpp_srvccli
[12.297s] -- Up-to-date: /home/ininjame/ros2_projs/ros2_ws/install/cpp_srvccli/share/cpp_srvccli/cmake/cpp_srvccliConfig.cmake
[12.297s] -- Up-to-date: /home/ininjame/ros2_projs/ros2_ws/install/cpp_srvccli/share/cpp_srvccli/cmake/cpp_srvccliConfig-version.cmake
[12.297s] -- Installing: /home/ininjame/ros2_projs/ros2_ws/install/cpp_srvccli/share/cpp_srvccli/package.xml
[12.298s] Invoked command in '/home/ininjame/ros2_projs/ros2_ws/build/cpp_srvccli' returned '0': CMAKE_PREFIX_PATH=${CMAKE_PREFIX_PATH}:/home/ininjame/ros2_projs/ros2_ws/install/py_pubsub:/opt/ros/humble /usr/bin/cmake --install /home/ininjame/ros2_projs/ros2_ws/build/cpp_srvccli
