[0.073s] Invoking command in '/home/ininjame/ros2_projs/ros2_ws/build/polygon_plugins': AMENT_PREFIX_PATH=/home/ininjame/ros2_projs/ros2_ws/install/polygon_base:${AMENT_PREFIX_PATH} CMAKE_PREFIX_PATH=/home/ininjame/ros2_projs/ros2_ws/install/polygon_base:/home/ininjame/ros2_projs/ros2_ws/install/cpp_srvccli:/home/ininjame/ros2_projs/ros2_ws/install/cpp_pubsub:/home/ininjame/ros2_projs/ros2_ws/install/tutorial_interfaces:/home/ininjame/ros2_projs/ros2_ws/install/cpp_parameters:/home/ininjame/ros2_projs/ros2_ws/install/py_pubsub:/opt/ros/humble /usr/bin/cmake /home/ininjame/ros2_projs/ros2_ws/src/polygon_plugins -DCMAKE_INSTALL_PREFIX=/home/ininjame/ros2_projs/ros2_ws/install/polygon_plugins
[0.079s] -- Found ament_cmake: 1.3.10 (/opt/ros/humble/share/ament_cmake/cmake)
[0.157s] -- Found ament_cmake_ros: 0.10.0 (/opt/ros/humble/share/ament_cmake_ros/cmake)
[0.158s] -- Found polygon_base: 0.0.0 (/home/ininjame/ros2_projs/ros2_ws/install/polygon_base/share/polygon_base/cmake)
[0.158s] -- Found pluginlib: 5.1.0 (/opt/ros/humble/share/pluginlib/cmake)
[2.438s] -- Found ament_lint_auto: 0.12.11 (/opt/ros/humble/share/ament_lint_auto/cmake)
[2.494s] -- Added test 'cppcheck' to perform static code analysis on C / C++ code
[2.494s] -- Configured cppcheck include dirs: $<BUILD_INTERFACE:/home/ininjame/ros2_projs/ros2_ws/src/polygon_plugins/include>
[2.494s] -- Configured cppcheck exclude dirs and/or files: 
[2.495s] -- Added test 'lint_cmake' to check CMake code style
[2.495s] -- Added test 'uncrustify' to check C / C++ code style
[2.495s] -- Configured uncrustify additional arguments: 
[2.496s] -- Added test 'xmllint' to check XML markup files
[2.500s] -- Configuring done
[2.504s] -- Generating done
[2.505s] -- Build files have been written to: /home/ininjame/ros2_projs/ros2_ws/build/polygon_plugins
[2.509s] Invoked command in '/home/ininjame/ros2_projs/ros2_ws/build/polygon_plugins' returned '0': AMENT_PREFIX_PATH=/home/ininjame/ros2_projs/ros2_ws/install/polygon_base:${AMENT_PREFIX_PATH} CMAKE_PREFIX_PATH=/home/ininjame/ros2_projs/ros2_ws/install/polygon_base:/home/ininjame/ros2_projs/ros2_ws/install/cpp_srvccli:/home/ininjame/ros2_projs/ros2_ws/install/cpp_pubsub:/home/ininjame/ros2_projs/ros2_ws/install/tutorial_interfaces:/home/ininjame/ros2_projs/ros2_ws/install/cpp_parameters:/home/ininjame/ros2_projs/ros2_ws/install/py_pubsub:/opt/ros/humble /usr/bin/cmake /home/ininjame/ros2_projs/ros2_ws/src/polygon_plugins -DCMAKE_INSTALL_PREFIX=/home/ininjame/ros2_projs/ros2_ws/install/polygon_plugins
[2.510s] Invoking command in '/home/ininjame/ros2_projs/ros2_ws/build/polygon_plugins': AMENT_PREFIX_PATH=/home/ininjame/ros2_projs/ros2_ws/install/polygon_base:${AMENT_PREFIX_PATH} CMAKE_PREFIX_PATH=/home/ininjame/ros2_projs/ros2_ws/install/polygon_base:/home/ininjame/ros2_projs/ros2_ws/install/cpp_srvccli:/home/ininjame/ros2_projs/ros2_ws/install/cpp_pubsub:/home/ininjame/ros2_projs/ros2_ws/install/tutorial_interfaces:/home/ininjame/ros2_projs/ros2_ws/install/cpp_parameters:/home/ininjame/ros2_projs/ros2_ws/install/py_pubsub:/opt/ros/humble /usr/bin/cmake --build /home/ininjame/ros2_projs/ros2_ws/build/polygon_plugins -- -j16 -l16
[2.535s] [ 50%] [32mBuilding CXX object CMakeFiles/polygon_plugins.dir/src/polygon_plugins.cpp.o[0m
[2.928s] [100%] [32m[1mLinking CXX shared library libpolygon_plugins.so[0m
[3.057s] [100%] Built target polygon_plugins
[3.063s] Invoked command in '/home/ininjame/ros2_projs/ros2_ws/build/polygon_plugins' returned '0': AMENT_PREFIX_PATH=/home/ininjame/ros2_projs/ros2_ws/install/polygon_base:${AMENT_PREFIX_PATH} CMAKE_PREFIX_PATH=/home/ininjame/ros2_projs/ros2_ws/install/polygon_base:/home/ininjame/ros2_projs/ros2_ws/install/cpp_srvccli:/home/ininjame/ros2_projs/ros2_ws/install/cpp_pubsub:/home/ininjame/ros2_projs/ros2_ws/install/tutorial_interfaces:/home/ininjame/ros2_projs/ros2_ws/install/cpp_parameters:/home/ininjame/ros2_projs/ros2_ws/install/py_pubsub:/opt/ros/humble /usr/bin/cmake --build /home/ininjame/ros2_projs/ros2_ws/build/polygon_plugins -- -j16 -l16
[3.075s] Invoking command in '/home/ininjame/ros2_projs/ros2_ws/build/polygon_plugins': AMENT_PREFIX_PATH=/home/ininjame/ros2_projs/ros2_ws/install/polygon_base:${AMENT_PREFIX_PATH} CMAKE_PREFIX_PATH=/home/ininjame/ros2_projs/ros2_ws/install/polygon_base:/home/ininjame/ros2_projs/ros2_ws/install/cpp_srvccli:/home/ininjame/ros2_projs/ros2_ws/install/cpp_pubsub:/home/ininjame/ros2_projs/ros2_ws/install/tutorial_interfaces:/home/ininjame/ros2_projs/ros2_ws/install/cpp_parameters:/home/ininjame/ros2_projs/ros2_ws/install/py_pubsub:/opt/ros/humble /usr/bin/cmake --install /home/ininjame/ros2_projs/ros2_ws/build/polygon_plugins
[3.079s] -- Install configuration: ""
[3.079s] -- Installing: /home/ininjame/ros2_projs/ros2_ws/install/polygon_plugins/share/polygon_plugins/plugins.xml
[3.079s] -- Installing: /home/ininjame/ros2_projs/ros2_ws/install/polygon_plugins/include
[3.079s] -- Installing: /home/ininjame/ros2_projs/ros2_ws/install/polygon_plugins/include/polygon_plugins
[3.079s] -- Installing: /home/ininjame/ros2_projs/ros2_ws/install/polygon_plugins/include/polygon_plugins/visibility_control.h
[3.079s] -- Installing: /home/ininjame/ros2_projs/ros2_ws/install/polygon_plugins/include/polygon_plugins/polygon_plugins.hpp
[3.079s] -- Installing: /home/ininjame/ros2_projs/ros2_ws/install/polygon_plugins/lib/libpolygon_plugins.so
[3.079s] -- Set runtime path of "/home/ininjame/ros2_projs/ros2_ws/install/polygon_plugins/lib/libpolygon_plugins.so" to ""
[3.079s] -- Installing: /home/ininjame/ros2_projs/ros2_ws/install/polygon_plugins/share/polygon_plugins/environment/library_path.sh
[3.079s] -- Installing: /home/ininjame/ros2_projs/ros2_ws/install/polygon_plugins/share/polygon_plugins/environment/library_path.dsv
[3.080s] -- Installing: /home/ininjame/ros2_projs/ros2_ws/install/polygon_plugins/share/ament_index/resource_index/package_run_dependencies/polygon_plugins
[3.080s] -- Installing: /home/ininjame/ros2_projs/ros2_ws/install/polygon_plugins/share/ament_index/resource_index/parent_prefix_path/polygon_plugins
[3.080s] -- Installing: /home/ininjame/ros2_projs/ros2_ws/install/polygon_plugins/share/polygon_plugins/environment/ament_prefix_path.sh
[3.080s] -- Installing: /home/ininjame/ros2_projs/ros2_ws/install/polygon_plugins/share/polygon_plugins/environment/ament_prefix_path.dsv
[3.080s] -- Installing: /home/ininjame/ros2_projs/ros2_ws/install/polygon_plugins/share/polygon_plugins/environment/path.sh
[3.080s] -- Installing: /home/ininjame/ros2_projs/ros2_ws/install/polygon_plugins/share/polygon_plugins/environment/path.dsv
[3.080s] -- Installing: /home/ininjame/ros2_projs/ros2_ws/install/polygon_plugins/share/polygon_plugins/local_setup.bash
[3.080s] -- Installing: /home/ininjame/ros2_projs/ros2_ws/install/polygon_plugins/share/polygon_plugins/local_setup.sh
[3.081s] -- Installing: /home/ininjame/ros2_projs/ros2_ws/install/polygon_plugins/share/polygon_plugins/local_setup.zsh
[3.081s] -- Installing: /home/ininjame/ros2_projs/ros2_ws/install/polygon_plugins/share/polygon_plugins/local_setup.dsv
[3.081s] -- Installing: /home/ininjame/ros2_projs/ros2_ws/install/polygon_plugins/share/polygon_plugins/package.dsv
[3.081s] -- Installing: /home/ininjame/ros2_projs/ros2_ws/install/polygon_plugins/share/ament_index/resource_index/packages/polygon_plugins
[3.081s] -- Installing: /home/ininjame/ros2_projs/ros2_ws/install/polygon_plugins/share/ament_index/resource_index/polygon_base__pluginlib__plugin/polygon_plugins
[3.081s] -- Installing: /home/ininjame/ros2_projs/ros2_ws/install/polygon_plugins/share/polygon_plugins/cmake/export_polygon_pluginsExport.cmake
[3.081s] -- Installing: /home/ininjame/ros2_projs/ros2_ws/install/polygon_plugins/share/polygon_plugins/cmake/export_polygon_pluginsExport-noconfig.cmake
[3.082s] -- Installing: /home/ininjame/ros2_projs/ros2_ws/install/polygon_plugins/share/polygon_plugins/cmake/ament_cmake_export_include_directories-extras.cmake
[3.082s] -- Installing: /home/ininjame/ros2_projs/ros2_ws/install/polygon_plugins/share/polygon_plugins/cmake/ament_cmake_export_libraries-extras.cmake
[3.082s] -- Installing: /home/ininjame/ros2_projs/ros2_ws/install/polygon_plugins/share/polygon_plugins/cmake/ament_cmake_export_targets-extras.cmake
[3.082s] -- Installing: /home/ininjame/ros2_projs/ros2_ws/install/polygon_plugins/share/polygon_plugins/cmake/polygon_pluginsConfig.cmake
[3.082s] -- Installing: /home/ininjame/ros2_projs/ros2_ws/install/polygon_plugins/share/polygon_plugins/cmake/polygon_pluginsConfig-version.cmake
[3.082s] -- Installing: /home/ininjame/ros2_projs/ros2_ws/install/polygon_plugins/share/polygon_plugins/package.xml
[3.084s] Invoked command in '/home/ininjame/ros2_projs/ros2_ws/build/polygon_plugins' returned '0': AMENT_PREFIX_PATH=/home/ininjame/ros2_projs/ros2_ws/install/polygon_base:${AMENT_PREFIX_PATH} CMAKE_PREFIX_PATH=/home/ininjame/ros2_projs/ros2_ws/install/polygon_base:/home/ininjame/ros2_projs/ros2_ws/install/cpp_srvccli:/home/ininjame/ros2_projs/ros2_ws/install/cpp_pubsub:/home/ininjame/ros2_projs/ros2_ws/install/tutorial_interfaces:/home/ininjame/ros2_projs/ros2_ws/install/cpp_parameters:/home/ininjame/ros2_projs/ros2_ws/install/py_pubsub:/opt/ros/humble /usr/bin/cmake --install /home/ininjame/ros2_projs/ros2_ws/build/polygon_plugins
