[0.445s] Invoking command in '/home/ininjame/ros2_projs/ros2_ws/src/py_pubsub': PYTHONPATH=/home/ininjame/ros2_projs/ros2_ws/build/py_pubsub/prefix_override:/usr/lib/python3/dist-packages/colcon_core/task/python/colcon_distutils_commands:/home/ininjame/ros2_projs/ros2_ws/install/py_pubsub/lib/python3.10/site-packages:${PYTHONPATH} /usr/bin/python3 -W ignore:setup.py install is deprecated setup.py egg_info --egg-base ../../build/py_pubsub build --build-base /home/ininjame/ros2_projs/ros2_ws/build/py_pubsub/build install --record /home/ininjame/ros2_projs/ros2_ws/build/py_pubsub/install.log --single-version-externally-managed install_data
[0.565s] running egg_info
[0.566s] creating ../../build/py_pubsub/py_pubsub.egg-info
[0.566s] writing ../../build/py_pubsub/py_pubsub.egg-info/PKG-INFO
[0.566s] writing dependency_links to ../../build/py_pubsub/py_pubsub.egg-info/dependency_links.txt
[0.566s] writing entry points to ../../build/py_pubsub/py_pubsub.egg-info/entry_points.txt
[0.566s] writing requirements to ../../build/py_pubsub/py_pubsub.egg-info/requires.txt
[0.566s] writing top-level names to ../../build/py_pubsub/py_pubsub.egg-info/top_level.txt
[0.566s] writing manifest file '../../build/py_pubsub/py_pubsub.egg-info/SOURCES.txt'
[0.567s] reading manifest file '../../build/py_pubsub/py_pubsub.egg-info/SOURCES.txt'
[0.567s] adding license file 'LICENSE'
[0.568s] writing manifest file '../../build/py_pubsub/py_pubsub.egg-info/SOURCES.txt'
[0.568s] running build
[0.568s] running build_py
[0.568s] creating /home/ininjame/ros2_projs/ros2_ws/build/py_pubsub/build
[0.568s] creating /home/ininjame/ros2_projs/ros2_ws/build/py_pubsub/build/lib
[0.568s] creating /home/ininjame/ros2_projs/ros2_ws/build/py_pubsub/build/lib/py_pubsub
[0.568s] copying py_pubsub/subscriber_member_function.py -> /home/ininjame/ros2_projs/ros2_ws/build/py_pubsub/build/lib/py_pubsub
[0.568s] copying py_pubsub/publisher_member_function.py -> /home/ininjame/ros2_projs/ros2_ws/build/py_pubsub/build/lib/py_pubsub
[0.568s] copying py_pubsub/__init__.py -> /home/ininjame/ros2_projs/ros2_ws/build/py_pubsub/build/lib/py_pubsub
[0.568s] running install
[0.568s] running install_lib
[0.569s] creating /home/ininjame/ros2_projs/ros2_ws/install/py_pubsub/lib/python3.10/site-packages/py_pubsub
[0.569s] copying /home/ininjame/ros2_projs/ros2_ws/build/py_pubsub/build/lib/py_pubsub/subscriber_member_function.py -> /home/ininjame/ros2_projs/ros2_ws/install/py_pubsub/lib/python3.10/site-packages/py_pubsub
[0.569s] copying /home/ininjame/ros2_projs/ros2_ws/build/py_pubsub/build/lib/py_pubsub/publisher_member_function.py -> /home/ininjame/ros2_projs/ros2_ws/install/py_pubsub/lib/python3.10/site-packages/py_pubsub
[0.569s] copying /home/ininjame/ros2_projs/ros2_ws/build/py_pubsub/build/lib/py_pubsub/__init__.py -> /home/ininjame/ros2_projs/ros2_ws/install/py_pubsub/lib/python3.10/site-packages/py_pubsub
[0.569s] byte-compiling /home/ininjame/ros2_projs/ros2_ws/install/py_pubsub/lib/python3.10/site-packages/py_pubsub/subscriber_member_function.py to subscriber_member_function.cpython-310.pyc
[0.570s] byte-compiling /home/ininjame/ros2_projs/ros2_ws/install/py_pubsub/lib/python3.10/site-packages/py_pubsub/publisher_member_function.py to publisher_member_function.cpython-310.pyc
[0.570s] byte-compiling /home/ininjame/ros2_projs/ros2_ws/install/py_pubsub/lib/python3.10/site-packages/py_pubsub/__init__.py to __init__.cpython-310.pyc
[0.570s] running install_data
[0.570s] creating /home/ininjame/ros2_projs/ros2_ws/install/py_pubsub/share/ament_index
[0.570s] creating /home/ininjame/ros2_projs/ros2_ws/install/py_pubsub/share/ament_index/resource_index
[0.570s] creating /home/ininjame/ros2_projs/ros2_ws/install/py_pubsub/share/ament_index/resource_index/packages
[0.570s] copying resource/py_pubsub -> /home/ininjame/ros2_projs/ros2_ws/install/py_pubsub/share/ament_index/resource_index/packages
[0.570s] copying package.xml -> /home/ininjame/ros2_projs/ros2_ws/install/py_pubsub/share/py_pubsub
[0.570s] running install_egg_info
[0.572s] Copying ../../build/py_pubsub/py_pubsub.egg-info to /home/ininjame/ros2_projs/ros2_ws/install/py_pubsub/lib/python3.10/site-packages/py_pubsub-0.0.0-py3.10.egg-info
[0.572s] running install_scripts
[0.585s] Installing listener script to /home/ininjame/ros2_projs/ros2_ws/install/py_pubsub/lib/py_pubsub
[0.586s] Installing talker script to /home/ininjame/ros2_projs/ros2_ws/install/py_pubsub/lib/py_pubsub
[0.586s] writing list of installed files to '/home/ininjame/ros2_projs/ros2_ws/build/py_pubsub/install.log'
[0.602s] Invoked command in '/home/ininjame/ros2_projs/ros2_ws/src/py_pubsub' returned '0': PYTHONPATH=/home/ininjame/ros2_projs/ros2_ws/build/py_pubsub/prefix_override:/usr/lib/python3/dist-packages/colcon_core/task/python/colcon_distutils_commands:/home/ininjame/ros2_projs/ros2_ws/install/py_pubsub/lib/python3.10/site-packages:${PYTHONPATH} /usr/bin/python3 -W ignore:setup.py install is deprecated setup.py egg_info --egg-base ../../build/py_pubsub build --build-base /home/ininjame/ros2_projs/ros2_ws/build/py_pubsub/build install --record /home/ininjame/ros2_projs/ros2_ws/build/py_pubsub/install.log --single-version-externally-managed install_data
