[0.358s] DEBUG:colcon:Command line arguments: ['/usr/bin/colcon', 'build', '--packages-select', 'cpp_parameters']
[0.359s] DEBUG:colcon:Parsed command line arguments: Namespace(log_base=None, log_level=None, verb_name='build', build_base='build', install_base='install', merge_install=False, symlink_install=False, test_result_base=None, continue_on_error=False, executor='parallel', parallel_workers=16, event_handlers=None, ignore_user_meta=False, metas=['./colcon.meta'], base_paths=['.'], packages_ignore=None, packages_ignore_regex=None, paths=None, packages_up_to=None, packages_up_to_regex=None, packages_above=None, packages_above_and_dependencies=None, packages_above_depth=None, packages_select_by_dep=None, packages_skip_by_dep=None, packages_skip_up_to=None, packages_select_build_failed=False, packages_skip_build_finished=False, packages_select_test_failures=False, packages_skip_test_passed=False, packages_select=['cpp_parameters'], packages_skip=None, packages_select_regex=None, packages_skip_regex=None, packages_start=None, packages_end=None, allow_overriding=[], cmake_args=None, cmake_target=None, cmake_target_skip_unavailable=False, cmake_clean_cache=False, cmake_clean_first=False, cmake_force_configure=False, ament_cmake_args=None, catkin_cmake_args=None, catkin_skip_building_tests=False, mixin_files=None, mixin=None, verb_parser=<colcon_mixin.mixin.mixin_argument.MixinArgumentDecorator object at 0x7fc5981a87c0>, verb_extension=<colcon_core.verb.build.BuildVerb object at 0x7fc5981a8310>, main=<bound method BuildVerb.main of <colcon_core.verb.build.BuildVerb object at 0x7fc5981a8310>>, mixin_verb=('build',))
[0.714s] Level 1:colcon.colcon_core.package_discovery:discover_packages(colcon_meta) check parameters
[0.714s] Level 1:colcon.colcon_core.package_discovery:discover_packages(recursive) check parameters
[0.714s] Level 1:colcon.colcon_core.package_discovery:discover_packages(ignore) check parameters
[0.714s] Level 1:colcon.colcon_core.package_discovery:discover_packages(path) check parameters
[0.714s] Level 1:colcon.colcon_core.package_discovery:discover_packages(colcon_meta) discover
[0.714s] Level 1:colcon.colcon_core.package_discovery:discover_packages(recursive) discover
[0.714s] INFO:colcon.colcon_core.package_discovery:Crawling recursively for packages in '/home/ininjame/ros2_projs/ros2_ws'
[0.714s] Level 1:colcon.colcon_core.package_identification:_identify(.) by extensions ['ignore', 'ignore_ament_install']
[0.715s] Level 1:colcon.colcon_core.package_identification:_identify(.) by extension 'ignore'
[0.715s] Level 1:colcon.colcon_core.package_identification:_identify(.) by extension 'ignore_ament_install'
[0.715s] Level 1:colcon.colcon_core.package_identification:_identify(.) by extensions ['colcon_pkg']
[0.715s] Level 1:colcon.colcon_core.package_identification:_identify(.) by extension 'colcon_pkg'
[0.715s] Level 1:colcon.colcon_core.package_identification:_identify(.) by extensions ['colcon_meta']
[0.715s] Level 1:colcon.colcon_core.package_identification:_identify(.) by extension 'colcon_meta'
[0.715s] Level 1:colcon.colcon_core.package_identification:_identify(.) by extensions ['ros']
[0.715s] Level 1:colcon.colcon_core.package_identification:_identify(.) by extension 'ros'
[0.724s] Level 1:colcon.colcon_core.package_identification:_identify(.) by extensions ['cmake', 'python']
[0.725s] Level 1:colcon.colcon_core.package_identification:_identify(.) by extension 'cmake'
[0.725s] Level 1:colcon.colcon_core.package_identification:_identify(.) by extension 'python'
[0.725s] Level 1:colcon.colcon_core.package_identification:_identify(.) by extensions ['python_setup_py']
[0.725s] Level 1:colcon.colcon_core.package_identification:_identify(.) by extension 'python_setup_py'
[0.725s] Level 1:colcon.colcon_core.package_identification:_identify(build) by extensions ['ignore', 'ignore_ament_install']
[0.725s] Level 1:colcon.colcon_core.package_identification:_identify(build) by extension 'ignore'
[0.725s] Level 1:colcon.colcon_core.package_identification:_identify(build) ignored
[0.726s] Level 1:colcon.colcon_core.package_identification:_identify(install) by extensions ['ignore', 'ignore_ament_install']
[0.726s] Level 1:colcon.colcon_core.package_identification:_identify(install) by extension 'ignore'
[0.726s] Level 1:colcon.colcon_core.package_identification:_identify(install) ignored
[0.726s] Level 1:colcon.colcon_core.package_identification:_identify(log) by extensions ['ignore', 'ignore_ament_install']
[0.726s] Level 1:colcon.colcon_core.package_identification:_identify(log) by extension 'ignore'
[0.726s] Level 1:colcon.colcon_core.package_identification:_identify(log) ignored
[0.726s] Level 1:colcon.colcon_core.package_identification:_identify(src) by extensions ['ignore', 'ignore_ament_install']
[0.726s] Level 1:colcon.colcon_core.package_identification:_identify(src) by extension 'ignore'
[0.726s] Level 1:colcon.colcon_core.package_identification:_identify(src) by extension 'ignore_ament_install'
[0.726s] Level 1:colcon.colcon_core.package_identification:_identify(src) by extensions ['colcon_pkg']
[0.726s] Level 1:colcon.colcon_core.package_identification:_identify(src) by extension 'colcon_pkg'
[0.726s] Level 1:colcon.colcon_core.package_identification:_identify(src) by extensions ['colcon_meta']
[0.726s] Level 1:colcon.colcon_core.package_identification:_identify(src) by extension 'colcon_meta'
[0.726s] Level 1:colcon.colcon_core.package_identification:_identify(src) by extensions ['ros']
[0.726s] Level 1:colcon.colcon_core.package_identification:_identify(src) by extension 'ros'
[0.726s] Level 1:colcon.colcon_core.package_identification:_identify(src) by extensions ['cmake', 'python']
[0.726s] Level 1:colcon.colcon_core.package_identification:_identify(src) by extension 'cmake'
[0.726s] Level 1:colcon.colcon_core.package_identification:_identify(src) by extension 'python'
[0.726s] Level 1:colcon.colcon_core.package_identification:_identify(src) by extensions ['python_setup_py']
[0.726s] Level 1:colcon.colcon_core.package_identification:_identify(src) by extension 'python_setup_py'
[0.726s] Level 1:colcon.colcon_core.package_identification:_identify(src/cpp_parameters) by extensions ['ignore', 'ignore_ament_install']
[0.727s] Level 1:colcon.colcon_core.package_identification:_identify(src/cpp_parameters) by extension 'ignore'
[0.727s] Level 1:colcon.colcon_core.package_identification:_identify(src/cpp_parameters) by extension 'ignore_ament_install'
[0.727s] Level 1:colcon.colcon_core.package_identification:_identify(src/cpp_parameters) by extensions ['colcon_pkg']
[0.727s] Level 1:colcon.colcon_core.package_identification:_identify(src/cpp_parameters) by extension 'colcon_pkg'
[0.727s] Level 1:colcon.colcon_core.package_identification:_identify(src/cpp_parameters) by extensions ['colcon_meta']
[0.727s] Level 1:colcon.colcon_core.package_identification:_identify(src/cpp_parameters) by extension 'colcon_meta'
[0.727s] Level 1:colcon.colcon_core.package_identification:_identify(src/cpp_parameters) by extensions ['ros']
[0.727s] Level 1:colcon.colcon_core.package_identification:_identify(src/cpp_parameters) by extension 'ros'
[0.729s] DEBUG:colcon.colcon_core.package_identification:Package 'src/cpp_parameters' with type 'ros.ament_cmake' and name 'cpp_parameters'
[0.729s] Level 1:colcon.colcon_core.package_identification:_identify(src/cpp_pubsub) by extensions ['ignore', 'ignore_ament_install']
[0.729s] Level 1:colcon.colcon_core.package_identification:_identify(src/cpp_pubsub) by extension 'ignore'
[0.729s] Level 1:colcon.colcon_core.package_identification:_identify(src/cpp_pubsub) by extension 'ignore_ament_install'
[0.729s] Level 1:colcon.colcon_core.package_identification:_identify(src/cpp_pubsub) by extensions ['colcon_pkg']
[0.729s] Level 1:colcon.colcon_core.package_identification:_identify(src/cpp_pubsub) by extension 'colcon_pkg'
[0.729s] Level 1:colcon.colcon_core.package_identification:_identify(src/cpp_pubsub) by extensions ['colcon_meta']
[0.729s] Level 1:colcon.colcon_core.package_identification:_identify(src/cpp_pubsub) by extension 'colcon_meta'
[0.730s] Level 1:colcon.colcon_core.package_identification:_identify(src/cpp_pubsub) by extensions ['ros']
[0.730s] Level 1:colcon.colcon_core.package_identification:_identify(src/cpp_pubsub) by extension 'ros'
[0.730s] DEBUG:colcon.colcon_core.package_identification:Package 'src/cpp_pubsub' with type 'ros.ament_cmake' and name 'cpp_pubsub'
[0.730s] Level 1:colcon.colcon_core.package_identification:_identify(src/cpp_srvccli) by extensions ['ignore', 'ignore_ament_install']
[0.730s] Level 1:colcon.colcon_core.package_identification:_identify(src/cpp_srvccli) by extension 'ignore'
[0.730s] Level 1:colcon.colcon_core.package_identification:_identify(src/cpp_srvccli) by extension 'ignore_ament_install'
[0.731s] Level 1:colcon.colcon_core.package_identification:_identify(src/cpp_srvccli) by extensions ['colcon_pkg']
[0.731s] Level 1:colcon.colcon_core.package_identification:_identify(src/cpp_srvccli) by extension 'colcon_pkg'
[0.731s] Level 1:colcon.colcon_core.package_identification:_identify(src/cpp_srvccli) by extensions ['colcon_meta']
[0.731s] Level 1:colcon.colcon_core.package_identification:_identify(src/cpp_srvccli) by extension 'colcon_meta'
[0.731s] Level 1:colcon.colcon_core.package_identification:_identify(src/cpp_srvccli) by extensions ['ros']
[0.731s] Level 1:colcon.colcon_core.package_identification:_identify(src/cpp_srvccli) by extension 'ros'
[0.731s] DEBUG:colcon.colcon_core.package_identification:Package 'src/cpp_srvccli' with type 'ros.ament_cmake' and name 'cpp_srvccli'
[0.731s] Level 1:colcon.colcon_core.package_identification:_identify(src/py_pubsub) by extensions ['ignore', 'ignore_ament_install']
[0.731s] Level 1:colcon.colcon_core.package_identification:_identify(src/py_pubsub) by extension 'ignore'
[0.732s] Level 1:colcon.colcon_core.package_identification:_identify(src/py_pubsub) by extension 'ignore_ament_install'
[0.732s] Level 1:colcon.colcon_core.package_identification:_identify(src/py_pubsub) by extensions ['colcon_pkg']
[0.732s] Level 1:colcon.colcon_core.package_identification:_identify(src/py_pubsub) by extension 'colcon_pkg'
[0.732s] Level 1:colcon.colcon_core.package_identification:_identify(src/py_pubsub) by extensions ['colcon_meta']
[0.732s] Level 1:colcon.colcon_core.package_identification:_identify(src/py_pubsub) by extension 'colcon_meta'
[0.732s] Level 1:colcon.colcon_core.package_identification:_identify(src/py_pubsub) by extensions ['ros']
[0.732s] Level 1:colcon.colcon_core.package_identification:_identify(src/py_pubsub) by extension 'ros'
[0.732s] DEBUG:colcon.colcon_core.package_identification:Package 'src/py_pubsub' with type 'ros.ament_python' and name 'py_pubsub'
[0.732s] Level 1:colcon.colcon_core.package_identification:_identify(src/tutorial_interfaces) by extensions ['ignore', 'ignore_ament_install']
[0.733s] Level 1:colcon.colcon_core.package_identification:_identify(src/tutorial_interfaces) by extension 'ignore'
[0.733s] Level 1:colcon.colcon_core.package_identification:_identify(src/tutorial_interfaces) by extension 'ignore_ament_install'
[0.733s] Level 1:colcon.colcon_core.package_identification:_identify(src/tutorial_interfaces) by extensions ['colcon_pkg']
[0.733s] Level 1:colcon.colcon_core.package_identification:_identify(src/tutorial_interfaces) by extension 'colcon_pkg'
[0.733s] Level 1:colcon.colcon_core.package_identification:_identify(src/tutorial_interfaces) by extensions ['colcon_meta']
[0.733s] Level 1:colcon.colcon_core.package_identification:_identify(src/tutorial_interfaces) by extension 'colcon_meta'
[0.733s] Level 1:colcon.colcon_core.package_identification:_identify(src/tutorial_interfaces) by extensions ['ros']
[0.733s] Level 1:colcon.colcon_core.package_identification:_identify(src/tutorial_interfaces) by extension 'ros'
[0.733s] DEBUG:colcon.colcon_core.package_identification:Package 'src/tutorial_interfaces' with type 'ros.ament_cmake' and name 'tutorial_interfaces'
[0.733s] Level 1:colcon.colcon_core.package_discovery:discover_packages(recursive) using defaults
[0.733s] Level 1:colcon.colcon_core.package_discovery:discover_packages(ignore) discover
[0.733s] Level 1:colcon.colcon_core.package_discovery:discover_packages(ignore) using defaults
[0.734s] Level 1:colcon.colcon_core.package_discovery:discover_packages(path) discover
[0.734s] Level 1:colcon.colcon_core.package_discovery:discover_packages(path) using defaults
[0.786s] INFO:colcon.colcon_core.package_selection:Skipping not selected package 'py_pubsub' in 'src/py_pubsub'
[0.786s] INFO:colcon.colcon_core.package_selection:Skipping not selected package 'tutorial_interfaces' in 'src/tutorial_interfaces'
[0.786s] INFO:colcon.colcon_core.package_selection:Skipping not selected package 'cpp_pubsub' in 'src/cpp_pubsub'
[0.786s] INFO:colcon.colcon_core.package_selection:Skipping not selected package 'cpp_srvccli' in 'src/cpp_srvccli'
[0.787s] Level 1:colcon.colcon_core.package_discovery:discover_packages(prefix_path) check parameters
[0.787s] Level 1:colcon.colcon_core.package_discovery:discover_packages(prefix_path) discover
[0.792s] DEBUG:colcon.colcon_installed_package_information.package_discovery:Found 271 installed packages in /opt/ros/humble
[0.793s] Level 1:colcon.colcon_core.package_discovery:discover_packages(prefix_path) using defaults
[0.902s] Level 5:colcon.colcon_core.verb:set package 'cpp_parameters' build argument 'cmake_args' from command line to 'None'
[0.902s] Level 5:colcon.colcon_core.verb:set package 'cpp_parameters' build argument 'cmake_target' from command line to 'None'
[0.902s] Level 5:colcon.colcon_core.verb:set package 'cpp_parameters' build argument 'cmake_target_skip_unavailable' from command line to 'False'
[0.902s] Level 5:colcon.colcon_core.verb:set package 'cpp_parameters' build argument 'cmake_clean_cache' from command line to 'False'
[0.902s] Level 5:colcon.colcon_core.verb:set package 'cpp_parameters' build argument 'cmake_clean_first' from command line to 'False'
[0.903s] Level 5:colcon.colcon_core.verb:set package 'cpp_parameters' build argument 'cmake_force_configure' from command line to 'False'
[0.903s] Level 5:colcon.colcon_core.verb:set package 'cpp_parameters' build argument 'ament_cmake_args' from command line to 'None'
[0.903s] Level 5:colcon.colcon_core.verb:set package 'cpp_parameters' build argument 'catkin_cmake_args' from command line to 'None'
[0.903s] Level 5:colcon.colcon_core.verb:set package 'cpp_parameters' build argument 'catkin_skip_building_tests' from command line to 'False'
[0.903s] DEBUG:colcon.colcon_core.verb:Building package 'cpp_parameters' with the following arguments: {'ament_cmake_args': None, 'build_base': '/home/ininjame/ros2_projs/ros2_ws/build/cpp_parameters', 'catkin_cmake_args': None, 'catkin_skip_building_tests': False, 'cmake_args': None, 'cmake_clean_cache': False, 'cmake_clean_first': False, 'cmake_force_configure': False, 'cmake_target': None, 'cmake_target_skip_unavailable': False, 'install_base': '/home/ininjame/ros2_projs/ros2_ws/install/cpp_parameters', 'merge_install': False, 'path': '/home/ininjame/ros2_projs/ros2_ws/src/cpp_parameters', 'symlink_install': False, 'test_result_base': None}
[0.903s] INFO:colcon.colcon_core.executor:Executing jobs using 'parallel' executor
[0.904s] DEBUG:colcon.colcon_parallel_executor.executor.parallel:run_until_complete
[0.904s] INFO:colcon.colcon_ros.task.ament_cmake.build:Building ROS package in '/home/ininjame/ros2_projs/ros2_ws/src/cpp_parameters' with build type 'ament_cmake'
[0.904s] INFO:colcon.colcon_cmake.task.cmake.build:Building CMake package in '/home/ininjame/ros2_projs/ros2_ws/src/cpp_parameters'
[0.912s] INFO:colcon.colcon_core.plugin_system:Skipping extension 'colcon_core.shell.bat': Not used on non-Windows systems
[0.913s] INFO:colcon.colcon_core.shell:Skip shell extension 'powershell' for command environment: Not usable outside of PowerShell
[0.913s] DEBUG:colcon.colcon_core.shell:Skip shell extension 'dsv' for command environment
[0.920s] DEBUG:colcon.colcon_core.event_handler.log_command:Invoking command in '/home/ininjame/ros2_projs/ros2_ws/build/cpp_parameters': CMAKE_PREFIX_PATH=/opt/ros/humble /usr/bin/cmake /home/ininjame/ros2_projs/ros2_ws/src/cpp_parameters -DCMAKE_INSTALL_PREFIX=/home/ininjame/ros2_projs/ros2_ws/install/cpp_parameters
[12.460s] DEBUG:colcon.colcon_core.event_handler.log_command:Invoked command in '/home/ininjame/ros2_projs/ros2_ws/build/cpp_parameters' returned '0': CMAKE_PREFIX_PATH=/opt/ros/humble /usr/bin/cmake /home/ininjame/ros2_projs/ros2_ws/src/cpp_parameters -DCMAKE_INSTALL_PREFIX=/home/ininjame/ros2_projs/ros2_ws/install/cpp_parameters
[12.463s] DEBUG:colcon.colcon_core.event_handler.log_command:Invoking command in '/home/ininjame/ros2_projs/ros2_ws/build/cpp_parameters': CMAKE_PREFIX_PATH=/opt/ros/humble /usr/bin/cmake --build /home/ininjame/ros2_projs/ros2_ws/build/cpp_parameters -- -j16 -l16
[15.785s] DEBUG:colcon.colcon_core.event_handler.log_command:Invoked command in '/home/ininjame/ros2_projs/ros2_ws/build/cpp_parameters' returned '0': CMAKE_PREFIX_PATH=/opt/ros/humble /usr/bin/cmake --build /home/ininjame/ros2_projs/ros2_ws/build/cpp_parameters -- -j16 -l16
[15.807s] DEBUG:colcon.colcon_core.event_handler.log_command:Invoking command in '/home/ininjame/ros2_projs/ros2_ws/build/cpp_parameters': CMAKE_PREFIX_PATH=/opt/ros/humble /usr/bin/cmake --install /home/ininjame/ros2_projs/ros2_ws/build/cpp_parameters
[15.814s] Level 1:colcon.colcon_core.environment:create_environment_scripts_only(cpp_parameters)
[15.814s] DEBUG:colcon.colcon_core.event_handler.log_command:Invoked command in '/home/ininjame/ros2_projs/ros2_ws/build/cpp_parameters' returned '0': CMAKE_PREFIX_PATH=/opt/ros/humble /usr/bin/cmake --install /home/ininjame/ros2_projs/ros2_ws/build/cpp_parameters
[15.822s] Level 1:colcon.colcon_core.environment:checking '/home/ininjame/ros2_projs/ros2_ws/install/cpp_parameters' for CMake module files
[15.822s] Level 1:colcon.colcon_core.environment:checking '/home/ininjame/ros2_projs/ros2_ws/install/cpp_parameters' for CMake config files
[15.822s] Level 1:colcon.colcon_core.shell:create_environment_hook('cpp_parameters', 'cmake_prefix_path')
[15.822s] INFO:colcon.colcon_core.shell:Creating environment hook '/home/ininjame/ros2_projs/ros2_ws/install/cpp_parameters/share/cpp_parameters/hook/cmake_prefix_path.ps1'
[15.823s] INFO:colcon.colcon_core.shell:Creating environment descriptor '/home/ininjame/ros2_projs/ros2_ws/install/cpp_parameters/share/cpp_parameters/hook/cmake_prefix_path.dsv'
[15.824s] INFO:colcon.colcon_core.shell:Creating environment hook '/home/ininjame/ros2_projs/ros2_ws/install/cpp_parameters/share/cpp_parameters/hook/cmake_prefix_path.sh'
[15.824s] Level 1:colcon.colcon_core.environment:checking '/home/ininjame/ros2_projs/ros2_ws/install/cpp_parameters/lib'
[15.825s] Level 1:colcon.colcon_core.environment:checking '/home/ininjame/ros2_projs/ros2_ws/install/cpp_parameters/bin'
[15.825s] Level 1:colcon.colcon_core.environment:checking '/home/ininjame/ros2_projs/ros2_ws/install/cpp_parameters/lib/pkgconfig/cpp_parameters.pc'
[15.825s] Level 1:colcon.colcon_core.environment:checking '/home/ininjame/ros2_projs/ros2_ws/install/cpp_parameters/lib/python3.10/site-packages'
[15.825s] Level 1:colcon.colcon_core.environment:checking '/home/ininjame/ros2_projs/ros2_ws/install/cpp_parameters/bin'
[15.825s] INFO:colcon.colcon_core.shell:Creating package script '/home/ininjame/ros2_projs/ros2_ws/install/cpp_parameters/share/cpp_parameters/package.ps1'
[15.826s] INFO:colcon.colcon_core.shell:Creating package descriptor '/home/ininjame/ros2_projs/ros2_ws/install/cpp_parameters/share/cpp_parameters/package.dsv'
[15.827s] INFO:colcon.colcon_core.shell:Creating package script '/home/ininjame/ros2_projs/ros2_ws/install/cpp_parameters/share/cpp_parameters/package.sh'
[15.828s] INFO:colcon.colcon_core.shell:Creating package script '/home/ininjame/ros2_projs/ros2_ws/install/cpp_parameters/share/cpp_parameters/package.bash'
[15.829s] INFO:colcon.colcon_core.shell:Creating package script '/home/ininjame/ros2_projs/ros2_ws/install/cpp_parameters/share/cpp_parameters/package.zsh'
[15.831s] Level 1:colcon.colcon_core.environment:create_file_with_runtime_dependencies(/home/ininjame/ros2_projs/ros2_ws/install/cpp_parameters/share/colcon-core/packages/cpp_parameters)
[15.852s] Level 1:colcon.colcon_core.environment:create_environment_scripts_only(cpp_parameters)
[15.852s] Level 1:colcon.colcon_core.environment:checking '/home/ininjame/ros2_projs/ros2_ws/install/cpp_parameters' for CMake module files
[15.857s] Level 1:colcon.colcon_core.environment:checking '/home/ininjame/ros2_projs/ros2_ws/install/cpp_parameters' for CMake config files
[15.857s] Level 1:colcon.colcon_core.shell:create_environment_hook('cpp_parameters', 'cmake_prefix_path')
[15.857s] INFO:colcon.colcon_core.shell:Creating environment hook '/home/ininjame/ros2_projs/ros2_ws/install/cpp_parameters/share/cpp_parameters/hook/cmake_prefix_path.ps1'
[15.857s] INFO:colcon.colcon_core.shell:Creating environment descriptor '/home/ininjame/ros2_projs/ros2_ws/install/cpp_parameters/share/cpp_parameters/hook/cmake_prefix_path.dsv'
[15.858s] INFO:colcon.colcon_core.shell:Creating environment hook '/home/ininjame/ros2_projs/ros2_ws/install/cpp_parameters/share/cpp_parameters/hook/cmake_prefix_path.sh'
[15.858s] Level 1:colcon.colcon_core.environment:checking '/home/ininjame/ros2_projs/ros2_ws/install/cpp_parameters/lib'
[15.858s] Level 1:colcon.colcon_core.environment:checking '/home/ininjame/ros2_projs/ros2_ws/install/cpp_parameters/bin'
[15.858s] Level 1:colcon.colcon_core.environment:checking '/home/ininjame/ros2_projs/ros2_ws/install/cpp_parameters/lib/pkgconfig/cpp_parameters.pc'
[15.859s] Level 1:colcon.colcon_core.environment:checking '/home/ininjame/ros2_projs/ros2_ws/install/cpp_parameters/lib/python3.10/site-packages'
[15.859s] Level 1:colcon.colcon_core.environment:checking '/home/ininjame/ros2_projs/ros2_ws/install/cpp_parameters/bin'
[15.859s] INFO:colcon.colcon_core.shell:Creating package script '/home/ininjame/ros2_projs/ros2_ws/install/cpp_parameters/share/cpp_parameters/package.ps1'
[15.859s] INFO:colcon.colcon_core.shell:Creating package descriptor '/home/ininjame/ros2_projs/ros2_ws/install/cpp_parameters/share/cpp_parameters/package.dsv'
[15.859s] INFO:colcon.colcon_core.shell:Creating package script '/home/ininjame/ros2_projs/ros2_ws/install/cpp_parameters/share/cpp_parameters/package.sh'
[15.860s] INFO:colcon.colcon_core.shell:Creating package script '/home/ininjame/ros2_projs/ros2_ws/install/cpp_parameters/share/cpp_parameters/package.bash'
[15.860s] INFO:colcon.colcon_core.shell:Creating package script '/home/ininjame/ros2_projs/ros2_ws/install/cpp_parameters/share/cpp_parameters/package.zsh'
[15.860s] Level 1:colcon.colcon_core.environment:create_file_with_runtime_dependencies(/home/ininjame/ros2_projs/ros2_ws/install/cpp_parameters/share/colcon-core/packages/cpp_parameters)
[15.863s] DEBUG:colcon.colcon_parallel_executor.executor.parallel:closing loop
[15.868s] DEBUG:colcon.colcon_parallel_executor.executor.parallel:loop closed
[15.868s] DEBUG:colcon.colcon_parallel_executor.executor.parallel:run_until_complete finished with '0'
[15.868s] DEBUG:colcon.colcon_core.event_reactor:joining thread
[15.921s] INFO:colcon.colcon_core.plugin_system:Skipping extension 'colcon_notification.desktop_notification.notify_send': Could not find 'notify-send'
[15.921s] INFO:colcon.colcon_core.plugin_system:Skipping extension 'colcon_notification.desktop_notification.terminal_notifier': Not used on non-Darwin systems
[15.921s] INFO:colcon.colcon_core.plugin_system:Skipping extension 'colcon_notification.desktop_notification.win32': Not used on non-Windows systems
[15.921s] INFO:colcon.colcon_notification.desktop_notification:Sending desktop notification using 'notify2'
[15.922s] DEBUG:colcon.colcon_notification.desktop_notification.notify2:Failed to initialize notify2: org.freedesktop.DBus.Error.FileNotFound: Failed to connect to socket /run/user/1000/bus: No such file or directory
[15.922s] DEBUG:colcon.colcon_core.event_reactor:joined thread
[15.922s] INFO:colcon.colcon_core.shell:Creating prefix script '/home/ininjame/ros2_projs/ros2_ws/install/local_setup.ps1'
[15.923s] INFO:colcon.colcon_core.shell:Creating prefix util module '/home/ininjame/ros2_projs/ros2_ws/install/_local_setup_util_ps1.py'
[15.924s] INFO:colcon.colcon_core.shell:Creating prefix chain script '/home/ininjame/ros2_projs/ros2_ws/install/setup.ps1'
[15.925s] INFO:colcon.colcon_core.shell:Creating prefix script '/home/ininjame/ros2_projs/ros2_ws/install/local_setup.sh'
[15.926s] INFO:colcon.colcon_core.shell:Creating prefix util module '/home/ininjame/ros2_projs/ros2_ws/install/_local_setup_util_sh.py'
[15.927s] INFO:colcon.colcon_core.shell:Creating prefix chain script '/home/ininjame/ros2_projs/ros2_ws/install/setup.sh'
[15.928s] INFO:colcon.colcon_core.shell:Creating prefix script '/home/ininjame/ros2_projs/ros2_ws/install/local_setup.bash'
[15.928s] INFO:colcon.colcon_core.shell:Creating prefix chain script '/home/ininjame/ros2_projs/ros2_ws/install/setup.bash'
[15.929s] INFO:colcon.colcon_core.shell:Creating prefix script '/home/ininjame/ros2_projs/ros2_ws/install/local_setup.zsh'
[15.930s] INFO:colcon.colcon_core.shell:Creating prefix chain script '/home/ininjame/ros2_projs/ros2_ws/install/setup.zsh'
