[0.304s] DEBUG:colcon:Command line arguments: ['/usr/bin/colcon', 'build', '--packages-select', 'cpp_srvccli']
[0.304s] DEBUG:colcon:Parsed command line arguments: Namespace(log_base=None, log_level=None, verb_name='build', build_base='build', install_base='install', merge_install=False, symlink_install=False, test_result_base=None, continue_on_error=False, executor='parallel', parallel_workers=16, event_handlers=None, ignore_user_meta=False, metas=['./colcon.meta'], base_paths=['.'], packages_ignore=None, packages_ignore_regex=None, paths=None, packages_up_to=None, packages_up_to_regex=None, packages_above=None, packages_above_and_dependencies=None, packages_above_depth=None, packages_select_by_dep=None, packages_skip_by_dep=None, packages_skip_up_to=None, packages_select_build_failed=False, packages_skip_build_finished=False, packages_select_test_failures=False, packages_skip_test_passed=False, packages_select=['cpp_srvccli'], packages_skip=None, packages_select_regex=None, packages_skip_regex=None, packages_start=None, packages_end=None, allow_overriding=[], cmake_args=None, cmake_target=None, cmake_target_skip_unavailable=False, cmake_clean_cache=False, cmake_clean_first=False, cmake_force_configure=False, ament_cmake_args=None, catkin_cmake_args=None, catkin_skip_building_tests=False, mixin_files=None, mixin=None, verb_parser=<colcon_mixin.mixin.mixin_argument.MixinArgumentDecorator object at 0x7fb8759b8a90>, verb_extension=<colcon_core.verb.build.BuildVerb object at 0x7fb8759b85e0>, main=<bound method BuildVerb.main of <colcon_core.verb.build.BuildVerb object at 0x7fb8759b85e0>>, mixin_verb=('build',))
[0.533s] Level 1:colcon.colcon_core.package_discovery:discover_packages(colcon_meta) check parameters
[0.533s] Level 1:colcon.colcon_core.package_discovery:discover_packages(recursive) check parameters
[0.533s] Level 1:colcon.colcon_core.package_discovery:discover_packages(ignore) check parameters
[0.533s] Level 1:colcon.colcon_core.package_discovery:discover_packages(path) check parameters
[0.533s] Level 1:colcon.colcon_core.package_discovery:discover_packages(colcon_meta) discover
[0.533s] Level 1:colcon.colcon_core.package_discovery:discover_packages(recursive) discover
[0.533s] INFO:colcon.colcon_core.package_discovery:Crawling recursively for packages in '/home/ininjame/ros2_projs/ros2_ws'
[0.533s] Level 1:colcon.colcon_core.package_identification:_identify(.) by extensions ['ignore', 'ignore_ament_install']
[0.533s] Level 1:colcon.colcon_core.package_identification:_identify(.) by extension 'ignore'
[0.533s] Level 1:colcon.colcon_core.package_identification:_identify(.) by extension 'ignore_ament_install'
[0.533s] Level 1:colcon.colcon_core.package_identification:_identify(.) by extensions ['colcon_pkg']
[0.534s] Level 1:colcon.colcon_core.package_identification:_identify(.) by extension 'colcon_pkg'
[0.534s] Level 1:colcon.colcon_core.package_identification:_identify(.) by extensions ['colcon_meta']
[0.534s] Level 1:colcon.colcon_core.package_identification:_identify(.) by extension 'colcon_meta'
[0.534s] Level 1:colcon.colcon_core.package_identification:_identify(.) by extensions ['ros']
[0.534s] Level 1:colcon.colcon_core.package_identification:_identify(.) by extension 'ros'
[0.545s] Level 1:colcon.colcon_core.package_identification:_identify(.) by extensions ['cmake', 'python']
[0.545s] Level 1:colcon.colcon_core.package_identification:_identify(.) by extension 'cmake'
[0.546s] Level 1:colcon.colcon_core.package_identification:_identify(.) by extension 'python'
[0.546s] Level 1:colcon.colcon_core.package_identification:_identify(.) by extensions ['python_setup_py']
[0.546s] Level 1:colcon.colcon_core.package_identification:_identify(.) by extension 'python_setup_py'
[0.546s] Level 1:colcon.colcon_core.package_identification:_identify(build) by extensions ['ignore', 'ignore_ament_install']
[0.546s] Level 1:colcon.colcon_core.package_identification:_identify(build) by extension 'ignore'
[0.546s] Level 1:colcon.colcon_core.package_identification:_identify(build) ignored
[0.546s] Level 1:colcon.colcon_core.package_identification:_identify(install) by extensions ['ignore', 'ignore_ament_install']
[0.546s] Level 1:colcon.colcon_core.package_identification:_identify(install) by extension 'ignore'
[0.546s] Level 1:colcon.colcon_core.package_identification:_identify(install) ignored
[0.546s] Level 1:colcon.colcon_core.package_identification:_identify(log) by extensions ['ignore', 'ignore_ament_install']
[0.546s] Level 1:colcon.colcon_core.package_identification:_identify(log) by extension 'ignore'
[0.546s] Level 1:colcon.colcon_core.package_identification:_identify(log) ignored
[0.547s] Level 1:colcon.colcon_core.package_identification:_identify(src) by extensions ['ignore', 'ignore_ament_install']
[0.547s] Level 1:colcon.colcon_core.package_identification:_identify(src) by extension 'ignore'
[0.547s] Level 1:colcon.colcon_core.package_identification:_identify(src) by extension 'ignore_ament_install'
[0.547s] Level 1:colcon.colcon_core.package_identification:_identify(src) by extensions ['colcon_pkg']
[0.547s] Level 1:colcon.colcon_core.package_identification:_identify(src) by extension 'colcon_pkg'
[0.547s] Level 1:colcon.colcon_core.package_identification:_identify(src) by extensions ['colcon_meta']
[0.547s] Level 1:colcon.colcon_core.package_identification:_identify(src) by extension 'colcon_meta'
[0.547s] Level 1:colcon.colcon_core.package_identification:_identify(src) by extensions ['ros']
[0.547s] Level 1:colcon.colcon_core.package_identification:_identify(src) by extension 'ros'
[0.547s] Level 1:colcon.colcon_core.package_identification:_identify(src) by extensions ['cmake', 'python']
[0.547s] Level 1:colcon.colcon_core.package_identification:_identify(src) by extension 'cmake'
[0.547s] Level 1:colcon.colcon_core.package_identification:_identify(src) by extension 'python'
[0.547s] Level 1:colcon.colcon_core.package_identification:_identify(src) by extensions ['python_setup_py']
[0.547s] Level 1:colcon.colcon_core.package_identification:_identify(src) by extension 'python_setup_py'
[0.547s] Level 1:colcon.colcon_core.package_identification:_identify(src/cpp_pubsub) by extensions ['ignore', 'ignore_ament_install']
[0.547s] Level 1:colcon.colcon_core.package_identification:_identify(src/cpp_pubsub) by extension 'ignore'
[0.547s] Level 1:colcon.colcon_core.package_identification:_identify(src/cpp_pubsub) by extension 'ignore_ament_install'
[0.547s] Level 1:colcon.colcon_core.package_identification:_identify(src/cpp_pubsub) by extensions ['colcon_pkg']
[0.547s] Level 1:colcon.colcon_core.package_identification:_identify(src/cpp_pubsub) by extension 'colcon_pkg'
[0.547s] Level 1:colcon.colcon_core.package_identification:_identify(src/cpp_pubsub) by extensions ['colcon_meta']
[0.547s] Level 1:colcon.colcon_core.package_identification:_identify(src/cpp_pubsub) by extension 'colcon_meta'
[0.547s] Level 1:colcon.colcon_core.package_identification:_identify(src/cpp_pubsub) by extensions ['ros']
[0.548s] Level 1:colcon.colcon_core.package_identification:_identify(src/cpp_pubsub) by extension 'ros'
[0.550s] DEBUG:colcon.colcon_core.package_identification:Package 'src/cpp_pubsub' with type 'ros.ament_cmake' and name 'cpp_pubsub'
[0.550s] Level 1:colcon.colcon_core.package_identification:_identify(src/cpp_srvccli) by extensions ['ignore', 'ignore_ament_install']
[0.550s] Level 1:colcon.colcon_core.package_identification:_identify(src/cpp_srvccli) by extension 'ignore'
[0.550s] Level 1:colcon.colcon_core.package_identification:_identify(src/cpp_srvccli) by extension 'ignore_ament_install'
[0.550s] Level 1:colcon.colcon_core.package_identification:_identify(src/cpp_srvccli) by extensions ['colcon_pkg']
[0.550s] Level 1:colcon.colcon_core.package_identification:_identify(src/cpp_srvccli) by extension 'colcon_pkg'
[0.550s] Level 1:colcon.colcon_core.package_identification:_identify(src/cpp_srvccli) by extensions ['colcon_meta']
[0.550s] Level 1:colcon.colcon_core.package_identification:_identify(src/cpp_srvccli) by extension 'colcon_meta'
[0.550s] Level 1:colcon.colcon_core.package_identification:_identify(src/cpp_srvccli) by extensions ['ros']
[0.550s] Level 1:colcon.colcon_core.package_identification:_identify(src/cpp_srvccli) by extension 'ros'
[0.551s] DEBUG:colcon.colcon_core.package_identification:Package 'src/cpp_srvccli' with type 'ros.ament_cmake' and name 'cpp_srvccli'
[0.551s] Level 1:colcon.colcon_core.package_identification:_identify(src/py_pubsub) by extensions ['ignore', 'ignore_ament_install']
[0.551s] Level 1:colcon.colcon_core.package_identification:_identify(src/py_pubsub) by extension 'ignore'
[0.551s] Level 1:colcon.colcon_core.package_identification:_identify(src/py_pubsub) by extension 'ignore_ament_install'
[0.551s] Level 1:colcon.colcon_core.package_identification:_identify(src/py_pubsub) by extensions ['colcon_pkg']
[0.551s] Level 1:colcon.colcon_core.package_identification:_identify(src/py_pubsub) by extension 'colcon_pkg'
[0.551s] Level 1:colcon.colcon_core.package_identification:_identify(src/py_pubsub) by extensions ['colcon_meta']
[0.551s] Level 1:colcon.colcon_core.package_identification:_identify(src/py_pubsub) by extension 'colcon_meta'
[0.551s] Level 1:colcon.colcon_core.package_identification:_identify(src/py_pubsub) by extensions ['ros']
[0.551s] Level 1:colcon.colcon_core.package_identification:_identify(src/py_pubsub) by extension 'ros'
[0.552s] DEBUG:colcon.colcon_core.package_identification:Package 'src/py_pubsub' with type 'ros.ament_python' and name 'py_pubsub'
[0.552s] Level 1:colcon.colcon_core.package_identification:_identify(src/tutorial_interfaces) by extensions ['ignore', 'ignore_ament_install']
[0.552s] Level 1:colcon.colcon_core.package_identification:_identify(src/tutorial_interfaces) by extension 'ignore'
[0.552s] Level 1:colcon.colcon_core.package_identification:_identify(src/tutorial_interfaces) by extension 'ignore_ament_install'
[0.552s] Level 1:colcon.colcon_core.package_identification:_identify(src/tutorial_interfaces) by extensions ['colcon_pkg']
[0.552s] Level 1:colcon.colcon_core.package_identification:_identify(src/tutorial_interfaces) by extension 'colcon_pkg'
[0.552s] Level 1:colcon.colcon_core.package_identification:_identify(src/tutorial_interfaces) by extensions ['colcon_meta']
[0.552s] Level 1:colcon.colcon_core.package_identification:_identify(src/tutorial_interfaces) by extension 'colcon_meta'
[0.553s] Level 1:colcon.colcon_core.package_identification:_identify(src/tutorial_interfaces) by extensions ['ros']
[0.553s] Level 1:colcon.colcon_core.package_identification:_identify(src/tutorial_interfaces) by extension 'ros'
[0.553s] DEBUG:colcon.colcon_core.package_identification:Package 'src/tutorial_interfaces' with type 'ros.ament_cmake' and name 'tutorial_interfaces'
[0.553s] Level 1:colcon.colcon_core.package_discovery:discover_packages(recursive) using defaults
[0.553s] Level 1:colcon.colcon_core.package_discovery:discover_packages(ignore) discover
[0.553s] Level 1:colcon.colcon_core.package_discovery:discover_packages(ignore) using defaults
[0.553s] Level 1:colcon.colcon_core.package_discovery:discover_packages(path) discover
[0.553s] Level 1:colcon.colcon_core.package_discovery:discover_packages(path) using defaults
[0.585s] INFO:colcon.colcon_core.package_selection:Skipping not selected package 'py_pubsub' in 'src/py_pubsub'
[0.585s] INFO:colcon.colcon_core.package_selection:Skipping not selected package 'tutorial_interfaces' in 'src/tutorial_interfaces'
[0.585s] INFO:colcon.colcon_core.package_selection:Skipping not selected package 'cpp_pubsub' in 'src/cpp_pubsub'
[0.586s] Level 1:colcon.colcon_core.package_discovery:discover_packages(prefix_path) check parameters
[0.586s] Level 1:colcon.colcon_core.package_discovery:discover_packages(prefix_path) discover
[0.588s] DEBUG:colcon.colcon_installed_package_information.package_discovery:Found 4 installed packages in /home/ininjame/ros2_projs/ros2_ws/install
[0.589s] DEBUG:colcon.colcon_installed_package_information.package_discovery:Found 271 installed packages in /opt/ros/humble
[0.590s] Level 1:colcon.colcon_core.package_discovery:discover_packages(prefix_path) using defaults
[0.612s] Level 5:colcon.colcon_core.verb:set package 'cpp_srvccli' build argument 'cmake_args' from command line to 'None'
[0.612s] Level 5:colcon.colcon_core.verb:set package 'cpp_srvccli' build argument 'cmake_target' from command line to 'None'
[0.612s] Level 5:colcon.colcon_core.verb:set package 'cpp_srvccli' build argument 'cmake_target_skip_unavailable' from command line to 'False'
[0.612s] Level 5:colcon.colcon_core.verb:set package 'cpp_srvccli' build argument 'cmake_clean_cache' from command line to 'False'
[0.612s] Level 5:colcon.colcon_core.verb:set package 'cpp_srvccli' build argument 'cmake_clean_first' from command line to 'False'
[0.612s] Level 5:colcon.colcon_core.verb:set package 'cpp_srvccli' build argument 'cmake_force_configure' from command line to 'False'
[0.612s] Level 5:colcon.colcon_core.verb:set package 'cpp_srvccli' build argument 'ament_cmake_args' from command line to 'None'
[0.612s] Level 5:colcon.colcon_core.verb:set package 'cpp_srvccli' build argument 'catkin_cmake_args' from command line to 'None'
[0.612s] Level 5:colcon.colcon_core.verb:set package 'cpp_srvccli' build argument 'catkin_skip_building_tests' from command line to 'False'
[0.612s] DEBUG:colcon.colcon_core.verb:Building package 'cpp_srvccli' with the following arguments: {'ament_cmake_args': None, 'build_base': '/home/ininjame/ros2_projs/ros2_ws/build/cpp_srvccli', 'catkin_cmake_args': None, 'catkin_skip_building_tests': False, 'cmake_args': None, 'cmake_clean_cache': False, 'cmake_clean_first': False, 'cmake_force_configure': False, 'cmake_target': None, 'cmake_target_skip_unavailable': False, 'install_base': '/home/ininjame/ros2_projs/ros2_ws/install/cpp_srvccli', 'merge_install': False, 'path': '/home/ininjame/ros2_projs/ros2_ws/src/cpp_srvccli', 'symlink_install': False, 'test_result_base': None}
[0.612s] INFO:colcon.colcon_core.executor:Executing jobs using 'parallel' executor
[0.613s] DEBUG:colcon.colcon_parallel_executor.executor.parallel:run_until_complete
[0.613s] INFO:colcon.colcon_ros.task.ament_cmake.build:Building ROS package in '/home/ininjame/ros2_projs/ros2_ws/src/cpp_srvccli' with build type 'ament_cmake'
[0.613s] INFO:colcon.colcon_cmake.task.cmake.build:Building CMake package in '/home/ininjame/ros2_projs/ros2_ws/src/cpp_srvccli'
[0.617s] INFO:colcon.colcon_core.plugin_system:Skipping extension 'colcon_core.shell.bat': Not used on non-Windows systems
[0.617s] INFO:colcon.colcon_core.shell:Skip shell extension 'powershell' for command environment: Not usable outside of PowerShell
[0.617s] DEBUG:colcon.colcon_core.shell:Skip shell extension 'dsv' for command environment
[0.847s] DEBUG:colcon.colcon_core.event_handler.log_command:Invoking command in '/home/ininjame/ros2_projs/ros2_ws/build/cpp_srvccli': AMENT_PREFIX_PATH=/home/ininjame/ros2_projs/ros2_ws/install/tutorial_interfaces:${AMENT_PREFIX_PATH} CMAKE_PREFIX_PATH=/home/ininjame/ros2_projs/ros2_ws/install/tutorial_interfaces:/home/ininjame/ros2_projs/ros2_ws/install/cpp_srvccli:/home/ininjame/ros2_projs/ros2_ws/install/cpp_pubsub:/home/ininjame/ros2_projs/ros2_ws/install/py_pubsub:/opt/ros/humble LD_LIBRARY_PATH=/home/ininjame/ros2_projs/ros2_ws/install/tutorial_interfaces/lib:${LD_LIBRARY_PATH} PYTHONPATH=/home/ininjame/ros2_projs/ros2_ws/install/tutorial_interfaces/local/lib/python3.10/dist-packages:${PYTHONPATH} /usr/bin/cmake --build /home/ininjame/ros2_projs/ros2_ws/build/cpp_srvccli -- -j16 -l16
[4.119s] DEBUG:colcon.colcon_core.event_handler.log_command:Invoked command in '/home/ininjame/ros2_projs/ros2_ws/build/cpp_srvccli' returned '0': AMENT_PREFIX_PATH=/home/ininjame/ros2_projs/ros2_ws/install/tutorial_interfaces:${AMENT_PREFIX_PATH} CMAKE_PREFIX_PATH=/home/ininjame/ros2_projs/ros2_ws/install/tutorial_interfaces:/home/ininjame/ros2_projs/ros2_ws/install/cpp_srvccli:/home/ininjame/ros2_projs/ros2_ws/install/cpp_pubsub:/home/ininjame/ros2_projs/ros2_ws/install/py_pubsub:/opt/ros/humble LD_LIBRARY_PATH=/home/ininjame/ros2_projs/ros2_ws/install/tutorial_interfaces/lib:${LD_LIBRARY_PATH} PYTHONPATH=/home/ininjame/ros2_projs/ros2_ws/install/tutorial_interfaces/local/lib/python3.10/dist-packages:${PYTHONPATH} /usr/bin/cmake --build /home/ininjame/ros2_projs/ros2_ws/build/cpp_srvccli -- -j16 -l16
[4.138s] DEBUG:colcon.colcon_core.event_handler.log_command:Invoking command in '/home/ininjame/ros2_projs/ros2_ws/build/cpp_srvccli': AMENT_PREFIX_PATH=/home/ininjame/ros2_projs/ros2_ws/install/tutorial_interfaces:${AMENT_PREFIX_PATH} CMAKE_PREFIX_PATH=/home/ininjame/ros2_projs/ros2_ws/install/tutorial_interfaces:/home/ininjame/ros2_projs/ros2_ws/install/cpp_srvccli:/home/ininjame/ros2_projs/ros2_ws/install/cpp_pubsub:/home/ininjame/ros2_projs/ros2_ws/install/py_pubsub:/opt/ros/humble LD_LIBRARY_PATH=/home/ininjame/ros2_projs/ros2_ws/install/tutorial_interfaces/lib:${LD_LIBRARY_PATH} PYTHONPATH=/home/ininjame/ros2_projs/ros2_ws/install/tutorial_interfaces/local/lib/python3.10/dist-packages:${PYTHONPATH} /usr/bin/cmake --install /home/ininjame/ros2_projs/ros2_ws/build/cpp_srvccli
[4.146s] Level 1:colcon.colcon_core.environment:create_environment_scripts_only(cpp_srvccli)
[4.146s] DEBUG:colcon.colcon_core.event_handler.log_command:Invoked command in '/home/ininjame/ros2_projs/ros2_ws/build/cpp_srvccli' returned '0': AMENT_PREFIX_PATH=/home/ininjame/ros2_projs/ros2_ws/install/tutorial_interfaces:${AMENT_PREFIX_PATH} CMAKE_PREFIX_PATH=/home/ininjame/ros2_projs/ros2_ws/install/tutorial_interfaces:/home/ininjame/ros2_projs/ros2_ws/install/cpp_srvccli:/home/ininjame/ros2_projs/ros2_ws/install/cpp_pubsub:/home/ininjame/ros2_projs/ros2_ws/install/py_pubsub:/opt/ros/humble LD_LIBRARY_PATH=/home/ininjame/ros2_projs/ros2_ws/install/tutorial_interfaces/lib:${LD_LIBRARY_PATH} PYTHONPATH=/home/ininjame/ros2_projs/ros2_ws/install/tutorial_interfaces/local/lib/python3.10/dist-packages:${PYTHONPATH} /usr/bin/cmake --install /home/ininjame/ros2_projs/ros2_ws/build/cpp_srvccli
[4.150s] Level 1:colcon.colcon_core.environment:checking '/home/ininjame/ros2_projs/ros2_ws/install/cpp_srvccli' for CMake module files
[4.150s] Level 1:colcon.colcon_core.environment:checking '/home/ininjame/ros2_projs/ros2_ws/install/cpp_srvccli' for CMake config files
[4.151s] Level 1:colcon.colcon_core.shell:create_environment_hook('cpp_srvccli', 'cmake_prefix_path')
[4.151s] INFO:colcon.colcon_core.shell:Creating environment hook '/home/ininjame/ros2_projs/ros2_ws/install/cpp_srvccli/share/cpp_srvccli/hook/cmake_prefix_path.ps1'
[4.152s] INFO:colcon.colcon_core.shell:Creating environment descriptor '/home/ininjame/ros2_projs/ros2_ws/install/cpp_srvccli/share/cpp_srvccli/hook/cmake_prefix_path.dsv'
[4.152s] INFO:colcon.colcon_core.shell:Creating environment hook '/home/ininjame/ros2_projs/ros2_ws/install/cpp_srvccli/share/cpp_srvccli/hook/cmake_prefix_path.sh'
[4.153s] Level 1:colcon.colcon_core.environment:checking '/home/ininjame/ros2_projs/ros2_ws/install/cpp_srvccli/lib'
[4.153s] Level 1:colcon.colcon_core.environment:checking '/home/ininjame/ros2_projs/ros2_ws/install/cpp_srvccli/bin'
[4.153s] Level 1:colcon.colcon_core.environment:checking '/home/ininjame/ros2_projs/ros2_ws/install/cpp_srvccli/lib/pkgconfig/cpp_srvccli.pc'
[4.153s] Level 1:colcon.colcon_core.environment:checking '/home/ininjame/ros2_projs/ros2_ws/install/cpp_srvccli/lib/python3.10/site-packages'
[4.153s] Level 1:colcon.colcon_core.environment:checking '/home/ininjame/ros2_projs/ros2_ws/install/cpp_srvccli/bin'
[4.153s] INFO:colcon.colcon_core.shell:Creating package script '/home/ininjame/ros2_projs/ros2_ws/install/cpp_srvccli/share/cpp_srvccli/package.ps1'
[4.154s] INFO:colcon.colcon_core.shell:Creating package descriptor '/home/ininjame/ros2_projs/ros2_ws/install/cpp_srvccli/share/cpp_srvccli/package.dsv'
[4.155s] INFO:colcon.colcon_core.shell:Creating package script '/home/ininjame/ros2_projs/ros2_ws/install/cpp_srvccli/share/cpp_srvccli/package.sh'
[4.155s] INFO:colcon.colcon_core.shell:Creating package script '/home/ininjame/ros2_projs/ros2_ws/install/cpp_srvccli/share/cpp_srvccli/package.bash'
[4.156s] INFO:colcon.colcon_core.shell:Creating package script '/home/ininjame/ros2_projs/ros2_ws/install/cpp_srvccli/share/cpp_srvccli/package.zsh'
[4.156s] Level 1:colcon.colcon_core.environment:create_file_with_runtime_dependencies(/home/ininjame/ros2_projs/ros2_ws/install/cpp_srvccli/share/colcon-core/packages/cpp_srvccli)
[4.170s] Level 1:colcon.colcon_core.environment:create_environment_scripts_only(cpp_srvccli)
[4.170s] Level 1:colcon.colcon_core.environment:checking '/home/ininjame/ros2_projs/ros2_ws/install/cpp_srvccli' for CMake module files
[4.171s] Level 1:colcon.colcon_core.environment:checking '/home/ininjame/ros2_projs/ros2_ws/install/cpp_srvccli' for CMake config files
[4.171s] Level 1:colcon.colcon_core.shell:create_environment_hook('cpp_srvccli', 'cmake_prefix_path')
[4.171s] INFO:colcon.colcon_core.shell:Creating environment hook '/home/ininjame/ros2_projs/ros2_ws/install/cpp_srvccli/share/cpp_srvccli/hook/cmake_prefix_path.ps1'
[4.171s] INFO:colcon.colcon_core.shell:Creating environment descriptor '/home/ininjame/ros2_projs/ros2_ws/install/cpp_srvccli/share/cpp_srvccli/hook/cmake_prefix_path.dsv'
[4.171s] INFO:colcon.colcon_core.shell:Creating environment hook '/home/ininjame/ros2_projs/ros2_ws/install/cpp_srvccli/share/cpp_srvccli/hook/cmake_prefix_path.sh'
[4.172s] Level 1:colcon.colcon_core.environment:checking '/home/ininjame/ros2_projs/ros2_ws/install/cpp_srvccli/lib'
[4.172s] Level 1:colcon.colcon_core.environment:checking '/home/ininjame/ros2_projs/ros2_ws/install/cpp_srvccli/bin'
[4.172s] Level 1:colcon.colcon_core.environment:checking '/home/ininjame/ros2_projs/ros2_ws/install/cpp_srvccli/lib/pkgconfig/cpp_srvccli.pc'
[4.172s] Level 1:colcon.colcon_core.environment:checking '/home/ininjame/ros2_projs/ros2_ws/install/cpp_srvccli/lib/python3.10/site-packages'
[4.172s] Level 1:colcon.colcon_core.environment:checking '/home/ininjame/ros2_projs/ros2_ws/install/cpp_srvccli/bin'
[4.172s] INFO:colcon.colcon_core.shell:Creating package script '/home/ininjame/ros2_projs/ros2_ws/install/cpp_srvccli/share/cpp_srvccli/package.ps1'
[4.173s] INFO:colcon.colcon_core.shell:Creating package descriptor '/home/ininjame/ros2_projs/ros2_ws/install/cpp_srvccli/share/cpp_srvccli/package.dsv'
[4.174s] INFO:colcon.colcon_core.shell:Creating package script '/home/ininjame/ros2_projs/ros2_ws/install/cpp_srvccli/share/cpp_srvccli/package.sh'
[4.174s] INFO:colcon.colcon_core.shell:Creating package script '/home/ininjame/ros2_projs/ros2_ws/install/cpp_srvccli/share/cpp_srvccli/package.bash'
[4.174s] INFO:colcon.colcon_core.shell:Creating package script '/home/ininjame/ros2_projs/ros2_ws/install/cpp_srvccli/share/cpp_srvccli/package.zsh'
[4.174s] Level 1:colcon.colcon_core.environment:create_file_with_runtime_dependencies(/home/ininjame/ros2_projs/ros2_ws/install/cpp_srvccli/share/colcon-core/packages/cpp_srvccli)
[4.175s] DEBUG:colcon.colcon_parallel_executor.executor.parallel:closing loop
[4.175s] DEBUG:colcon.colcon_parallel_executor.executor.parallel:loop closed
[4.175s] DEBUG:colcon.colcon_parallel_executor.executor.parallel:run_until_complete finished with '0'
[4.176s] DEBUG:colcon.colcon_core.event_reactor:joining thread
[4.242s] INFO:colcon.colcon_core.plugin_system:Skipping extension 'colcon_notification.desktop_notification.notify_send': Could not find 'notify-send'
[4.242s] INFO:colcon.colcon_core.plugin_system:Skipping extension 'colcon_notification.desktop_notification.terminal_notifier': Not used on non-Darwin systems
[4.242s] INFO:colcon.colcon_core.plugin_system:Skipping extension 'colcon_notification.desktop_notification.win32': Not used on non-Windows systems
[4.242s] INFO:colcon.colcon_notification.desktop_notification:Sending desktop notification using 'notify2'
[4.243s] DEBUG:colcon.colcon_notification.desktop_notification.notify2:Failed to initialize notify2: org.freedesktop.DBus.Error.FileNotFound: Failed to connect to socket /run/user/1000/bus: No such file or directory
[4.243s] DEBUG:colcon.colcon_core.event_reactor:joined thread
[4.243s] INFO:colcon.colcon_core.shell:Creating prefix script '/home/ininjame/ros2_projs/ros2_ws/install/local_setup.ps1'
[4.244s] INFO:colcon.colcon_core.shell:Creating prefix util module '/home/ininjame/ros2_projs/ros2_ws/install/_local_setup_util_ps1.py'
[4.245s] INFO:colcon.colcon_core.shell:Creating prefix chain script '/home/ininjame/ros2_projs/ros2_ws/install/setup.ps1'
[4.246s] INFO:colcon.colcon_core.shell:Creating prefix script '/home/ininjame/ros2_projs/ros2_ws/install/local_setup.sh'
[4.247s] INFO:colcon.colcon_core.shell:Creating prefix util module '/home/ininjame/ros2_projs/ros2_ws/install/_local_setup_util_sh.py'
[4.247s] INFO:colcon.colcon_core.shell:Creating prefix chain script '/home/ininjame/ros2_projs/ros2_ws/install/setup.sh'
[4.249s] INFO:colcon.colcon_core.shell:Creating prefix script '/home/ininjame/ros2_projs/ros2_ws/install/local_setup.bash'
[4.249s] INFO:colcon.colcon_core.shell:Creating prefix chain script '/home/ininjame/ros2_projs/ros2_ws/install/setup.bash'
[4.250s] INFO:colcon.colcon_core.shell:Creating prefix script '/home/ininjame/ros2_projs/ros2_ws/install/local_setup.zsh'
[4.250s] INFO:colcon.colcon_core.shell:Creating prefix chain script '/home/ininjame/ros2_projs/ros2_ws/install/setup.zsh'
