[0.015s] Invoking command in '/home/ininjame/ros2_projs/ros2_ws/build/cpp_pubsub': CMAKE_PREFIX_PATH=/opt/ros/humble /usr/bin/cmake /home/ininjame/ros2_projs/ros2_ws/src/cpp_pubsub -DCMAKE_INSTALL_PREFIX=/home/ininjame/ros2_projs/ros2_ws/install/cpp_pubsub
[0.626s] -- The C compiler identification is GNU 11.4.0
[2.691s] -- The CXX compiler identification is GNU 11.4.0
[3.868s] -- Detecting C compiler ABI info
[4.259s] -- Detecting C compiler ABI info - done
[4.264s] -- Check for working C compiler: /usr/bin/cc - skipped
[4.270s] -- Detecting C compile features
[4.272s] -- Detecting C compile features - done
[4.277s] -- Detecting CXX compiler ABI info
[4.663s] -- Detecting CXX compiler ABI info - done
[4.667s] -- Check for working CXX compiler: /usr/bin/c++ - skipped
[4.667s] -- Detecting CXX compile features
[4.667s] -- Detecting CXX compile features - done
[4.684s] -- Found ament_cmake: 1.3.10 (/opt/ros/humble/share/ament_cmake/cmake)
[4.776s] -- Found Python3: /usr/bin/python3 (found version "3.10.12") found components: Interpreter 
[4.868s] -- Found rclcpp: 16.0.10 (/opt/ros/humble/share/rclcpp/cmake)
[5.639s] -- Found rosidl_generator_c: 3.1.5 (/opt/ros/humble/share/rosidl_generator_c/cmake)
[5.645s] -- Found rosidl_adapter: 3.1.5 (/opt/ros/humble/share/rosidl_adapter/cmake)
[5.653s] -- Found rosidl_generator_cpp: 3.1.5 (/opt/ros/humble/share/rosidl_generator_cpp/cmake)
[5.667s] -- Using all available rosidl_typesupport_c: rosidl_typesupport_fastrtps_c;rosidl_typesupport_introspection_c
[5.683s] -- Using all available rosidl_typesupport_cpp: rosidl_typesupport_fastrtps_cpp;rosidl_typesupport_introspection_cpp
[5.720s] -- Found rmw_implementation_cmake: 6.1.2 (/opt/ros/humble/share/rmw_implementation_cmake/cmake)
[5.722s] -- Found rmw_fastrtps_cpp: 6.2.7 (/opt/ros/humble/share/rmw_fastrtps_cpp/cmake)
[10.683s] -- Found OpenSSL: /usr/lib/x86_64-linux-gnu/libcrypto.so (found version "3.0.2")  
[16.198s] -- Found FastRTPS: /opt/ros/humble/include  
[26.515s] -- Using RMW implementation 'rmw_fastrtps_cpp' as default
[26.533s] -- Looking for pthread.h
[26.916s] -- Looking for pthread.h - found
[26.916s] -- Performing Test CMAKE_HAVE_LIBC_PTHREAD
[27.087s] -- Performing Test CMAKE_HAVE_LIBC_PTHREAD - Success
[27.088s] -- Found Threads: TRUE  
[27.144s] -- Found ament_lint_auto: 0.12.11 (/opt/ros/humble/share/ament_lint_auto/cmake)
[27.199s] -- Added test 'cppcheck' to perform static code analysis on C / C++ code
[27.199s] -- Configured cppcheck include dirs: 
[27.199s] -- Configured cppcheck exclude dirs and/or files: 
[27.200s] -- Added test 'lint_cmake' to check CMake code style
[27.201s] -- Added test 'uncrustify' to check C / C++ code style
[27.201s] -- Configured uncrustify additional arguments: 
[27.202s] -- Added test 'xmllint' to check XML markup files
[27.203s] -- Configuring done
[27.210s] -- Generating done
[27.211s] -- Build files have been written to: /home/ininjame/ros2_projs/ros2_ws/build/cpp_pubsub
[27.219s] Invoked command in '/home/ininjame/ros2_projs/ros2_ws/build/cpp_pubsub' returned '0': CMAKE_PREFIX_PATH=/opt/ros/humble /usr/bin/cmake /home/ininjame/ros2_projs/ros2_ws/src/cpp_pubsub -DCMAKE_INSTALL_PREFIX=/home/ininjame/ros2_projs/ros2_ws/install/cpp_pubsub
[27.219s] Invoking command in '/home/ininjame/ros2_projs/ros2_ws/build/cpp_pubsub': CMAKE_PREFIX_PATH=/opt/ros/humble /usr/bin/cmake --build /home/ininjame/ros2_projs/ros2_ws/build/cpp_pubsub -- -j16 -l16
[27.247s] [ 25%] [32mBuilding CXX object CMakeFiles/talker.dir/src/publisher_member_function.cpp.o[0m
[27.248s] [ 50%] [32mBuilding CXX object CMakeFiles/listener.dir/src/subscriber_member_function.cpp.o[0m
[30.227s] [ 75%] [32m[1mLinking CXX executable talker[0m
[30.574s] [ 75%] Built target talker
[32.546s] [100%] [32m[1mLinking CXX executable listener[0m
[32.890s] [100%] Built target listener
[32.896s] Invoked command in '/home/ininjame/ros2_projs/ros2_ws/build/cpp_pubsub' returned '0': CMAKE_PREFIX_PATH=/opt/ros/humble /usr/bin/cmake --build /home/ininjame/ros2_projs/ros2_ws/build/cpp_pubsub -- -j16 -l16
[32.914s] Invoking command in '/home/ininjame/ros2_projs/ros2_ws/build/cpp_pubsub': CMAKE_PREFIX_PATH=/opt/ros/humble /usr/bin/cmake --install /home/ininjame/ros2_projs/ros2_ws/build/cpp_pubsub
[32.917s] -- Install configuration: ""
[32.917s] -- Installing: /home/ininjame/ros2_projs/ros2_ws/install/cpp_pubsub/lib/cpp_pubsub/talker
[32.918s] -- Set runtime path of "/home/ininjame/ros2_projs/ros2_ws/install/cpp_pubsub/lib/cpp_pubsub/talker" to ""
[32.918s] -- Installing: /home/ininjame/ros2_projs/ros2_ws/install/cpp_pubsub/lib/cpp_pubsub/listener
[32.919s] -- Set runtime path of "/home/ininjame/ros2_projs/ros2_ws/install/cpp_pubsub/lib/cpp_pubsub/listener" to ""
[32.920s] -- Installing: /home/ininjame/ros2_projs/ros2_ws/install/cpp_pubsub/share/ament_index/resource_index/package_run_dependencies/cpp_pubsub
[32.920s] -- Installing: /home/ininjame/ros2_projs/ros2_ws/install/cpp_pubsub/share/ament_index/resource_index/parent_prefix_path/cpp_pubsub
[32.920s] -- Installing: /home/ininjame/ros2_projs/ros2_ws/install/cpp_pubsub/share/cpp_pubsub/environment/ament_prefix_path.sh
[32.920s] -- Installing: /home/ininjame/ros2_projs/ros2_ws/install/cpp_pubsub/share/cpp_pubsub/environment/ament_prefix_path.dsv
[32.920s] -- Installing: /home/ininjame/ros2_projs/ros2_ws/install/cpp_pubsub/share/cpp_pubsub/environment/path.sh
[32.920s] -- Installing: /home/ininjame/ros2_projs/ros2_ws/install/cpp_pubsub/share/cpp_pubsub/environment/path.dsv
[32.920s] -- Installing: /home/ininjame/ros2_projs/ros2_ws/install/cpp_pubsub/share/cpp_pubsub/local_setup.bash
[32.920s] -- Installing: /home/ininjame/ros2_projs/ros2_ws/install/cpp_pubsub/share/cpp_pubsub/local_setup.sh
[32.920s] -- Installing: /home/ininjame/ros2_projs/ros2_ws/install/cpp_pubsub/share/cpp_pubsub/local_setup.zsh
[32.920s] -- Installing: /home/ininjame/ros2_projs/ros2_ws/install/cpp_pubsub/share/cpp_pubsub/local_setup.dsv
[32.920s] -- Installing: /home/ininjame/ros2_projs/ros2_ws/install/cpp_pubsub/share/cpp_pubsub/package.dsv
[32.921s] -- Installing: /home/ininjame/ros2_projs/ros2_ws/install/cpp_pubsub/share/ament_index/resource_index/packages/cpp_pubsub
[32.921s] -- Installing: /home/ininjame/ros2_projs/ros2_ws/install/cpp_pubsub/share/cpp_pubsub/cmake/cpp_pubsubConfig.cmake
[32.921s] -- Installing: /home/ininjame/ros2_projs/ros2_ws/install/cpp_pubsub/share/cpp_pubsub/cmake/cpp_pubsubConfig-version.cmake
[32.921s] -- Installing: /home/ininjame/ros2_projs/ros2_ws/install/cpp_pubsub/share/cpp_pubsub/package.xml
[32.922s] Invoked command in '/home/ininjame/ros2_projs/ros2_ws/build/cpp_pubsub' returned '0': CMAKE_PREFIX_PATH=/opt/ros/humble /usr/bin/cmake --install /home/ininjame/ros2_projs/ros2_ws/build/cpp_pubsub
