[0.012s] Invoking command in '/home/ininjame/ros2_projs/ros2_ws/build/cpp_srvccli': CMAKE_PREFIX_PATH=${CMAKE_PREFIX_PATH}:/home/ininjame/ros2_projs/ros2_ws/install/py_pubsub:/opt/ros/humble /usr/bin/cmake /home/ininjame/ros2_projs/ros2_ws/src/cpp_srvccli -DCMAKE_INSTALL_PREFIX=/home/ininjame/ros2_projs/ros2_ws/install/cpp_srvccli
[0.308s] -- The C compiler identification is GNU 11.4.0
[1.081s] -- The CXX compiler identification is GNU 11.4.0
[1.530s] -- Detecting C compiler ABI info
[1.728s] -- Detecting C compiler ABI info - done
[1.732s] -- Check for working C compiler: /usr/bin/cc - skipped
[1.738s] -- Detecting C compile features
[1.739s] -- Detecting C compile features - done
[1.741s] -- Detecting CXX compiler ABI info
[1.889s] -- Detecting CXX compiler ABI info - done
[1.893s] -- Check for working CXX compiler: /usr/bin/c++ - skipped
[1.893s] -- Detecting CXX compile features
[1.894s] -- Detecting CXX compile features - done
[1.907s] -- Found ament_cmake: 1.3.10 (/opt/ros/humble/share/ament_cmake/cmake)
[2.013s] -- Found Python3: /usr/bin/python3 (found version "3.10.12") found components: Interpreter 
[2.089s] -- Found rclcpp: 16.0.10 (/opt/ros/humble/share/rclcpp/cmake)
[2.307s] -- Found rosidl_generator_c: 3.1.5 (/opt/ros/humble/share/rosidl_generator_c/cmake)
[2.313s] -- Found rosidl_adapter: 3.1.5 (/opt/ros/humble/share/rosidl_adapter/cmake)
[2.322s] -- Found rosidl_generator_cpp: 3.1.5 (/opt/ros/humble/share/rosidl_generator_cpp/cmake)
[2.336s] -- Using all available rosidl_typesupport_c: rosidl_typesupport_fastrtps_c;rosidl_typesupport_introspection_c
[2.354s] -- Using all available rosidl_typesupport_cpp: rosidl_typesupport_fastrtps_cpp;rosidl_typesupport_introspection_cpp
[2.401s] -- Found rmw_implementation_cmake: 6.1.2 (/opt/ros/humble/share/rmw_implementation_cmake/cmake)
[2.404s] -- Found rmw_fastrtps_cpp: 6.2.7 (/opt/ros/humble/share/rmw_fastrtps_cpp/cmake)
[4.633s] -- Found OpenSSL: /usr/lib/x86_64-linux-gnu/libcrypto.so (found version "3.0.2")  
[7.013s] -- Found FastRTPS: /opt/ros/humble/include  
[10.821s] -- Using RMW implementation 'rmw_fastrtps_cpp' as default
[10.837s] -- Looking for pthread.h
[11.037s] -- Looking for pthread.h - found
[11.037s] -- Performing Test CMAKE_HAVE_LIBC_PTHREAD
[11.206s] -- Performing Test CMAKE_HAVE_LIBC_PTHREAD - Success
[11.207s] -- Found Threads: TRUE  
[11.266s] -- Found example_interfaces: 0.9.3 (/opt/ros/humble/share/example_interfaces/cmake)
[11.312s] -- Found ament_lint_auto: 0.12.11 (/opt/ros/humble/share/ament_lint_auto/cmake)
[11.382s] -- Added test 'cppcheck' to perform static code analysis on C / C++ code
[11.382s] -- Configured cppcheck include dirs: 
[11.382s] -- Configured cppcheck exclude dirs and/or files: 
[11.383s] -- Added test 'lint_cmake' to check CMake code style
[11.384s] -- Added test 'uncrustify' to check C / C++ code style
[11.384s] -- Configured uncrustify additional arguments: 
[11.384s] -- Added test 'xmllint' to check XML markup files
[11.386s] -- Configuring done
[11.397s] -- Generating done
[11.398s] -- Build files have been written to: /home/ininjame/ros2_projs/ros2_ws/build/cpp_srvccli
[11.405s] Invoked command in '/home/ininjame/ros2_projs/ros2_ws/build/cpp_srvccli' returned '0': CMAKE_PREFIX_PATH=${CMAKE_PREFIX_PATH}:/home/ininjame/ros2_projs/ros2_ws/install/py_pubsub:/opt/ros/humble /usr/bin/cmake /home/ininjame/ros2_projs/ros2_ws/src/cpp_srvccli -DCMAKE_INSTALL_PREFIX=/home/ininjame/ros2_projs/ros2_ws/install/cpp_srvccli
[11.406s] Invoking command in '/home/ininjame/ros2_projs/ros2_ws/build/cpp_srvccli': CMAKE_PREFIX_PATH=${CMAKE_PREFIX_PATH}:/home/ininjame/ros2_projs/ros2_ws/install/py_pubsub:/opt/ros/humble /usr/bin/cmake --build /home/ininjame/ros2_projs/ros2_ws/build/cpp_srvccli -- -j16 -l16
[11.435s] [ 25%] [32mBuilding CXX object CMakeFiles/client.dir/src/add_two_ints_client.cpp.o[0m
[11.436s] [ 50%] [32mBuilding CXX object CMakeFiles/server.dir/src/add_two_ints_server.cpp.o[0m
[13.974s] [ 75%] [32m[1mLinking CXX executable server[0m
[14.069s] [100%] [32m[1mLinking CXX executable client[0m
[14.193s] [100%] Built target server
[14.271s] [100%] Built target client
[14.279s] Invoked command in '/home/ininjame/ros2_projs/ros2_ws/build/cpp_srvccli' returned '0': CMAKE_PREFIX_PATH=${CMAKE_PREFIX_PATH}:/home/ininjame/ros2_projs/ros2_ws/install/py_pubsub:/opt/ros/humble /usr/bin/cmake --build /home/ininjame/ros2_projs/ros2_ws/build/cpp_srvccli -- -j16 -l16
[14.299s] Invoking command in '/home/ininjame/ros2_projs/ros2_ws/build/cpp_srvccli': CMAKE_PREFIX_PATH=${CMAKE_PREFIX_PATH}:/home/ininjame/ros2_projs/ros2_ws/install/py_pubsub:/opt/ros/humble /usr/bin/cmake --install /home/ininjame/ros2_projs/ros2_ws/build/cpp_srvccli
[14.302s] -- Install configuration: ""
[14.302s] -- Installing: /home/ininjame/ros2_projs/ros2_ws/install/cpp_srvccli/lib/cpp_srvccli/server
[14.303s] -- Set runtime path of "/home/ininjame/ros2_projs/ros2_ws/install/cpp_srvccli/lib/cpp_srvccli/server" to ""
[14.303s] -- Installing: /home/ininjame/ros2_projs/ros2_ws/install/cpp_srvccli/lib/cpp_srvccli/client
[14.303s] -- Set runtime path of "/home/ininjame/ros2_projs/ros2_ws/install/cpp_srvccli/lib/cpp_srvccli/client" to ""
[14.303s] -- Installing: /home/ininjame/ros2_projs/ros2_ws/install/cpp_srvccli/share/ament_index/resource_index/package_run_dependencies/cpp_srvccli
[14.303s] -- Installing: /home/ininjame/ros2_projs/ros2_ws/install/cpp_srvccli/share/ament_index/resource_index/parent_prefix_path/cpp_srvccli
[14.304s] -- Installing: /home/ininjame/ros2_projs/ros2_ws/install/cpp_srvccli/share/cpp_srvccli/environment/ament_prefix_path.sh
[14.304s] -- Installing: /home/ininjame/ros2_projs/ros2_ws/install/cpp_srvccli/share/cpp_srvccli/environment/ament_prefix_path.dsv
[14.304s] -- Installing: /home/ininjame/ros2_projs/ros2_ws/install/cpp_srvccli/share/cpp_srvccli/environment/path.sh
[14.304s] -- Installing: /home/ininjame/ros2_projs/ros2_ws/install/cpp_srvccli/share/cpp_srvccli/environment/path.dsv
[14.304s] -- Installing: /home/ininjame/ros2_projs/ros2_ws/install/cpp_srvccli/share/cpp_srvccli/local_setup.bash
[14.305s] -- Installing: /home/ininjame/ros2_projs/ros2_ws/install/cpp_srvccli/share/cpp_srvccli/local_setup.sh
[14.305s] -- Installing: /home/ininjame/ros2_projs/ros2_ws/install/cpp_srvccli/share/cpp_srvccli/local_setup.zsh
[14.305s] -- Installing: /home/ininjame/ros2_projs/ros2_ws/install/cpp_srvccli/share/cpp_srvccli/local_setup.dsv
[14.305s] -- Installing: /home/ininjame/ros2_projs/ros2_ws/install/cpp_srvccli/share/cpp_srvccli/package.dsv
[14.305s] -- Installing: /home/ininjame/ros2_projs/ros2_ws/install/cpp_srvccli/share/ament_index/resource_index/packages/cpp_srvccli
[14.305s] -- Installing: /home/ininjame/ros2_projs/ros2_ws/install/cpp_srvccli/share/cpp_srvccli/cmake/cpp_srvccliConfig.cmake
[14.305s] -- Installing: /home/ininjame/ros2_projs/ros2_ws/install/cpp_srvccli/share/cpp_srvccli/cmake/cpp_srvccliConfig-version.cmake
[14.305s] -- Installing: /home/ininjame/ros2_projs/ros2_ws/install/cpp_srvccli/share/cpp_srvccli/package.xml
[14.307s] Invoked command in '/home/ininjame/ros2_projs/ros2_ws/build/cpp_srvccli' returned '0': CMAKE_PREFIX_PATH=${CMAKE_PREFIX_PATH}:/home/ininjame/ros2_projs/ros2_ws/install/py_pubsub:/opt/ros/humble /usr/bin/cmake --install /home/ininjame/ros2_projs/ros2_ws/build/cpp_srvccli
