[0.008s] Invoking command in '/home/ininjame/ros2_projs/ros2_ws/build/polygon_base': CMAKE_PREFIX_PATH=${CMAKE_PREFIX_PATH}:/home/ininjame/ros2_projs/ros2_ws/install/py_pubsub:/opt/ros/humble /usr/bin/cmake --build /home/ininjame/ros2_projs/ros2_ws/build/polygon_base -- -j16 -l16
[0.028s] [35m[1mConsolidate compiler generated dependencies of target area_node[0m
[0.036s] [100%] Built target area_node
[0.043s] Invoked command in '/home/ininjame/ros2_projs/ros2_ws/build/polygon_base' returned '0': CMAKE_PREFIX_PATH=${CMAKE_PREFIX_PATH}:/home/ininjame/ros2_projs/ros2_ws/install/py_pubsub:/opt/ros/humble /usr/bin/cmake --build /home/ininjame/ros2_projs/ros2_ws/build/polygon_base -- -j16 -l16
[0.065s] Invoking command in '/home/ininjame/ros2_projs/ros2_ws/build/polygon_base': CMAKE_PREFIX_PATH=${CMAKE_PREFIX_PATH}:/home/ininjame/ros2_projs/ros2_ws/install/py_pubsub:/opt/ros/humble /usr/bin/cmake --install /home/ininjame/ros2_projs/ros2_ws/build/polygon_base
[0.069s] -- Install configuration: ""
[0.069s] -- Up-to-date: /home/ininjame/ros2_projs/ros2_ws/install/polygon_base/include
[0.069s] -- Up-to-date: /home/ininjame/ros2_projs/ros2_ws/install/polygon_base/include/polygon_base
[0.069s] -- Up-to-date: /home/ininjame/ros2_projs/ros2_ws/install/polygon_base/include/polygon_base/regular_polygon.hpp
[0.070s] -- Up-to-date: /home/ininjame/ros2_projs/ros2_ws/install/polygon_base/lib/polygon_base/area_node
[0.070s] -- Up-to-date: /home/ininjame/ros2_projs/ros2_ws/install/polygon_base/share/ament_index/resource_index/package_run_dependencies/polygon_base
[0.070s] -- Up-to-date: /home/ininjame/ros2_projs/ros2_ws/install/polygon_base/share/ament_index/resource_index/parent_prefix_path/polygon_base
[0.070s] -- Up-to-date: /home/ininjame/ros2_projs/ros2_ws/install/polygon_base/share/polygon_base/environment/ament_prefix_path.sh
[0.070s] -- Up-to-date: /home/ininjame/ros2_projs/ros2_ws/install/polygon_base/share/polygon_base/environment/ament_prefix_path.dsv
[0.070s] -- Up-to-date: /home/ininjame/ros2_projs/ros2_ws/install/polygon_base/share/polygon_base/environment/path.sh
[0.070s] -- Up-to-date: /home/ininjame/ros2_projs/ros2_ws/install/polygon_base/share/polygon_base/environment/path.dsv
[0.070s] -- Up-to-date: /home/ininjame/ros2_projs/ros2_ws/install/polygon_base/share/polygon_base/local_setup.bash
[0.070s] -- Up-to-date: /home/ininjame/ros2_projs/ros2_ws/install/polygon_base/share/polygon_base/local_setup.sh
[0.070s] -- Up-to-date: /home/ininjame/ros2_projs/ros2_ws/install/polygon_base/share/polygon_base/local_setup.zsh
[0.070s] -- Up-to-date: /home/ininjame/ros2_projs/ros2_ws/install/polygon_base/share/polygon_base/local_setup.dsv
[0.070s] -- Installing: /home/ininjame/ros2_projs/ros2_ws/install/polygon_base/share/polygon_base/package.dsv
[0.070s] -- Up-to-date: /home/ininjame/ros2_projs/ros2_ws/install/polygon_base/share/ament_index/resource_index/packages/polygon_base
[0.070s] -- Up-to-date: /home/ininjame/ros2_projs/ros2_ws/install/polygon_base/share/polygon_base/cmake/ament_cmake_export_include_directories-extras.cmake
[0.070s] -- Up-to-date: /home/ininjame/ros2_projs/ros2_ws/install/polygon_base/share/polygon_base/cmake/polygon_baseConfig.cmake
[0.071s] -- Up-to-date: /home/ininjame/ros2_projs/ros2_ws/install/polygon_base/share/polygon_base/cmake/polygon_baseConfig-version.cmake
[0.071s] -- Up-to-date: /home/ininjame/ros2_projs/ros2_ws/install/polygon_base/share/polygon_base/package.xml
[0.072s] Invoked command in '/home/ininjame/ros2_projs/ros2_ws/build/polygon_base' returned '0': CMAKE_PREFIX_PATH=${CMAKE_PREFIX_PATH}:/home/ininjame/ros2_projs/ros2_ws/install/py_pubsub:/opt/ros/humble /usr/bin/cmake --install /home/ininjame/ros2_projs/ros2_ws/build/polygon_base
