[0.190s] Invoking command in '/home/ininjame/ros2_projs/ros2_ws/build/cpp_pubsub': CMAKE_PREFIX_PATH=${CMAKE_PREFIX_PATH}:/home/ininjame/ros2_projs/ros2_ws/install/py_pubsub:/opt/ros/humble /usr/bin/cmake --build /home/ininjame/ros2_projs/ros2_ws/build/cpp_pubsub -- -j16 -l16
[0.309s] [35m[1mConsolidate compiler generated dependencies of target listener[0m
[0.309s] [35m[1mConsolidate compiler generated dependencies of target talker[0m
[0.327s] [ 50%] [32mBuilding CXX object CMakeFiles/listener.dir/src/subscriber_member_function.cpp.o[0m
[0.327s] [ 50%] [32mBuilding CXX object CMakeFiles/talker.dir/src/publisher_member_function.cpp.o[0m
[3.780s] [ 75%] [32m[1mLinking CXX executable talker[0m
[4.115s] [ 75%] Built target talker
[6.338s] [100%] [32m[1mLinking CXX executable listener[0m
[6.718s] [100%] Built target listener
[6.728s] Invoked command in '/home/ininjame/ros2_projs/ros2_ws/build/cpp_pubsub' returned '0': CMAKE_PREFIX_PATH=${CMAKE_PREFIX_PATH}:/home/ininjame/ros2_projs/ros2_ws/install/py_pubsub:/opt/ros/humble /usr/bin/cmake --build /home/ininjame/ros2_projs/ros2_ws/build/cpp_pubsub -- -j16 -l16
[6.752s] Invoking command in '/home/ininjame/ros2_projs/ros2_ws/build/cpp_pubsub': CMAKE_PREFIX_PATH=${CMAKE_PREFIX_PATH}:/home/ininjame/ros2_projs/ros2_ws/install/py_pubsub:/opt/ros/humble /usr/bin/cmake --install /home/ininjame/ros2_projs/ros2_ws/build/cpp_pubsub
[6.756s] -- Install configuration: ""
[6.758s] -- Installing: /home/ininjame/ros2_projs/ros2_ws/install/cpp_pubsub/lib/cpp_pubsub/talker
[6.759s] -- Set runtime path of "/home/ininjame/ros2_projs/ros2_ws/install/cpp_pubsub/lib/cpp_pubsub/talker" to ""
[6.759s] -- Installing: /home/ininjame/ros2_projs/ros2_ws/install/cpp_pubsub/lib/cpp_pubsub/listener
[6.762s] -- Set runtime path of "/home/ininjame/ros2_projs/ros2_ws/install/cpp_pubsub/lib/cpp_pubsub/listener" to ""
[6.762s] -- Installing: /home/ininjame/ros2_projs/ros2_ws/install/cpp_pubsub/share/ament_index/resource_index/package_run_dependencies/cpp_pubsub
[6.762s] -- Installing: /home/ininjame/ros2_projs/ros2_ws/install/cpp_pubsub/share/ament_index/resource_index/parent_prefix_path/cpp_pubsub
[6.762s] -- Up-to-date: /home/ininjame/ros2_projs/ros2_ws/install/cpp_pubsub/share/cpp_pubsub/environment/ament_prefix_path.sh
[6.762s] -- Installing: /home/ininjame/ros2_projs/ros2_ws/install/cpp_pubsub/share/cpp_pubsub/environment/ament_prefix_path.dsv
[6.763s] -- Up-to-date: /home/ininjame/ros2_projs/ros2_ws/install/cpp_pubsub/share/cpp_pubsub/environment/path.sh
[6.763s] -- Installing: /home/ininjame/ros2_projs/ros2_ws/install/cpp_pubsub/share/cpp_pubsub/environment/path.dsv
[6.763s] -- Up-to-date: /home/ininjame/ros2_projs/ros2_ws/install/cpp_pubsub/share/cpp_pubsub/local_setup.bash
[6.763s] -- Up-to-date: /home/ininjame/ros2_projs/ros2_ws/install/cpp_pubsub/share/cpp_pubsub/local_setup.sh
[6.763s] -- Up-to-date: /home/ininjame/ros2_projs/ros2_ws/install/cpp_pubsub/share/cpp_pubsub/local_setup.zsh
[6.763s] -- Installing: /home/ininjame/ros2_projs/ros2_ws/install/cpp_pubsub/share/cpp_pubsub/local_setup.dsv
[6.763s] -- Installing: /home/ininjame/ros2_projs/ros2_ws/install/cpp_pubsub/share/cpp_pubsub/package.dsv
[6.764s] -- Up-to-date: /home/ininjame/ros2_projs/ros2_ws/install/cpp_pubsub/share/ament_index/resource_index/packages/cpp_pubsub
[6.764s] -- Up-to-date: /home/ininjame/ros2_projs/ros2_ws/install/cpp_pubsub/share/cpp_pubsub/cmake/cpp_pubsubConfig.cmake
[6.764s] -- Up-to-date: /home/ininjame/ros2_projs/ros2_ws/install/cpp_pubsub/share/cpp_pubsub/cmake/cpp_pubsubConfig-version.cmake
[6.764s] -- Installing: /home/ininjame/ros2_projs/ros2_ws/install/cpp_pubsub/share/cpp_pubsub/package.xml
[6.765s] Invoked command in '/home/ininjame/ros2_projs/ros2_ws/build/cpp_pubsub' returned '0': CMAKE_PREFIX_PATH=${CMAKE_PREFIX_PATH}:/home/ininjame/ros2_projs/ros2_ws/install/py_pubsub:/opt/ros/humble /usr/bin/cmake --install /home/ininjame/ros2_projs/ros2_ws/build/cpp_pubsub
